42892
Traceback (most recent call last):
  File "/Users/viwang/Documents/imperial/projectg/setup/bench/bench.py", line 22, in <module>
    f = open(f"results/{sys.argv[2]}", "w")
FileNotFoundError: [Errno 2] No such file or directory: 'results/test'
42892
Name: Python
CPU%: 0.3
MEM%: 0.20809173583984375
<bound method Process.memory_info of psutil.Process(pid=42892, name='Python', status='running', started='12:06:19')>
Name: Python
CPU%: 0.0
MEM%: 0.20809173583984375
<bound method Process.memory_info of psutil.Process(pid=42892, name='Python', status='running', started='12:06:19')>
Name: Python
CPU%: 0.0
MEM%: 0.20809173583984375
<bound method Process.memory_info of psutil.Process(pid=42892, name='Python', status='running', started='12:06:19')>
Name: Python
CPU%: 0.0
MEM%: 0.20809173583984375
<bound method Process.memory_info of psutil.Process(pid=42892, name='Python', status='running', started='12:06:19')>
Name: Python
CPU%: 0.0
MEM%: 0.20809173583984375
<bound method Process.memory_info of psutil.Process(pid=42892, name='Python', status='running', started='12:06:19')>
Name: Python
CPU%: 0.0
MEM%: 0.20809173583984375
<bound method Process.memory_info of psutil.Process(pid=42892, name='Python', status='running', started='12:06:19')>
Name: Python
CPU%: 0.0
MEM%: 0.20809173583984375
<bound method Process.memory_info of psutil.Process(pid=42892, name='Python', status='running', started='12:06:19')>
Name: Python
CPU%: 81.9
MEM%: 0.20818710327148438
<bound method Process.memory_info of psutil.Process(pid=42892, name='Python', status='running', started='12:06:19')>
Name: Python
CPU%: 0.0
MEM%: 0.20809173583984375
<bound method Process.memory_info of psutil.Process(pid=42892, name='Python', status='running', started='12:06:19')>
Name: Python
CPU%: 57.9
MEM%: 0.20809173583984375
<bound method Process.memory_info of psutil.Process(pid=42892, name='Python', status='running', started='12:06:19')>
Name: Python
CPU%: 73.1
MEM%: 0.20885467529296875
<bound method Process.memory_info of psutil.Process(pid=42892, name='Python', status='running', started='12:06:19')>
Name: Python
CPU%: 0.0
MEM%: 0.20847320556640625
<bound method Process.memory_info of psutil.Process(pid=42892, name='Python', status='running', started='12:06:19')>
Name: Python
CPU%: 0.0
MEM%: 0.20847320556640625
<bound method Process.memory_info of psutil.Process(pid=42892, name='Python', status='running', started='12:06:19')>
Name: Python
CPU%: 0.0
MEM%: 0.20847320556640625
<bound method Process.memory_info of psutil.Process(pid=42892, name='Python', status='running', started='12:06:19')>
Name: Python
CPU%: 0.0
MEM%: 0.20847320556640625
<bound method Process.memory_info of psutil.Process(pid=42892, name='Python', status='running', started='12:06:19')>
Name: Python
CPU%: 0.0
MEM%: 0.20847320556640625
<bound method Process.memory_info of psutil.Process(pid=42892, name='Python', status='running', started='12:06:19')>
Name: Python
CPU%: 0.0
MEM%: 0.20847320556640625
<bound method Process.memory_info of psutil.Process(pid=42892, name='Python', status='running', started='12:06:19')>
Name: Python
CPU%: 0.0
MEM%: 0.20847320556640625
<bound method Process.memory_info of psutil.Process(pid=42892, name='Python', status='running', started='12:06:19')>
Name: Python
CPU%: 0.0
MEM%: 0.20847320556640625
<bound method Process.memory_info of psutil.Process(pid=42892, name='Python', status='running', started='12:06:19')>
Name: Python
CPU%: 0.0
MEM%: 0.20847320556640625
<bound method Process.memory_info of psutil.Process(pid=42892, name='Python', status='running', started='12:06:19')>
Name: Python
CPU%: 0.0
MEM%: 0.20847320556640625
<bound method Process.memory_info of psutil.Process(pid=42892, name='Python', status='running', started='12:06:19')>
Name: Python
CPU%: 0.0
MEM%: 0.20847320556640625
<bound method Process.memory_info of psutil.Process(pid=42892, name='Python', status='running', started='12:06:19')>
Name: Python
CPU%: 0.0
MEM%: 0.20847320556640625
<bound method Process.memory_info of psutil.Process(pid=42892, name='Python', status='running', started='12:06:19')>
Name: Python
CPU%: 0.0
MEM%: 0.20847320556640625
<bound method Process.memory_info of psutil.Process(pid=42892, name='Python', status='running', started='12:06:19')>
Name: Python
CPU%: 0.0
MEM%: 0.2086639404296875
<bound method Process.memory_info of psutil.Process(pid=42892, name='Python', status='running', started='12:06:19')>
Name: Python
CPU%: 54.8
MEM%: 0.20904541015625
<bound method Process.memory_info of psutil.Process(pid=42892, name='Python', status='running', started='12:06:19')>
Name: Python
CPU%: 78.1
MEM%: 0.20875930786132812
<bound method Process.memory_info of psutil.Process(pid=42892, name='Python', status='running', started='12:06:19')>
Name: Python
CPU%: 0.0
MEM%: 0.2086639404296875
<bound method Process.memory_info of psutil.Process(pid=42892, name='Python', status='running', started='12:06:19')>
Name: Python
CPU%: 0.0
MEM%: 0.2086639404296875
<bound method Process.memory_info of psutil.Process(pid=42892, name='Python', status='running', started='12:06:19')>
Name: Python
CPU%: 0.0
MEM%: 0.2086639404296875
<bound method Process.memory_info of psutil.Process(pid=42892, name='Python', status='running', started='12:06:19')>
42892
hehe
Name: Python
CPU%: 51.8
MEM%: 0.20847320556640625
<bound method Process.memory_info of psutil.Process(pid=42892, name='Python', status='running', started='12:06:19')>
hehe
Name: Python
CPU%: 73.7
MEM%: 0.2086639404296875
<bound method Process.memory_info of psutil.Process(pid=42892, name='Python', status='running', started='12:06:19')>
hehe
Name: Python
CPU%: 0.0
MEM%: 0.2086639404296875
<bound method Process.memory_info of psutil.Process(pid=42892, name='Python', status='running', started='12:06:19')>
hehe
Name: Python
CPU%: 59.7
MEM%: 0.20885467529296875
<bound method Process.memory_info of psutil.Process(pid=42892, name='Python', status='running', started='12:06:19')>
hehe
Name: Python
CPU%: 78.8
MEM%: 0.20875930786132812
<bound method Process.memory_info of psutil.Process(pid=42892, name='Python', status='running', started='12:06:19')>
hehe
Name: Python
CPU%: 0.0
MEM%: 0.2086639404296875
<bound method Process.memory_info of psutil.Process(pid=42892, name='Python', status='running', started='12:06:19')>
hehe
Name: Python
CPU%: 0.0
MEM%: 0.2086639404296875
<bound method Process.memory_info of psutil.Process(pid=42892, name='Python', status='running', started='12:06:19')>
hehe
Name: Python
CPU%: 0.0
MEM%: 0.2086639404296875
<bound method Process.memory_info of psutil.Process(pid=42892, name='Python', status='running', started='12:06:19')>
hehe
Name: Python
CPU%: 0.0
MEM%: 0.2086639404296875
<bound method Process.memory_info of psutil.Process(pid=42892, name='Python', status='running', started='12:06:19')>
hehe
Name: Python
CPU%: 0.0
MEM%: 0.2086639404296875
<bound method Process.memory_info of psutil.Process(pid=42892, name='Python', status='running', started='12:06:19')>
hehe
Name: Python
CPU%: 0.0
MEM%: 0.2086639404296875
<bound method Process.memory_info of psutil.Process(pid=42892, name='Python', status='running', started='12:06:19')>
hehe
Name: Python
CPU%: 0.0
MEM%: 0.2086639404296875
<bound method Process.memory_info of psutil.Process(pid=42892, name='Python', status='running', started='12:06:19')>
hehe
Name: Python
CPU%: 0.0
MEM%: 0.2086639404296875
<bound method Process.memory_info of psutil.Process(pid=42892, name='Python', status='running', started='12:06:19')>
hehe
Name: Python
CPU%: 0.0
MEM%: 0.2086639404296875
<bound method Process.memory_info of psutil.Process(pid=42892, name='Python', status='running', started='12:06:19')>
hehe
Name: Python
CPU%: 0.0
MEM%: 0.2086639404296875
<bound method Process.memory_info of psutil.Process(pid=42892, name='Python', status='running', started='12:06:19')>
hehe
Name: Python
CPU%: 0.0
MEM%: 0.2086639404296875
<bound method Process.memory_info of psutil.Process(pid=42892, name='Python', status='running', started='12:06:19')>
hehe
Name: Python
CPU%: 0.0
MEM%: 0.2086639404296875
<bound method Process.memory_info of psutil.Process(pid=42892, name='Python', status='running', started='12:06:19')>
hehe
Name: Python
CPU%: 0.0
MEM%: 0.2086639404296875
<bound method Process.memory_info of psutil.Process(pid=42892, name='Python', status='running', started='12:06:19')>
hehe
Name: Python
CPU%: 0.0
MEM%: 0.2086639404296875
<bound method Process.memory_info of psutil.Process(pid=42892, name='Python', status='running', started='12:06:19')>
hehe
Name: Python
CPU%: 0.0
MEM%: 0.2086639404296875
<bound method Process.memory_info of psutil.Process(pid=42892, name='Python', status='running', started='12:06:19')>
hehe
Name: Python
CPU%: 0.0
MEM%: 0.2086639404296875
<bound method Process.memory_info of psutil.Process(pid=42892, name='Python', status='running', started='12:06:19')>
hehe
Name: Python
CPU%: 0.0
MEM%: 0.2086639404296875
<bound method Process.memory_info of psutil.Process(pid=42892, name='Python', status='running', started='12:06:19')>
hehe
Name: Python
CPU%: 0.0
MEM%: 0.2086639404296875
<bound method Process.memory_info of psutil.Process(pid=42892, name='Python', status='running', started='12:06:19')>
hehe
Name: Python
CPU%: 0.0
MEM%: 0.2086639404296875
<bound method Process.memory_info of psutil.Process(pid=42892, name='Python', status='running', started='12:06:19')>
hehe
Name: Python
CPU%: 0.0
MEM%: 0.2086639404296875
<bound method Process.memory_info of psutil.Process(pid=42892, name='Python', status='running', started='12:06:19')>
hehe
Name: Python
CPU%: 0.0
MEM%: 0.2086639404296875
<bound method Process.memory_info of psutil.Process(pid=42892, name='Python', status='running', started='12:06:19')>
hehe
Name: Python
CPU%: 0.0
MEM%: 0.2086639404296875
<bound method Process.memory_info of psutil.Process(pid=42892, name='Python', status='running', started='12:06:19')>
hehe
Name: Python
CPU%: 0.0
MEM%: 0.2086639404296875
<bound method Process.memory_info of psutil.Process(pid=42892, name='Python', status='running', started='12:06:19')>
hehe
Name: Python
CPU%: 0.0
MEM%: 0.2086639404296875
<bound method Process.memory_info of psutil.Process(pid=42892, name='Python', status='running', started='12:06:19')>
hehe
Name: Python
CPU%: 0.0
MEM%: 0.2086639404296875
<bound method Process.memory_info of psutil.Process(pid=42892, name='Python', status='running', started='12:06:19')>
hehe
Name: Python
CPU%: 0.0
MEM%: 0.2086639404296875
<bound method Process.memory_info of psutil.Process(pid=42892, name='Python', status='running', started='12:06:19')>
43154
hehe
Name: node
CPU%: 20.1
MEM%: 1.428985595703125
<bound method Process.memory_info of psutil.Process(pid=43154, name='node', status='running', started='12:29:46')>
hehe
Name: node
CPU%: 37.9
MEM%: 1.6229629516601562
<bound method Process.memory_info of psutil.Process(pid=43154, name='node', status='running', started='12:29:46')>
hehe
Name: node
CPU%: 36.2
MEM%: 1.7124176025390625
<bound method Process.memory_info of psutil.Process(pid=43154, name='node', status='running', started='12:29:46')>
hehe
Name: node
CPU%: 30.1
MEM%: 1.6871452331542969
<bound method Process.memory_info of psutil.Process(pid=43154, name='node', status='running', started='12:29:46')>
hehe
Name: node
CPU%: 25.9
MEM%: 1.6901016235351562
<bound method Process.memory_info of psutil.Process(pid=43154, name='node', status='running', started='12:29:46')>
hehe
Name: node
CPU%: 31.5
MEM%: 1.7706871032714844
<bound method Process.memory_info of psutil.Process(pid=43154, name='node', status='running', started='12:29:46')>
hehe
Name: node
CPU%: 31.7
MEM%: 1.7085075378417969
<bound method Process.memory_info of psutil.Process(pid=43154, name='node', status='running', started='12:29:46')>
hehe
Name: node
CPU%: 23.7
MEM%: 1.7339706420898438
<bound method Process.memory_info of psutil.Process(pid=43154, name='node', status='running', started='12:29:46')>
hehe
Name: node
CPU%: 22.2
MEM%: 1.8074989318847656
<bound method Process.memory_info of psutil.Process(pid=43154, name='node', status='running', started='12:29:46')>
hehe
Name: node
CPU%: 55.2
MEM%: 1.5766143798828125
<bound method Process.memory_info of psutil.Process(pid=43154, name='node', status='running', started='12:29:46')>
hehe
Name: node
CPU%: 23.7
MEM%: 1.4903068542480469
<bound method Process.memory_info of psutil.Process(pid=43154, name='node', status='running', started='12:29:46')>
hehe
Name: node
CPU%: 34.6
MEM%: 1.6102790832519531
<bound method Process.memory_info of psutil.Process(pid=43154, name='node', status='running', started='12:29:46')>
hehe
Name: node
CPU%: 23.8
MEM%: 1.6865730285644531
<bound method Process.memory_info of psutil.Process(pid=43154, name='node', status='running', started='12:29:46')>
hehe
Name: node
CPU%: 50.8
MEM%: 1.6543388366699219
<bound method Process.memory_info of psutil.Process(pid=43154, name='node', status='running', started='12:29:46')>
hehe
Name: node
CPU%: 17.2
MEM%: 1.6699790954589844
<bound method Process.memory_info of psutil.Process(pid=43154, name='node', status='running', started='12:29:46')>
hehe
Name: node
CPU%: 0.0
MEM%: 1.6713142395019531
<bound method Process.memory_info of psutil.Process(pid=43154, name='node', status='running', started='12:29:46')>
hehe
Name: node
CPU%: 0.0
MEM%: 1.6713142395019531
<bound method Process.memory_info of psutil.Process(pid=43154, name='node', status='running', started='12:29:46')>
hehe
Name: node
CPU%: 0.0
MEM%: 1.6736984252929688
<bound method Process.memory_info of psutil.Process(pid=43154, name='node', status='running', started='12:29:46')>
hehe
Name: node
CPU%: 0.0
MEM%: 1.6736984252929688
<bound method Process.memory_info of psutil.Process(pid=43154, name='node', status='running', started='12:29:46')>
hehe
Name: node
CPU%: 0.0
MEM%: 1.6737937927246094
<bound method Process.memory_info of psutil.Process(pid=43154, name='node', status='running', started='12:29:46')>
hehe
Name: node
CPU%: 0.0
MEM%: 1.6737937927246094
<bound method Process.memory_info of psutil.Process(pid=43154, name='node', status='running', started='12:29:46')>
hehe
Name: node
CPU%: 5.3
MEM%: 1.6940116882324219
<bound method Process.memory_info of psutil.Process(pid=43154, name='node', status='running', started='12:29:46')>
hehe
Name: node
CPU%: 0.0
MEM%: 1.6940116882324219
<bound method Process.memory_info of psutil.Process(pid=43154, name='node', status='running', started='12:29:46')>
hehe
Name: node
CPU%: 0.3
MEM%: 1.6942024230957031
<bound method Process.memory_info of psutil.Process(pid=43154, name='node', status='running', started='12:29:46')>
hehe
Name: node
CPU%: 0.0
MEM%: 1.6942024230957031
<bound method Process.memory_info of psutil.Process(pid=43154, name='node', status='running', started='12:29:46')>
hehe
Name: node
CPU%: 0.0
MEM%: 1.6942024230957031
<bound method Process.memory_info of psutil.Process(pid=43154, name='node', status='running', started='12:29:46')>
hehe
Name: node
CPU%: 0.0
MEM%: 1.6945838928222656
<bound method Process.memory_info of psutil.Process(pid=43154, name='node', status='running', started='12:29:46')>
hehe
Name: node
CPU%: 0.0
MEM%: 1.6945838928222656
<bound method Process.memory_info of psutil.Process(pid=43154, name='node', status='running', started='12:29:46')>
hehe
Name: node
CPU%: 0.0
MEM%: 1.6945838928222656
<bound method Process.memory_info of psutil.Process(pid=43154, name='node', status='running', started='12:29:46')>
hehe
Name: node
CPU%: 0.0
MEM%: 1.6945838928222656
<bound method Process.memory_info of psutil.Process(pid=43154, name='node', status='running', started='12:29:46')>
hehe
Name: node
CPU%: 2.3
MEM%: 1.6950607299804688
<bound method Process.memory_info of psutil.Process(pid=43154, name='node', status='running', started='12:29:46')>
42892
hehe
Name: Python
CPU%: 0.0
MEM%: 0.0583648681640625
<bound method Process.memory_info of psutil.Process(pid=42892, name='Python', status='running', started='12:06:19')>
hehe
Name: Python
CPU%: 0.0
MEM%: 0.0583648681640625
<bound method Process.memory_info of psutil.Process(pid=42892, name='Python', status='running', started='12:06:19')>
hehe
Name: Python
CPU%: 0.0
MEM%: 0.0583648681640625
<bound method Process.memory_info of psutil.Process(pid=42892, name='Python', status='running', started='12:06:19')>
hehe
Name: Python
CPU%: 0.0
MEM%: 0.0583648681640625
<bound method Process.memory_info of psutil.Process(pid=42892, name='Python', status='running', started='12:06:19')>
hehe
Name: Python
CPU%: 0.0
MEM%: 0.0583648681640625
<bound method Process.memory_info of psutil.Process(pid=42892, name='Python', status='running', started='12:06:19')>
hehe
Name: Python
CPU%: 0.0
MEM%: 0.0583648681640625
<bound method Process.memory_info of psutil.Process(pid=42892, name='Python', status='running', started='12:06:19')>
hehe
Name: Python
CPU%: 0.0
MEM%: 0.0583648681640625
<bound method Process.memory_info of psutil.Process(pid=42892, name='Python', status='running', started='12:06:19')>
hehe
Name: Python
CPU%: 0.0
MEM%: 0.0583648681640625
<bound method Process.memory_info of psutil.Process(pid=42892, name='Python', status='running', started='12:06:19')>
hehe
Name: Python
CPU%: 0.0
MEM%: 0.0583648681640625
<bound method Process.memory_info of psutil.Process(pid=42892, name='Python', status='running', started='12:06:19')>
hehe
Name: Python
CPU%: 0.0
MEM%: 0.0583648681640625
<bound method Process.memory_info of psutil.Process(pid=42892, name='Python', status='running', started='12:06:19')>
hehe
Name: Python
CPU%: 0.0
MEM%: 0.0583648681640625
<bound method Process.memory_info of psutil.Process(pid=42892, name='Python', status='running', started='12:06:19')>
hehe
Name: Python
CPU%: 0.0
MEM%: 0.0583648681640625
<bound method Process.memory_info of psutil.Process(pid=42892, name='Python', status='running', started='12:06:19')>
hehe
Name: Python
CPU%: 0.0
MEM%: 0.0583648681640625
<bound method Process.memory_info of psutil.Process(pid=42892, name='Python', status='running', started='12:06:19')>
hehe
Name: Python
CPU%: 0.0
MEM%: 0.0583648681640625
<bound method Process.memory_info of psutil.Process(pid=42892, name='Python', status='running', started='12:06:19')>
hehe
Name: Python
CPU%: 0.0
MEM%: 0.0583648681640625
<bound method Process.memory_info of psutil.Process(pid=42892, name='Python', status='running', started='12:06:19')>
hehe
Name: Python
CPU%: 0.0
MEM%: 0.0583648681640625
<bound method Process.memory_info of psutil.Process(pid=42892, name='Python', status='running', started='12:06:19')>
hehe
Name: Python
CPU%: 0.0
MEM%: 0.0583648681640625
<bound method Process.memory_info of psutil.Process(pid=42892, name='Python', status='running', started='12:06:19')>
hehe
Name: Python
CPU%: 0.0
MEM%: 0.0583648681640625
<bound method Process.memory_info of psutil.Process(pid=42892, name='Python', status='running', started='12:06:19')>
hehe
Name: Python
CPU%: 0.0
MEM%: 0.0583648681640625
<bound method Process.memory_info of psutil.Process(pid=42892, name='Python', status='running', started='12:06:19')>
hehe
Name: Python
CPU%: 0.0
MEM%: 0.0583648681640625
<bound method Process.memory_info of psutil.Process(pid=42892, name='Python', status='running', started='12:06:19')>
hehe
Name: Python
CPU%: 0.0
MEM%: 0.0583648681640625
<bound method Process.memory_info of psutil.Process(pid=42892, name='Python', status='running', started='12:06:19')>
hehe
Name: Python
CPU%: 0.0
MEM%: 0.0583648681640625
<bound method Process.memory_info of psutil.Process(pid=42892, name='Python', status='running', started='12:06:19')>
hehe
Name: Python
CPU%: 0.0
MEM%: 0.0583648681640625
<bound method Process.memory_info of psutil.Process(pid=42892, name='Python', status='running', started='12:06:19')>
hehe
Name: Python
CPU%: 0.0
MEM%: 0.0583648681640625
<bound method Process.memory_info of psutil.Process(pid=42892, name='Python', status='running', started='12:06:19')>
hehe
Name: Python
Traceback (most recent call last):
  File "/Users/viwang/Library/Python/3.10/lib/python/site-packages/psutil/_common.py", line 443, in wrapper
    ret = self._cache[fun]
AttributeError: 'Process' object has no attribute '_cache'

During handling of the above exception, another exception occurred:

Traceback (most recent call last):
  File "/Users/viwang/Library/Python/3.10/lib/python/site-packages/psutil/_psosx.py", line 346, in wrapper
    return fun(self, *args, **kwargs)
  File "/Users/viwang/Library/Python/3.10/lib/python/site-packages/psutil/_common.py", line 446, in wrapper
    return fun(self)
  File "/Users/viwang/Library/Python/3.10/lib/python/site-packages/psutil/_psosx.py", line 381, in _get_pidtaskinfo
    ret = cext.proc_pidtaskinfo_oneshot(self.pid)
ProcessLookupError: [Errno 3] No such process (originated from proc_pidinfo())

During handling of the above exception, another exception occurred:

Traceback (most recent call last):
  File "/Users/viwang/Documents/imperial/projectg/setup/bench/bench.py", line 28, in <module>
    print("CPU%:", p.cpu_percent(interval=0.5))
  File "/Users/viwang/Library/Python/3.10/lib/python/site-packages/psutil/__init__.py", line 994, in cpu_percent
    pt2 = self._proc.cpu_times()
  File "/Users/viwang/Library/Python/3.10/lib/python/site-packages/psutil/_psosx.py", line 346, in wrapper
    return fun(self, *args, **kwargs)
  File "/Users/viwang/Library/Python/3.10/lib/python/site-packages/psutil/_psosx.py", line 462, in cpu_times
    rawtuple = self._get_pidtaskinfo()
  File "/Users/viwang/Library/Python/3.10/lib/python/site-packages/psutil/_psosx.py", line 351, in wrapper
    raise NoSuchProcess(self.pid, self._name)
psutil.NoSuchProcess: process no longer exists (pid=42892, name='Python')
43309
hehe
Name: Python
CPU%: 0.0
MEM%: 0.20198822021484375
<bound method Process.memory_info of psutil.Process(pid=43309, name='Python', status='running', started='12:33:14')>
hehe
Name: Python
CPU%: 0.0
MEM%: 0.20198822021484375
<bound method Process.memory_info of psutil.Process(pid=43309, name='Python', status='running', started='12:33:14')>
hehe
Name: Python
Traceback (most recent call last):
  File "/Users/viwang/Library/Python/3.10/lib/python/site-packages/psutil/_common.py", line 443, in wrapper
    ret = self._cache[fun]
AttributeError: 'Process' object has no attribute '_cache'

During handling of the above exception, another exception occurred:

Traceback (most recent call last):
  File "/Users/viwang/Library/Python/3.10/lib/python/site-packages/psutil/_psosx.py", line 346, in wrapper
    return fun(self, *args, **kwargs)
  File "/Users/viwang/Library/Python/3.10/lib/python/site-packages/psutil/_common.py", line 446, in wrapper
    return fun(self)
  File "/Users/viwang/Library/Python/3.10/lib/python/site-packages/psutil/_psosx.py", line 381, in _get_pidtaskinfo
    ret = cext.proc_pidtaskinfo_oneshot(self.pid)
ProcessLookupError: [Errno 3] No such process (originated from proc_pidinfo())

During handling of the above exception, another exception occurred:

Traceback (most recent call last):
  File "/Users/viwang/Documents/imperial/projectg/setup/bench/bench.py", line 28, in <module>
    print("CPU%:", p.cpu_percent(interval=0.5))
  File "/Users/viwang/Library/Python/3.10/lib/python/site-packages/psutil/__init__.py", line 994, in cpu_percent
    pt2 = self._proc.cpu_times()
  File "/Users/viwang/Library/Python/3.10/lib/python/site-packages/psutil/_psosx.py", line 346, in wrapper
    return fun(self, *args, **kwargs)
  File "/Users/viwang/Library/Python/3.10/lib/python/site-packages/psutil/_psosx.py", line 462, in cpu_times
    rawtuple = self._get_pidtaskinfo()
  File "/Users/viwang/Library/Python/3.10/lib/python/site-packages/psutil/_psosx.py", line 351, in wrapper
    raise NoSuchProcess(self.pid, self._name)
psutil.NoSuchProcess: process no longer exists (pid=43309, name='Python')
43309
Traceback (most recent call last):
  File "/Users/viwang/Library/Python/3.10/lib/python/site-packages/psutil/_common.py", line 443, in wrapper
    ret = self._cache[fun]
AttributeError: 'Process' object has no attribute '_cache'

During handling of the above exception, another exception occurred:

Traceback (most recent call last):
  File "/Users/viwang/Library/Python/3.10/lib/python/site-packages/psutil/_psosx.py", line 346, in wrapper
    return fun(self, *args, **kwargs)
  File "/Users/viwang/Library/Python/3.10/lib/python/site-packages/psutil/_common.py", line 446, in wrapper
    return fun(self)
  File "/Users/viwang/Library/Python/3.10/lib/python/site-packages/psutil/_psosx.py", line 373, in _get_kinfo_proc
    ret = cext.proc_kinfo_oneshot(self.pid)
ProcessLookupError: [Errno 3] assume no such process (originated from sysctl(kinfo_proc), len == 0)

During handling of the above exception, another exception occurred:

Traceback (most recent call last):
  File "/Users/viwang/Library/Python/3.10/lib/python/site-packages/psutil/__init__.py", line 361, in _init
    self.create_time()
  File "/Users/viwang/Library/Python/3.10/lib/python/site-packages/psutil/__init__.py", line 714, in create_time
    self._create_time = self._proc.create_time()
  File "/Users/viwang/Library/Python/3.10/lib/python/site-packages/psutil/_psosx.py", line 346, in wrapper
    return fun(self, *args, **kwargs)
  File "/Users/viwang/Library/Python/3.10/lib/python/site-packages/psutil/_psosx.py", line 471, in create_time
    return self._get_kinfo_proc()[kinfo_proc_map['ctime']]
  File "/Users/viwang/Library/Python/3.10/lib/python/site-packages/psutil/_psosx.py", line 351, in wrapper
    raise NoSuchProcess(self.pid, self._name)
psutil.NoSuchProcess: process no longer exists (pid=43309)

During handling of the above exception, another exception occurred:

Traceback (most recent call last):
  File "/Users/viwang/Documents/imperial/projectg/setup/bench/bench.py", line 17, in <module>
    p = psutil.Process(int(sys.argv[1]))
  File "/Users/viwang/Library/Python/3.10/lib/python/site-packages/psutil/__init__.py", line 332, in __init__
    self._init(pid)
  File "/Users/viwang/Library/Python/3.10/lib/python/site-packages/psutil/__init__.py", line 373, in _init
    raise NoSuchProcess(pid, msg='process PID not found')
psutil.NoSuchProcess: process PID not found (pid=43309)
43309
Traceback (most recent call last):
  File "/Users/viwang/Library/Python/3.10/lib/python/site-packages/psutil/_common.py", line 443, in wrapper
    ret = self._cache[fun]
AttributeError: 'Process' object has no attribute '_cache'

During handling of the above exception, another exception occurred:

Traceback (most recent call last):
  File "/Users/viwang/Library/Python/3.10/lib/python/site-packages/psutil/_psosx.py", line 346, in wrapper
    return fun(self, *args, **kwargs)
  File "/Users/viwang/Library/Python/3.10/lib/python/site-packages/psutil/_common.py", line 446, in wrapper
    return fun(self)
  File "/Users/viwang/Library/Python/3.10/lib/python/site-packages/psutil/_psosx.py", line 373, in _get_kinfo_proc
    ret = cext.proc_kinfo_oneshot(self.pid)
ProcessLookupError: [Errno 3] assume no such process (originated from sysctl(kinfo_proc), len == 0)

During handling of the above exception, another exception occurred:

Traceback (most recent call last):
  File "/Users/viwang/Library/Python/3.10/lib/python/site-packages/psutil/__init__.py", line 361, in _init
    self.create_time()
  File "/Users/viwang/Library/Python/3.10/lib/python/site-packages/psutil/__init__.py", line 714, in create_time
    self._create_time = self._proc.create_time()
  File "/Users/viwang/Library/Python/3.10/lib/python/site-packages/psutil/_psosx.py", line 346, in wrapper
    return fun(self, *args, **kwargs)
  File "/Users/viwang/Library/Python/3.10/lib/python/site-packages/psutil/_psosx.py", line 471, in create_time
    return self._get_kinfo_proc()[kinfo_proc_map['ctime']]
  File "/Users/viwang/Library/Python/3.10/lib/python/site-packages/psutil/_psosx.py", line 351, in wrapper
    raise NoSuchProcess(self.pid, self._name)
psutil.NoSuchProcess: process no longer exists (pid=43309)

During handling of the above exception, another exception occurred:

Traceback (most recent call last):
  File "/Users/viwang/Documents/imperial/projectg/setup/bench/bench.py", line 17, in <module>
    p = psutil.Process(int(sys.argv[1]))
  File "/Users/viwang/Library/Python/3.10/lib/python/site-packages/psutil/__init__.py", line 332, in __init__
    self._init(pid)
  File "/Users/viwang/Library/Python/3.10/lib/python/site-packages/psutil/__init__.py", line 373, in _init
    raise NoSuchProcess(pid, msg='process PID not found')
psutil.NoSuchProcess: process PID not found (pid=43309)
43474
hehe
Name: Python
CPU%: 15.7
MEM%: 0.20465850830078125
<bound method Process.memory_info of psutil.Process(pid=43474, name='Python', status='running', started='12:36:31')>
hehe
Name: Python
CPU%: 35.0
MEM%: 0.20589828491210938
<bound method Process.memory_info of psutil.Process(pid=43474, name='Python', status='running', started='12:36:31')>
hehe
Name: Python
CPU%: 30.6
MEM%: 0.20618438720703125
<bound method Process.memory_info of psutil.Process(pid=43474, name='Python', status='running', started='12:36:31')>
hehe
Name: Python
CPU%: 33.5
MEM%: 0.20627975463867188
<bound method Process.memory_info of psutil.Process(pid=43474, name='Python', status='running', started='12:36:31')>
hehe
Name: Python
CPU%: 37.8
MEM%: 0.20656585693359375
<bound method Process.memory_info of psutil.Process(pid=43474, name='Python', status='running', started='12:36:31')>
hehe
Name: Python
CPU%: 37.6
MEM%: 0.20627975463867188
<bound method Process.memory_info of psutil.Process(pid=43474, name='Python', status='running', started='12:36:31')>
hehe
Name: Python
CPU%: 33.1
MEM%: 0.20647048950195312
<bound method Process.memory_info of psutil.Process(pid=43474, name='Python', status='running', started='12:36:31')>
hehe
Name: Python
CPU%: 33.9
MEM%: 0.2063751220703125
<bound method Process.memory_info of psutil.Process(pid=43474, name='Python', status='running', started='12:36:31')>
hehe
Name: Python
CPU%: 35.2
MEM%: 0.20666122436523438
<bound method Process.memory_info of psutil.Process(pid=43474, name='Python', status='running', started='12:36:31')>
hehe
Name: Python
CPU%: 15.1
MEM%: 0.20666122436523438
<bound method Process.memory_info of psutil.Process(pid=43474, name='Python', status='running', started='12:36:31')>
hehe
Name: Python
CPU%: 0.0
MEM%: 0.20666122436523438
<bound method Process.memory_info of psutil.Process(pid=43474, name='Python', status='running', started='12:36:31')>
hehe
Name: Python
CPU%: 0.0
MEM%: 0.20666122436523438
<bound method Process.memory_info of psutil.Process(pid=43474, name='Python', status='running', started='12:36:31')>
hehe
Name: Python
CPU%: 0.0
MEM%: 0.20666122436523438
<bound method Process.memory_info of psutil.Process(pid=43474, name='Python', status='running', started='12:36:31')>
hehe
Name: Python
CPU%: 0.0
MEM%: 0.20666122436523438
<bound method Process.memory_info of psutil.Process(pid=43474, name='Python', status='running', started='12:36:31')>
hehe
Name: Python
CPU%: 0.0
MEM%: 0.20666122436523438
<bound method Process.memory_info of psutil.Process(pid=43474, name='Python', status='running', started='12:36:31')>
hehe
Name: Python
CPU%: 0.0
MEM%: 0.20666122436523438
<bound method Process.memory_info of psutil.Process(pid=43474, name='Python', status='running', started='12:36:31')>
hehe
Name: Python
CPU%: 0.0
MEM%: 0.20666122436523438
<bound method Process.memory_info of psutil.Process(pid=43474, name='Python', status='running', started='12:36:31')>
hehe
Name: Python
CPU%: 0.0
MEM%: 0.20666122436523438
<bound method Process.memory_info of psutil.Process(pid=43474, name='Python', status='running', started='12:36:31')>
hehe
Name: Python
CPU%: 0.0
MEM%: 0.20666122436523438
<bound method Process.memory_info of psutil.Process(pid=43474, name='Python', status='running', started='12:36:31')>
hehe
Name: Python
CPU%: 0.0
MEM%: 0.20666122436523438
<bound method Process.memory_info of psutil.Process(pid=43474, name='Python', status='running', started='12:36:31')>
hehe
Name: Python
CPU%: 0.0
MEM%: 0.20666122436523438
<bound method Process.memory_info of psutil.Process(pid=43474, name='Python', status='running', started='12:36:31')>
hehe
Name: Python
CPU%: 0.0
MEM%: 0.20666122436523438
<bound method Process.memory_info of psutil.Process(pid=43474, name='Python', status='running', started='12:36:31')>
hehe
Name: Python
CPU%: 0.0
MEM%: 0.19540786743164062
<bound method Process.memory_info of psutil.Process(pid=43474, name='Python', status='running', started='12:36:31')>
hehe
Name: Python
CPU%: 0.0
MEM%: 0.19540786743164062
<bound method Process.memory_info of psutil.Process(pid=43474, name='Python', status='running', started='12:36:31')>
hehe
Name: Python
CPU%: 0.0
MEM%: 0.19521713256835938
<bound method Process.memory_info of psutil.Process(pid=43474, name='Python', status='running', started='12:36:31')>
hehe
Name: Python
CPU%: 0.0
MEM%: 0.19521713256835938
<bound method Process.memory_info of psutil.Process(pid=43474, name='Python', status='running', started='12:36:31')>
hehe
Name: Python
CPU%: 0.0
MEM%: 0.19521713256835938
<bound method Process.memory_info of psutil.Process(pid=43474, name='Python', status='running', started='12:36:31')>
hehe
Name: Python
CPU%: 0.0
MEM%: 0.19521713256835938
<bound method Process.memory_info of psutil.Process(pid=43474, name='Python', status='running', started='12:36:31')>
hehe
Name: Python
CPU%: 0.0
MEM%: 0.19521713256835938
<bound method Process.memory_info of psutil.Process(pid=43474, name='Python', status='running', started='12:36:31')>
hehe
Name: Python
CPU%: 0.0
MEM%: 0.19521713256835938
<bound method Process.memory_info of psutil.Process(pid=43474, name='Python', status='running', started='12:36:31')>
hehe
Name: Python
CPU%: 0.0
MEM%: 0.19521713256835938
<bound method Process.memory_info of psutil.Process(pid=43474, name='Python', status='running', started='12:36:31')>
43474
hehe
Name: Python
CPU%: 20.8
MEM%: 0.19521713256835938
<bound method Process.memory_info of psutil.Process(pid=43474, name='Python', status='running', started='12:36:31')>
hehe
Name: Python
CPU%: 31.4
MEM%: 0.19521713256835938
<bound method Process.memory_info of psutil.Process(pid=43474, name='Python', status='running', started='12:36:31')>
hehe
Name: Python
CPU%: 33.5
MEM%: 0.19521713256835938
<bound method Process.memory_info of psutil.Process(pid=43474, name='Python', status='running', started='12:36:31')>
hehe
Name: Python
CPU%: 31.1
MEM%: 0.1953125
<bound method Process.memory_info of psutil.Process(pid=43474, name='Python', status='running', started='12:36:31')>
hehe
Name: Python
CPU%: 32.9
MEM%: 0.19540786743164062
<bound method Process.memory_info of psutil.Process(pid=43474, name='Python', status='running', started='12:36:31')>
hehe
Name: Python
CPU%: 36.9
MEM%: 0.19540786743164062
<bound method Process.memory_info of psutil.Process(pid=43474, name='Python', status='running', started='12:36:31')>
hehe
Name: Python
CPU%: 34.4
MEM%: 0.19578933715820312
<bound method Process.memory_info of psutil.Process(pid=43474, name='Python', status='running', started='12:36:31')>
hehe
Name: Python
CPU%: 34.7
MEM%: 0.19559860229492188
<bound method Process.memory_info of psutil.Process(pid=43474, name='Python', status='running', started='12:36:31')>
hehe
Name: Python
CPU%: 35.5
MEM%: 0.19540786743164062
<bound method Process.memory_info of psutil.Process(pid=43474, name='Python', status='running', started='12:36:31')>
hehe
Name: Python
CPU%: 20.4
MEM%: 0.19540786743164062
<bound method Process.memory_info of psutil.Process(pid=43474, name='Python', status='running', started='12:36:31')>
hehe
Name: Python
CPU%: 0.0
MEM%: 0.19540786743164062
<bound method Process.memory_info of psutil.Process(pid=43474, name='Python', status='running', started='12:36:31')>
hehe
Name: Python
CPU%: 0.0
MEM%: 0.19540786743164062
<bound method Process.memory_info of psutil.Process(pid=43474, name='Python', status='running', started='12:36:31')>
hehe
Name: Python
CPU%: 0.0
MEM%: 0.19540786743164062
<bound method Process.memory_info of psutil.Process(pid=43474, name='Python', status='running', started='12:36:31')>
hehe
Name: Python
CPU%: 0.0
MEM%: 0.19540786743164062
<bound method Process.memory_info of psutil.Process(pid=43474, name='Python', status='running', started='12:36:31')>
hehe
Name: Python
CPU%: 0.0
MEM%: 0.19540786743164062
<bound method Process.memory_info of psutil.Process(pid=43474, name='Python', status='running', started='12:36:31')>
hehe
Name: Python
CPU%: 0.0
MEM%: 0.19540786743164062
<bound method Process.memory_info of psutil.Process(pid=43474, name='Python', status='running', started='12:36:31')>
hehe
Name: Python
CPU%: 0.0
MEM%: 0.19540786743164062
<bound method Process.memory_info of psutil.Process(pid=43474, name='Python', status='running', started='12:36:31')>
hehe
Name: Python
CPU%: 0.0
MEM%: 0.19540786743164062
<bound method Process.memory_info of psutil.Process(pid=43474, name='Python', status='running', started='12:36:31')>
hehe
Name: Python
CPU%: 0.0
MEM%: 0.19540786743164062
<bound method Process.memory_info of psutil.Process(pid=43474, name='Python', status='running', started='12:36:31')>
hehe
Name: Python
CPU%: 0.0
MEM%: 0.19540786743164062
<bound method Process.memory_info of psutil.Process(pid=43474, name='Python', status='running', started='12:36:31')>
hehe
Name: Python
CPU%: 0.0
MEM%: 0.19540786743164062
<bound method Process.memory_info of psutil.Process(pid=43474, name='Python', status='running', started='12:36:31')>
hehe
Name: Python
CPU%: 0.0
MEM%: 0.19540786743164062
<bound method Process.memory_info of psutil.Process(pid=43474, name='Python', status='running', started='12:36:31')>
hehe
Name: Python
CPU%: 0.0
MEM%: 0.19540786743164062
<bound method Process.memory_info of psutil.Process(pid=43474, name='Python', status='running', started='12:36:31')>
hehe
Name: Python
CPU%: 0.0
MEM%: 0.19540786743164062
<bound method Process.memory_info of psutil.Process(pid=43474, name='Python', status='running', started='12:36:31')>
hehe
Name: Python
CPU%: 0.0
MEM%: 0.19540786743164062
<bound method Process.memory_info of psutil.Process(pid=43474, name='Python', status='running', started='12:36:31')>
hehe
Name: Python
CPU%: 0.0
MEM%: 0.19540786743164062
<bound method Process.memory_info of psutil.Process(pid=43474, name='Python', status='running', started='12:36:31')>
hehe
Name: Python
CPU%: 0.0
MEM%: 0.19540786743164062
<bound method Process.memory_info of psutil.Process(pid=43474, name='Python', status='running', started='12:36:31')>
hehe
Name: Python
CPU%: 0.0
MEM%: 0.19540786743164062
<bound method Process.memory_info of psutil.Process(pid=43474, name='Python', status='running', started='12:36:31')>
hehe
Name: Python
CPU%: 0.0
MEM%: 0.19540786743164062
<bound method Process.memory_info of psutil.Process(pid=43474, name='Python', status='running', started='12:36:31')>
hehe
Name: Python
CPU%: 0.0
MEM%: 0.19540786743164062
<bound method Process.memory_info of psutil.Process(pid=43474, name='Python', status='running', started='12:36:31')>
hehe
Name: Python
CPU%: 0.0
MEM%: 0.19540786743164062
<bound method Process.memory_info of psutil.Process(pid=43474, name='Python', status='running', started='12:36:31')>
43474
hehe
Name: Python
CPU%: 22.0
MEM%: 0.19540786743164062
<bound method Process.memory_info of psutil.Process(pid=43474, name='Python', status='running', started='12:36:31')>
hehe
Name: Python
CPU%: 31.2
MEM%: 0.19550323486328125
<bound method Process.memory_info of psutil.Process(pid=43474, name='Python', status='running', started='12:36:31')>
hehe
Name: Python
CPU%: 36.3
MEM%: 0.19550323486328125
<bound method Process.memory_info of psutil.Process(pid=43474, name='Python', status='running', started='12:36:31')>
hehe
Name: Python
CPU%: 36.1
MEM%: 0.19550323486328125
<bound method Process.memory_info of psutil.Process(pid=43474, name='Python', status='running', started='12:36:31')>
hehe
Name: Python
CPU%: 36.9
MEM%: 0.19550323486328125
<bound method Process.memory_info of psutil.Process(pid=43474, name='Python', status='running', started='12:36:31')>
hehe
Name: Python
CPU%: 40.4
MEM%: 0.19559860229492188
<bound method Process.memory_info of psutil.Process(pid=43474, name='Python', status='running', started='12:36:31')>
hehe
Name: Python
CPU%: 36.6
MEM%: 0.19559860229492188
<bound method Process.memory_info of psutil.Process(pid=43474, name='Python', status='running', started='12:36:31')>
hehe
Name: Python
CPU%: 35.4
MEM%: 0.19578933715820312
<bound method Process.memory_info of psutil.Process(pid=43474, name='Python', status='running', started='12:36:31')>
hehe
Name: Python
CPU%: 36.1
MEM%: 0.19559860229492188
<bound method Process.memory_info of psutil.Process(pid=43474, name='Python', status='running', started='12:36:31')>
hehe
Name: Python
CPU%: 15.6
MEM%: 0.19559860229492188
<bound method Process.memory_info of psutil.Process(pid=43474, name='Python', status='running', started='12:36:31')>
hehe
Name: Python
CPU%: 0.0
MEM%: 0.19559860229492188
<bound method Process.memory_info of psutil.Process(pid=43474, name='Python', status='running', started='12:36:31')>
hehe
Name: Python
CPU%: 0.0
MEM%: 0.19559860229492188
<bound method Process.memory_info of psutil.Process(pid=43474, name='Python', status='running', started='12:36:31')>
hehe
Name: Python
CPU%: 0.0
MEM%: 0.19559860229492188
<bound method Process.memory_info of psutil.Process(pid=43474, name='Python', status='running', started='12:36:31')>
hehe
Name: Python
CPU%: 0.0
MEM%: 0.19559860229492188
<bound method Process.memory_info of psutil.Process(pid=43474, name='Python', status='running', started='12:36:31')>
hehe
Name: Python
CPU%: 0.0
MEM%: 0.19559860229492188
<bound method Process.memory_info of psutil.Process(pid=43474, name='Python', status='running', started='12:36:31')>
hehe
Name: Python
CPU%: 0.0
MEM%: 0.19559860229492188
<bound method Process.memory_info of psutil.Process(pid=43474, name='Python', status='running', started='12:36:31')>
hehe
Name: Python
CPU%: 0.0
MEM%: 0.19559860229492188
<bound method Process.memory_info of psutil.Process(pid=43474, name='Python', status='running', started='12:36:31')>
hehe
Name: Python
CPU%: 0.0
MEM%: 0.19559860229492188
<bound method Process.memory_info of psutil.Process(pid=43474, name='Python', status='running', started='12:36:31')>
hehe
Name: Python
CPU%: 0.0
MEM%: 0.19559860229492188
<bound method Process.memory_info of psutil.Process(pid=43474, name='Python', status='running', started='12:36:31')>
hehe
Name: Python
CPU%: 0.0
MEM%: 0.19559860229492188
<bound method Process.memory_info of psutil.Process(pid=43474, name='Python', status='running', started='12:36:31')>
hehe
Name: Python
CPU%: 0.0
MEM%: 0.19559860229492188
<bound method Process.memory_info of psutil.Process(pid=43474, name='Python', status='running', started='12:36:31')>
hehe
Name: Python
CPU%: 0.0
MEM%: 0.19559860229492188
<bound method Process.memory_info of psutil.Process(pid=43474, name='Python', status='running', started='12:36:31')>
hehe
Name: Python
CPU%: 0.0
MEM%: 0.19559860229492188
<bound method Process.memory_info of psutil.Process(pid=43474, name='Python', status='running', started='12:36:31')>
hehe
Name: Python
CPU%: 0.0
MEM%: 0.19559860229492188
<bound method Process.memory_info of psutil.Process(pid=43474, name='Python', status='running', started='12:36:31')>
hehe
Name: Python
CPU%: 0.0
MEM%: 0.19559860229492188
<bound method Process.memory_info of psutil.Process(pid=43474, name='Python', status='running', started='12:36:31')>
hehe
Name: Python
CPU%: 0.0
MEM%: 0.19559860229492188
<bound method Process.memory_info of psutil.Process(pid=43474, name='Python', status='running', started='12:36:31')>
hehe
Name: Python
CPU%: 0.0
MEM%: 0.19559860229492188
<bound method Process.memory_info of psutil.Process(pid=43474, name='Python', status='running', started='12:36:31')>
hehe
Name: Python
CPU%: 0.0
MEM%: 0.19559860229492188
<bound method Process.memory_info of psutil.Process(pid=43474, name='Python', status='running', started='12:36:31')>
hehe
Name: Python
CPU%: 0.0
MEM%: 0.19559860229492188
<bound method Process.memory_info of psutil.Process(pid=43474, name='Python', status='running', started='12:36:31')>
hehe
Name: Python
CPU%: 0.0
MEM%: 0.19559860229492188
<bound method Process.memory_info of psutil.Process(pid=43474, name='Python', status='running', started='12:36:31')>
hehe
Name: Python
CPU%: 0.0
MEM%: 0.19559860229492188
<bound method Process.memory_info of psutil.Process(pid=43474, name='Python', status='running', started='12:36:31')>
43474
hehe
Name: Python
CPU%: 15.2
MEM%: 0.19559860229492188
<bound method Process.memory_info of psutil.Process(pid=43474, name='Python', status='running', started='12:36:31')>
Traceback (most recent call last):
  File "/Users/viwang/Documents/imperial/projectg/setup/bench/bench.py", line 31, in <module>
    f.write(f"{p.cpu_percent(interval=0.1)},{p.memory_percent(interval=0.5)}\n")
TypeError: Process.memory_percent() got an unexpected keyword argument 'interval'
43474
hehe
Name: Python
CPU%: 22.2
MEM%: 0.19559860229492188
<bound method Process.memory_info of psutil.Process(pid=43474, name='Python', status='running', started='12:36:31')>
hehe
Name: Python
CPU%: 36.5
MEM%: 0.19559860229492188
<bound method Process.memory_info of psutil.Process(pid=43474, name='Python', status='running', started='12:36:31')>
hehe
Name: Python
CPU%: 36.3
MEM%: 0.19559860229492188
<bound method Process.memory_info of psutil.Process(pid=43474, name='Python', status='running', started='12:36:31')>
hehe
Name: Python
CPU%: 26.9
MEM%: 0.19559860229492188
<bound method Process.memory_info of psutil.Process(pid=43474, name='Python', status='running', started='12:36:31')>
hehe
Name: Python
CPU%: 31.0
MEM%: 0.19559860229492188
<bound method Process.memory_info of psutil.Process(pid=43474, name='Python', status='running', started='12:36:31')>
hehe
Name: Python
CPU%: 32.9
MEM%: 0.19598007202148438
<bound method Process.memory_info of psutil.Process(pid=43474, name='Python', status='running', started='12:36:31')>
hehe
Name: Python
CPU%: 31.9
MEM%: 0.19559860229492188
<bound method Process.memory_info of psutil.Process(pid=43474, name='Python', status='running', started='12:36:31')>
hehe
Name: Python
CPU%: 31.8
MEM%: 0.19550323486328125
<bound method Process.memory_info of psutil.Process(pid=43474, name='Python', status='running', started='12:36:31')>
hehe
Name: Python
CPU%: 36.9
MEM%: 0.19598007202148438
<bound method Process.memory_info of psutil.Process(pid=43474, name='Python', status='running', started='12:36:31')>
hehe
Name: Python
CPU%: 52.5
MEM%: 0.1956939697265625
<bound method Process.memory_info of psutil.Process(pid=43474, name='Python', status='running', started='12:36:31')>
hehe
Name: Python
CPU%: 38.8
MEM%: 0.1956939697265625
<bound method Process.memory_info of psutil.Process(pid=43474, name='Python', status='running', started='12:36:31')>
hehe
Name: Python
CPU%: 50.3
MEM%: 0.19550323486328125
<bound method Process.memory_info of psutil.Process(pid=43474, name='Python', status='running', started='12:36:31')>
hehe
Name: Python
CPU%: 0.0
MEM%: 0.19550323486328125
<bound method Process.memory_info of psutil.Process(pid=43474, name='Python', status='running', started='12:36:31')>
hehe
Name: Python
CPU%: 0.0
MEM%: 0.19550323486328125
<bound method Process.memory_info of psutil.Process(pid=43474, name='Python', status='running', started='12:36:31')>
hehe
Name: Python
CPU%: 0.0
MEM%: 0.19550323486328125
<bound method Process.memory_info of psutil.Process(pid=43474, name='Python', status='running', started='12:36:31')>
hehe
Name: Python
CPU%: 0.0
MEM%: 0.19550323486328125
<bound method Process.memory_info of psutil.Process(pid=43474, name='Python', status='running', started='12:36:31')>
hehe
Name: Python
CPU%: 2.1
MEM%: 0.19550323486328125
<bound method Process.memory_info of psutil.Process(pid=43474, name='Python', status='running', started='12:36:31')>
hehe
Name: Python
CPU%: 0.0
MEM%: 0.19550323486328125
<bound method Process.memory_info of psutil.Process(pid=43474, name='Python', status='running', started='12:36:31')>
hehe
Name: Python
CPU%: 0.0
MEM%: 0.19550323486328125
<bound method Process.memory_info of psutil.Process(pid=43474, name='Python', status='running', started='12:36:31')>
hehe
Name: Python
CPU%: 0.0
MEM%: 0.19550323486328125
<bound method Process.memory_info of psutil.Process(pid=43474, name='Python', status='running', started='12:36:31')>
hehe
Name: Python
CPU%: 1.6
MEM%: 0.19550323486328125
<bound method Process.memory_info of psutil.Process(pid=43474, name='Python', status='running', started='12:36:31')>
hehe
Name: Python
CPU%: 0.0
MEM%: 0.19550323486328125
<bound method Process.memory_info of psutil.Process(pid=43474, name='Python', status='running', started='12:36:31')>
hehe
Name: Python
CPU%: 0.0
MEM%: 0.19550323486328125
<bound method Process.memory_info of psutil.Process(pid=43474, name='Python', status='running', started='12:36:31')>
hehe
Name: Python
CPU%: 0.0
MEM%: 0.19550323486328125
<bound method Process.memory_info of psutil.Process(pid=43474, name='Python', status='running', started='12:36:31')>
hehe
Name: Python
CPU%: 3.2
MEM%: 0.19550323486328125
<bound method Process.memory_info of psutil.Process(pid=43474, name='Python', status='running', started='12:36:31')>
hehe
Name: Python
CPU%: 0.0
MEM%: 0.19550323486328125
<bound method Process.memory_info of psutil.Process(pid=43474, name='Python', status='running', started='12:36:31')>
hehe
Name: Python
CPU%: 0.0
MEM%: 0.19550323486328125
<bound method Process.memory_info of psutil.Process(pid=43474, name='Python', status='running', started='12:36:31')>
hehe
Name: Python
CPU%: 0.0
MEM%: 0.19550323486328125
<bound method Process.memory_info of psutil.Process(pid=43474, name='Python', status='running', started='12:36:31')>
hehe
Name: Python
CPU%: 0.0
MEM%: 0.19550323486328125
<bound method Process.memory_info of psutil.Process(pid=43474, name='Python', status='running', started='12:36:31')>
hehe
Name: Python
CPU%: 0.0
MEM%: 0.19550323486328125
<bound method Process.memory_info of psutil.Process(pid=43474, name='Python', status='running', started='12:36:31')>
hehe
Name: Python
CPU%: 0.0
MEM%: 0.19550323486328125
<bound method Process.memory_info of psutil.Process(pid=43474, name='Python', status='running', started='12:36:31')>
43154
hehe
Name: node
CPU%: 0.0
MEM%: 0.17538070678710938
<bound method Process.memory_info of psutil.Process(pid=43154, name='node', status='running', started='12:29:46')>
hehe
Name: node
CPU%: 0.0
MEM%: 0.17538070678710938
<bound method Process.memory_info of psutil.Process(pid=43154, name='node', status='running', started='12:29:46')>
hehe
Name: node
CPU%: 0.0
MEM%: 0.17538070678710938
<bound method Process.memory_info of psutil.Process(pid=43154, name='node', status='running', started='12:29:46')>
hehe
Name: node
CPU%: 0.0
MEM%: 0.17538070678710938
<bound method Process.memory_info of psutil.Process(pid=43154, name='node', status='running', started='12:29:46')>
hehe
Name: node
CPU%: 0.0
MEM%: 0.17538070678710938
<bound method Process.memory_info of psutil.Process(pid=43154, name='node', status='running', started='12:29:46')>
hehe
Name: node
CPU%: 0.0
MEM%: 0.17538070678710938
<bound method Process.memory_info of psutil.Process(pid=43154, name='node', status='running', started='12:29:46')>
hehe
Name: node
CPU%: 0.0
MEM%: 0.17538070678710938
<bound method Process.memory_info of psutil.Process(pid=43154, name='node', status='running', started='12:29:46')>
hehe
Name: node
CPU%: 0.0
MEM%: 0.17538070678710938
<bound method Process.memory_info of psutil.Process(pid=43154, name='node', status='running', started='12:29:46')>
hehe
Name: node
CPU%: 0.0
MEM%: 0.17538070678710938
<bound method Process.memory_info of psutil.Process(pid=43154, name='node', status='running', started='12:29:46')>
hehe
Name: node
CPU%: 0.0
MEM%: 0.17538070678710938
<bound method Process.memory_info of psutil.Process(pid=43154, name='node', status='running', started='12:29:46')>
hehe
Name: node
CPU%: 0.0
MEM%: 0.17538070678710938
<bound method Process.memory_info of psutil.Process(pid=43154, name='node', status='running', started='12:29:46')>
hehe
Name: node
CPU%: 0.0
MEM%: 0.17538070678710938
<bound method Process.memory_info of psutil.Process(pid=43154, name='node', status='running', started='12:29:46')>
hehe
Name: node
CPU%: 0.0
MEM%: 0.17538070678710938
<bound method Process.memory_info of psutil.Process(pid=43154, name='node', status='running', started='12:29:46')>
hehe
Name: node
CPU%: 0.0
MEM%: 0.17538070678710938
<bound method Process.memory_info of psutil.Process(pid=43154, name='node', status='running', started='12:29:46')>
hehe
Name: node
CPU%: 0.0
MEM%: 0.17538070678710938
<bound method Process.memory_info of psutil.Process(pid=43154, name='node', status='running', started='12:29:46')>
hehe
Name: node
CPU%: 0.0
MEM%: 0.17538070678710938
<bound method Process.memory_info of psutil.Process(pid=43154, name='node', status='running', started='12:29:46')>
hehe
Name: node
CPU%: 0.0
MEM%: 0.17538070678710938
<bound method Process.memory_info of psutil.Process(pid=43154, name='node', status='running', started='12:29:46')>
hehe
Name: node
CPU%: 0.0
MEM%: 0.17538070678710938
<bound method Process.memory_info of psutil.Process(pid=43154, name='node', status='running', started='12:29:46')>
hehe
Name: node
CPU%: 0.0
MEM%: 0.17538070678710938
<bound method Process.memory_info of psutil.Process(pid=43154, name='node', status='running', started='12:29:46')>
hehe
Name: node
CPU%: 0.0
MEM%: 0.17538070678710938
<bound method Process.memory_info of psutil.Process(pid=43154, name='node', status='running', started='12:29:46')>
hehe
Name: node
CPU%: 0.0
MEM%: 0.17538070678710938
<bound method Process.memory_info of psutil.Process(pid=43154, name='node', status='running', started='12:29:46')>
hehe
Name: node
CPU%: 0.0
MEM%: 0.17538070678710938
<bound method Process.memory_info of psutil.Process(pid=43154, name='node', status='running', started='12:29:46')>
hehe
Name: node
CPU%: 0.0
MEM%: 0.17538070678710938
<bound method Process.memory_info of psutil.Process(pid=43154, name='node', status='running', started='12:29:46')>
hehe
Name: node
CPU%: 0.0
MEM%: 0.17538070678710938
<bound method Process.memory_info of psutil.Process(pid=43154, name='node', status='running', started='12:29:46')>
hehe
Name: node
CPU%: 0.0
MEM%: 0.17538070678710938
<bound method Process.memory_info of psutil.Process(pid=43154, name='node', status='running', started='12:29:46')>
hehe
Name: node
CPU%: 0.0
MEM%: 0.17538070678710938
<bound method Process.memory_info of psutil.Process(pid=43154, name='node', status='running', started='12:29:46')>
hehe
Name: node
CPU%: 0.0
MEM%: 0.17538070678710938
<bound method Process.memory_info of psutil.Process(pid=43154, name='node', status='running', started='12:29:46')>
hehe
Name: node
CPU%: 0.0
MEM%: 0.17538070678710938
<bound method Process.memory_info of psutil.Process(pid=43154, name='node', status='running', started='12:29:46')>
hehe
Name: node
CPU%: 0.0
MEM%: 0.17538070678710938
<bound method Process.memory_info of psutil.Process(pid=43154, name='node', status='running', started='12:29:46')>
hehe
Name: node
CPU%: 0.0
MEM%: 0.17538070678710938
<bound method Process.memory_info of psutil.Process(pid=43154, name='node', status='running', started='12:29:46')>
hehe
Name: node
CPU%: 0.0
MEM%: 0.17538070678710938
<bound method Process.memory_info of psutil.Process(pid=43154, name='node', status='running', started='12:29:46')>
43154
hehe
Name: node
CPU%: 10.4
MEM%: 0.31337738037109375
<bound method Process.memory_info of psutil.Process(pid=43154, name='node', status='running', started='12:29:46')>
hehe
Name: node
CPU%: 25.7
MEM%: 0.9547233581542969
<bound method Process.memory_info of psutil.Process(pid=43154, name='node', status='running', started='12:29:46')>
hehe
Name: node
CPU%: 28.2
MEM%: 1.0217666625976562
<bound method Process.memory_info of psutil.Process(pid=43154, name='node', status='running', started='12:29:46')>
hehe
Name: node
CPU%: 25.6
MEM%: 1.141357421875
<bound method Process.memory_info of psutil.Process(pid=43154, name='node', status='running', started='12:29:46')>
hehe
Name: node
CPU%: 15.9
MEM%: 1.1279106140136719
<bound method Process.memory_info of psutil.Process(pid=43154, name='node', status='running', started='12:29:46')>
hehe
Name: node
CPU%: 23.7
MEM%: 1.1285781860351562
<bound method Process.memory_info of psutil.Process(pid=43154, name='node', status='running', started='12:29:46')>
hehe
Name: node
CPU%: 19.5
MEM%: 1.15203857421875
<bound method Process.memory_info of psutil.Process(pid=43154, name='node', status='running', started='12:29:46')>
hehe
Name: node
CPU%: 18.7
MEM%: 1.1810302734375
<bound method Process.memory_info of psutil.Process(pid=43154, name='node', status='running', started='12:29:46')>
hehe
Name: node
CPU%: 17.3
MEM%: 1.2122154235839844
<bound method Process.memory_info of psutil.Process(pid=43154, name='node', status='running', started='12:29:46')>
hehe
Name: node
CPU%: 41.3
MEM%: 1.15814208984375
<bound method Process.memory_info of psutil.Process(pid=43154, name='node', status='running', started='12:29:46')>
hehe
Name: node
CPU%: 30.7
MEM%: 1.1583328247070312
<bound method Process.memory_info of psutil.Process(pid=43154, name='node', status='running', started='12:29:46')>
hehe
Name: node
CPU%: 41.2
MEM%: 1.1592864990234375
<bound method Process.memory_info of psutil.Process(pid=43154, name='node', status='running', started='12:29:46')>
hehe
Name: node
CPU%: 40.1
MEM%: 1.171875
<bound method Process.memory_info of psutil.Process(pid=43154, name='node', status='running', started='12:29:46')>
hehe
Name: node
CPU%: 15.7
MEM%: 1.2086868286132812
<bound method Process.memory_info of psutil.Process(pid=43154, name='node', status='running', started='12:29:46')>
hehe
Name: node
CPU%: 46.2
MEM%: 1.038360595703125
<bound method Process.memory_info of psutil.Process(pid=43154, name='node', status='running', started='12:29:46')>
hehe
Name: node
CPU%: 43.4
MEM%: 0.954437255859375
<bound method Process.memory_info of psutil.Process(pid=43154, name='node', status='running', started='12:29:46')>
hehe
Name: node
CPU%: 19.7
MEM%: 1.0396957397460938
<bound method Process.memory_info of psutil.Process(pid=43154, name='node', status='running', started='12:29:46')>
hehe
Name: node
CPU%: 26.3
MEM%: 1.0275840759277344
<bound method Process.memory_info of psutil.Process(pid=43154, name='node', status='running', started='12:29:46')>
hehe
Name: node
CPU%: 18.9
MEM%: 1.1168479919433594
<bound method Process.memory_info of psutil.Process(pid=43154, name='node', status='running', started='12:29:46')>
hehe
Name: node
CPU%: 0.2
MEM%: 1.1396408081054688
<bound method Process.memory_info of psutil.Process(pid=43154, name='node', status='running', started='12:29:46')>
hehe
Name: node
CPU%: 0.0
MEM%: 1.1396408081054688
<bound method Process.memory_info of psutil.Process(pid=43154, name='node', status='running', started='12:29:46')>
hehe
Name: node
CPU%: 0.0
MEM%: 1.1396408081054688
<bound method Process.memory_info of psutil.Process(pid=43154, name='node', status='running', started='12:29:46')>
hehe
Name: node
CPU%: 0.0
MEM%: 1.1396408081054688
<bound method Process.memory_info of psutil.Process(pid=43154, name='node', status='running', started='12:29:46')>
hehe
Name: node
CPU%: 0.0
MEM%: 1.1396408081054688
<bound method Process.memory_info of psutil.Process(pid=43154, name='node', status='running', started='12:29:46')>
hehe
Name: node
CPU%: 0.0
MEM%: 1.1396408081054688
<bound method Process.memory_info of psutil.Process(pid=43154, name='node', status='running', started='12:29:46')>
hehe
Name: node
CPU%: 0.0
MEM%: 1.1400222778320312
<bound method Process.memory_info of psutil.Process(pid=43154, name='node', status='running', started='12:29:46')>
hehe
Name: node
CPU%: 0.0
MEM%: 1.1400222778320312
<bound method Process.memory_info of psutil.Process(pid=43154, name='node', status='running', started='12:29:46')>
hehe
Name: node
CPU%: 0.0
MEM%: 1.1400222778320312
<bound method Process.memory_info of psutil.Process(pid=43154, name='node', status='running', started='12:29:46')>
hehe
Name: node
CPU%: 0.0
MEM%: 1.1400222778320312
<bound method Process.memory_info of psutil.Process(pid=43154, name='node', status='running', started='12:29:46')>
hehe
Name: node
CPU%: 0.0
MEM%: 1.1400222778320312
<bound method Process.memory_info of psutil.Process(pid=43154, name='node', status='running', started='12:29:46')>
hehe
Name: node
CPU%: 0.0
MEM%: 1.1400222778320312
<bound method Process.memory_info of psutil.Process(pid=43154, name='node', status='running', started='12:29:46')>
lsof: unknown protocol name (5000) in: -i 5000
lsof 4.91
 latest revision: ftp://lsof.itap.purdue.edu/pub/tools/unix/lsof/
 latest FAQ: ftp://lsof.itap.purdue.edu/pub/tools/unix/lsof/FAQ
 latest man page: ftp://lsof.itap.purdue.edu/pub/tools/unix/lsof/lsof_man
 usage: [-?abhlnNoOPRtUvVX] [+|-c c] [+|-d s] [+D D] [+|-f[cgG]]
 [-F [f]] [-g [s]] [-i [i]] [+|-L [l]] [+|-M] [-o [o]] [-p s]
 [+|-r [t]] [-s [p:s]] [-S [t]] [-T [t]] [-u s] [+|-w] [-x [fl]] [--] [names]
Use the ``-h'' option to get more help information.
5000
Traceback (most recent call last):
  File "/Users/viwang/Documents/imperial/projectg/setup/bench/bench.py", line 28, in <module>
    pid = stdout_lines[1].split("\t")[1]
IndexError: list index out of range
lsof: unknown protocol name (5000) in: -i 5000
lsof 4.91
 latest revision: ftp://lsof.itap.purdue.edu/pub/tools/unix/lsof/
 latest FAQ: ftp://lsof.itap.purdue.edu/pub/tools/unix/lsof/FAQ
 latest man page: ftp://lsof.itap.purdue.edu/pub/tools/unix/lsof/lsof_man
 usage: [-?abhlnNoOPRtUvVX] [+|-c c] [+|-d s] [+D D] [+|-f[cgG]]
 [-F [f]] [-g [s]] [-i [i]] [+|-L [l]] [+|-M] [-o [o]] [-p s]
 [+|-r [t]] [-s [p:s]] [-S [t]] [-T [t]] [-u s] [+|-w] [-x [fl]] [--] [names]
Use the ``-h'' option to get more help information.
5000
Traceback (most recent call last):
  File "/Users/viwang/Documents/imperial/projectg/setup/bench/bench.py", line 28, in <module>
    pid = stdout_lines[1].split("\t")[1]
IndexError: list index out of range
lsof: unknown protocol name (5000) in: -i 5000
lsof 4.91
 latest revision: ftp://lsof.itap.purdue.edu/pub/tools/unix/lsof/
 latest FAQ: ftp://lsof.itap.purdue.edu/pub/tools/unix/lsof/FAQ
 latest man page: ftp://lsof.itap.purdue.edu/pub/tools/unix/lsof/lsof_man
 usage: [-?abhlnNoOPRtUvVX] [+|-c c] [+|-d s] [+D D] [+|-f[cgG]]
 [-F [f]] [-g [s]] [-i [i]] [+|-L [l]] [+|-M] [-o [o]] [-p s]
 [+|-r [t]] [-s [p:s]] [-S [t]] [-T [t]] [-u s] [+|-w] [-x [fl]] [--] [names]
Use the ``-h'' option to get more help information.
5000
Traceback (most recent call last):
  File "/Users/viwang/Documents/imperial/projectg/setup/bench/bench.py", line 28, in <module>
    pid = stdout_lines[1].split("\t")[1]
IndexError: list index out of range
lsof: unknown protocol name (5000) in: -i 5000
lsof 4.91
 latest revision: ftp://lsof.itap.purdue.edu/pub/tools/unix/lsof/
 latest FAQ: ftp://lsof.itap.purdue.edu/pub/tools/unix/lsof/FAQ
 latest man page: ftp://lsof.itap.purdue.edu/pub/tools/unix/lsof/lsof_man
 usage: [-?abhlnNoOPRtUvVX] [+|-c c] [+|-d s] [+D D] [+|-f[cgG]]
 [-F [f]] [-g [s]] [-i [i]] [+|-L [l]] [+|-M] [-o [o]] [-p s]
 [+|-r [t]] [-s [p:s]] [-S [t]] [-T [t]] [-u s] [+|-w] [-x [fl]] [--] [names]
Use the ``-h'' option to get more help information.
5000
Traceback (most recent call last):
  File "/Users/viwang/Documents/imperial/projectg/setup/bench/bench.py", line 28, in <module>
    pid = stdout_lines[1].split("\t")[1]
IndexError: list index out of range
lsof: unknown protocol name (5000) in: -i 5000
lsof 4.91
 latest revision: ftp://lsof.itap.purdue.edu/pub/tools/unix/lsof/
 latest FAQ: ftp://lsof.itap.purdue.edu/pub/tools/unix/lsof/FAQ
 latest man page: ftp://lsof.itap.purdue.edu/pub/tools/unix/lsof/lsof_man
 usage: [-?abhlnNoOPRtUvVX] [+|-c c] [+|-d s] [+D D] [+|-f[cgG]]
 [-F [f]] [-g [s]] [-i [i]] [+|-L [l]] [+|-M] [-o [o]] [-p s]
 [+|-r [t]] [-s [p:s]] [-S [t]] [-T [t]] [-u s] [+|-w] [-x [fl]] [--] [names]
Use the ``-h'' option to get more help information.
5000
Traceback (most recent call last):
  File "/Users/viwang/Documents/imperial/projectg/setup/bench/bench.py", line 28, in <module>
    pid = stdout_lines[1].split("\t")[1]
IndexError: list index out of range
lsof: unknown protocol name (5000) in: -i 5000
lsof 4.91
 latest revision: ftp://lsof.itap.purdue.edu/pub/tools/unix/lsof/
 latest FAQ: ftp://lsof.itap.purdue.edu/pub/tools/unix/lsof/FAQ
 latest man page: ftp://lsof.itap.purdue.edu/pub/tools/unix/lsof/lsof_man
 usage: [-?abhlnNoOPRtUvVX] [+|-c c] [+|-d s] [+D D] [+|-f[cgG]]
 [-F [f]] [-g [s]] [-i [i]] [+|-L [l]] [+|-M] [-o [o]] [-p s]
 [+|-r [t]] [-s [p:s]] [-S [t]] [-T [t]] [-u s] [+|-w] [-x [fl]] [--] [names]
Use the ``-h'' option to get more help information.
5000
Traceback (most recent call last):
  File "/Users/viwang/Documents/imperial/projectg/setup/bench/bench.py", line 28, in <module>
    pid = stdout_lines[1].split("\t")[1]
IndexError: list index out of range
lsof: unknown protocol name (5000) in: -i 5000
lsof 4.91
 latest revision: ftp://lsof.itap.purdue.edu/pub/tools/unix/lsof/
 latest FAQ: ftp://lsof.itap.purdue.edu/pub/tools/unix/lsof/FAQ
 latest man page: ftp://lsof.itap.purdue.edu/pub/tools/unix/lsof/lsof_man
 usage: [-?abhlnNoOPRtUvVX] [+|-c c] [+|-d s] [+D D] [+|-f[cgG]]
 [-F [f]] [-g [s]] [-i [i]] [+|-L [l]] [+|-M] [-o [o]] [-p s]
 [+|-r [t]] [-s [p:s]] [-S [t]] [-T [t]] [-u s] [+|-w] [-x [fl]] [--] [names]
Use the ``-h'' option to get more help information.
5000
Traceback (most recent call last):
  File "/Users/viwang/Documents/imperial/projectg/setup/bench/bench.py", line 28, in <module>
    pid = stdout_lines[1].split("\t")[1]
IndexError: list index out of range
lsof: unknown protocol name (5000) in: -i 5000
lsof 4.91
 latest revision: ftp://lsof.itap.purdue.edu/pub/tools/unix/lsof/
 latest FAQ: ftp://lsof.itap.purdue.edu/pub/tools/unix/lsof/FAQ
 latest man page: ftp://lsof.itap.purdue.edu/pub/tools/unix/lsof/lsof_man
 usage: [-?abhlnNoOPRtUvVX] [+|-c c] [+|-d s] [+D D] [+|-f[cgG]]
 [-F [f]] [-g [s]] [-i [i]] [+|-L [l]] [+|-M] [-o [o]] [-p s]
 [+|-r [t]] [-s [p:s]] [-S [t]] [-T [t]] [-u s] [+|-w] [-x [fl]] [--] [names]
Use the ``-h'' option to get more help information.
5000
Traceback (most recent call last):
  File "/Users/viwang/Documents/imperial/projectg/setup/bench/bench.py", line 28, in <module>
    pid = stdout_lines[1].split("\t")[1]
IndexError: list index out of range
lsof: unknown protocol name (3001) in: -i 3001
lsof 4.91
 latest revision: ftp://lsof.itap.purdue.edu/pub/tools/unix/lsof/
 latest FAQ: ftp://lsof.itap.purdue.edu/pub/tools/unix/lsof/FAQ
 latest man page: ftp://lsof.itap.purdue.edu/pub/tools/unix/lsof/lsof_man
 usage: [-?abhlnNoOPRtUvVX] [+|-c c] [+|-d s] [+D D] [+|-f[cgG]]
 [-F [f]] [-g [s]] [-i [i]] [+|-L [l]] [+|-M] [-o [o]] [-p s]
 [+|-r [t]] [-s [p:s]] [-S [t]] [-T [t]] [-u s] [+|-w] [-x [fl]] [--] [names]
Use the ``-h'' option to get more help information.
3001
Traceback (most recent call last):
  File "/Users/viwang/Documents/imperial/projectg/setup/bench/bench.py", line 28, in <module>
    pid = stdout_lines[1].split("\t")[1]
IndexError: list index out of range
lsof: unknown protocol name (5000) in: -i 5000
lsof 4.91
 latest revision: ftp://lsof.itap.purdue.edu/pub/tools/unix/lsof/
 latest FAQ: ftp://lsof.itap.purdue.edu/pub/tools/unix/lsof/FAQ
 latest man page: ftp://lsof.itap.purdue.edu/pub/tools/unix/lsof/lsof_man
 usage: [-?abhlnNoOPRtUvVX] [+|-c c] [+|-d s] [+D D] [+|-f[cgG]]
 [-F [f]] [-g [s]] [-i [i]] [+|-L [l]] [+|-M] [-o [o]] [-p s]
 [+|-r [t]] [-s [p:s]] [-S [t]] [-T [t]] [-u s] [+|-w] [-x [fl]] [--] [names]
Use the ``-h'' option to get more help information.
5000
Traceback (most recent call last):
  File "/Users/viwang/Documents/imperial/projectg/setup/bench/bench.py", line 28, in <module>
    pid = stdout_lines[1].split("\t")[1]
IndexError: list index out of range
lsof: unknown protocol name (5000) in: -i 5000
lsof 4.91
 latest revision: ftp://lsof.itap.purdue.edu/pub/tools/unix/lsof/
 latest FAQ: ftp://lsof.itap.purdue.edu/pub/tools/unix/lsof/FAQ
 latest man page: ftp://lsof.itap.purdue.edu/pub/tools/unix/lsof/lsof_man
 usage: [-?abhlnNoOPRtUvVX] [+|-c c] [+|-d s] [+D D] [+|-f[cgG]]
 [-F [f]] [-g [s]] [-i [i]] [+|-L [l]] [+|-M] [-o [o]] [-p s]
 [+|-r [t]] [-s [p:s]] [-S [t]] [-T [t]] [-u s] [+|-w] [-x [fl]] [--] [names]
Use the ``-h'' option to get more help information.
5000
Traceback (most recent call last):
  File "/Users/viwang/Documents/imperial/projectg/setup/bench/bench.py", line 28, in <module>
    pid = stdout_lines[1].split("\t")[1]
IndexError: list index out of range
lsof: unknown protocol name (5000) in: -i 5000
lsof 4.91
 latest revision: ftp://lsof.itap.purdue.edu/pub/tools/unix/lsof/
 latest FAQ: ftp://lsof.itap.purdue.edu/pub/tools/unix/lsof/FAQ
 latest man page: ftp://lsof.itap.purdue.edu/pub/tools/unix/lsof/lsof_man
 usage: [-?abhlnNoOPRtUvVX] [+|-c c] [+|-d s] [+D D] [+|-f[cgG]]
 [-F [f]] [-g [s]] [-i [i]] [+|-L [l]] [+|-M] [-o [o]] [-p s]
 [+|-r [t]] [-s [p:s]] [-S [t]] [-T [t]] [-u s] [+|-w] [-x [fl]] [--] [names]
Use the ``-h'' option to get more help information.
5000
Traceback (most recent call last):
  File "/Users/viwang/Documents/imperial/projectg/setup/bench/bench.py", line 28, in <module>
    pid = stdout_lines[1].split("\t")[1]
IndexError: list index out of range
lsof: unknown protocol name (5000) in: -i 5000
lsof 4.91
 latest revision: ftp://lsof.itap.purdue.edu/pub/tools/unix/lsof/
 latest FAQ: ftp://lsof.itap.purdue.edu/pub/tools/unix/lsof/FAQ
 latest man page: ftp://lsof.itap.purdue.edu/pub/tools/unix/lsof/lsof_man
 usage: [-?abhlnNoOPRtUvVX] [+|-c c] [+|-d s] [+D D] [+|-f[cgG]]
 [-F [f]] [-g [s]] [-i [i]] [+|-L [l]] [+|-M] [-o [o]] [-p s]
 [+|-r [t]] [-s [p:s]] [-S [t]] [-T [t]] [-u s] [+|-w] [-x [fl]] [--] [names]
Use the ``-h'' option to get more help information.
5000
Traceback (most recent call last):
  File "/Users/viwang/Documents/imperial/projectg/setup/bench/bench.py", line 28, in <module>
    pid = stdout_lines[1].split("\t")[1]
IndexError: list index out of range
lsof: unknown protocol name (5000) in: -i 5000
lsof 4.91
 latest revision: ftp://lsof.itap.purdue.edu/pub/tools/unix/lsof/
 latest FAQ: ftp://lsof.itap.purdue.edu/pub/tools/unix/lsof/FAQ
 latest man page: ftp://lsof.itap.purdue.edu/pub/tools/unix/lsof/lsof_man
 usage: [-?abhlnNoOPRtUvVX] [+|-c c] [+|-d s] [+D D] [+|-f[cgG]]
 [-F [f]] [-g [s]] [-i [i]] [+|-L [l]] [+|-M] [-o [o]] [-p s]
 [+|-r [t]] [-s [p:s]] [-S [t]] [-T [t]] [-u s] [+|-w] [-x [fl]] [--] [names]
Use the ``-h'' option to get more help information.
5000
Traceback (most recent call last):
  File "/Users/viwang/Documents/imperial/projectg/setup/bench/bench.py", line 28, in <module>
    pid = stdout_lines[1].split("\t")[1]
IndexError: list index out of range
lsof: unknown protocol name (5000) in: -i 5000
lsof 4.91
 latest revision: ftp://lsof.itap.purdue.edu/pub/tools/unix/lsof/
 latest FAQ: ftp://lsof.itap.purdue.edu/pub/tools/unix/lsof/FAQ
 latest man page: ftp://lsof.itap.purdue.edu/pub/tools/unix/lsof/lsof_man
 usage: [-?abhlnNoOPRtUvVX] [+|-c c] [+|-d s] [+D D] [+|-f[cgG]]
 [-F [f]] [-g [s]] [-i [i]] [+|-L [l]] [+|-M] [-o [o]] [-p s]
 [+|-r [t]] [-s [p:s]] [-S [t]] [-T [t]] [-u s] [+|-w] [-x [fl]] [--] [names]
Use the ``-h'' option to get more help information.
5000
Traceback (most recent call last):
  File "/Users/viwang/Documents/imperial/projectg/setup/bench/bench.py", line 28, in <module>
    pid = stdout_lines[1].split("\t")[1]
IndexError: list index out of range
lsof: unknown protocol name (5000) in: -i 5000
lsof 4.91
 latest revision: ftp://lsof.itap.purdue.edu/pub/tools/unix/lsof/
 latest FAQ: ftp://lsof.itap.purdue.edu/pub/tools/unix/lsof/FAQ
 latest man page: ftp://lsof.itap.purdue.edu/pub/tools/unix/lsof/lsof_man
 usage: [-?abhlnNoOPRtUvVX] [+|-c c] [+|-d s] [+D D] [+|-f[cgG]]
 [-F [f]] [-g [s]] [-i [i]] [+|-L [l]] [+|-M] [-o [o]] [-p s]
 [+|-r [t]] [-s [p:s]] [-S [t]] [-T [t]] [-u s] [+|-w] [-x [fl]] [--] [names]
Use the ``-h'' option to get more help information.
5000
Traceback (most recent call last):
  File "/Users/viwang/Documents/imperial/projectg/setup/bench/bench.py", line 28, in <module>
    pid = stdout_lines[1].split("\t")[1]
IndexError: list index out of range
lsof: unknown protocol name (5000) in: -i 5000
lsof 4.91
 latest revision: ftp://lsof.itap.purdue.edu/pub/tools/unix/lsof/
 latest FAQ: ftp://lsof.itap.purdue.edu/pub/tools/unix/lsof/FAQ
 latest man page: ftp://lsof.itap.purdue.edu/pub/tools/unix/lsof/lsof_man
 usage: [-?abhlnNoOPRtUvVX] [+|-c c] [+|-d s] [+D D] [+|-f[cgG]]
 [-F [f]] [-g [s]] [-i [i]] [+|-L [l]] [+|-M] [-o [o]] [-p s]
 [+|-r [t]] [-s [p:s]] [-S [t]] [-T [t]] [-u s] [+|-w] [-x [fl]] [--] [names]
Use the ``-h'' option to get more help information.
5000
Traceback (most recent call last):
  File "/Users/viwang/Documents/imperial/projectg/setup/bench/bench.py", line 28, in <module>
    pid = stdout_lines[1].split("\t")[1]
IndexError: list index out of range
lsof: unknown protocol name (5000) in: -i 5000
lsof 4.91
 latest revision: ftp://lsof.itap.purdue.edu/pub/tools/unix/lsof/
 latest FAQ: ftp://lsof.itap.purdue.edu/pub/tools/unix/lsof/FAQ
 latest man page: ftp://lsof.itap.purdue.edu/pub/tools/unix/lsof/lsof_man
 usage: [-?abhlnNoOPRtUvVX] [+|-c c] [+|-d s] [+D D] [+|-f[cgG]]
 [-F [f]] [-g [s]] [-i [i]] [+|-L [l]] [+|-M] [-o [o]] [-p s]
 [+|-r [t]] [-s [p:s]] [-S [t]] [-T [t]] [-u s] [+|-w] [-x [fl]] [--] [names]
Use the ``-h'' option to get more help information.
5000
Traceback (most recent call last):
  File "/Users/viwang/Documents/imperial/projectg/setup/bench/bench.py", line 28, in <module>
    pid = stdout_lines[1].split("\t")[1]
IndexError: list index out of range
lsof: unknown protocol name (5000) in: -i 5000
lsof 4.91
 latest revision: ftp://lsof.itap.purdue.edu/pub/tools/unix/lsof/
 latest FAQ: ftp://lsof.itap.purdue.edu/pub/tools/unix/lsof/FAQ
 latest man page: ftp://lsof.itap.purdue.edu/pub/tools/unix/lsof/lsof_man
 usage: [-?abhlnNoOPRtUvVX] [+|-c c] [+|-d s] [+D D] [+|-f[cgG]]
 [-F [f]] [-g [s]] [-i [i]] [+|-L [l]] [+|-M] [-o [o]] [-p s]
 [+|-r [t]] [-s [p:s]] [-S [t]] [-T [t]] [-u s] [+|-w] [-x [fl]] [--] [names]
Use the ``-h'' option to get more help information.
5000
Traceback (most recent call last):
  File "/Users/viwang/Documents/imperial/projectg/setup/bench/bench.py", line 28, in <module>
    pid = stdout_lines[1].split("\t")[1]
IndexError: list index out of range
lsof: unknown protocol name (3001) in: -i 3001
lsof 4.91
 latest revision: ftp://lsof.itap.purdue.edu/pub/tools/unix/lsof/
 latest FAQ: ftp://lsof.itap.purdue.edu/pub/tools/unix/lsof/FAQ
 latest man page: ftp://lsof.itap.purdue.edu/pub/tools/unix/lsof/lsof_man
 usage: [-?abhlnNoOPRtUvVX] [+|-c c] [+|-d s] [+D D] [+|-f[cgG]]
 [-F [f]] [-g [s]] [-i [i]] [+|-L [l]] [+|-M] [-o [o]] [-p s]
 [+|-r [t]] [-s [p:s]] [-S [t]] [-T [t]] [-u s] [+|-w] [-x [fl]] [--] [names]
Use the ``-h'' option to get more help information.
3001
Traceback (most recent call last):
  File "/Users/viwang/Documents/imperial/projectg/setup/bench/bench.py", line 28, in <module>
    pid = stdout_lines[1].split("\t")[1]
IndexError: list index out of range
lsof: unknown protocol name (3001) in: -i 3001
lsof 4.91
 latest revision: ftp://lsof.itap.purdue.edu/pub/tools/unix/lsof/
 latest FAQ: ftp://lsof.itap.purdue.edu/pub/tools/unix/lsof/FAQ
 latest man page: ftp://lsof.itap.purdue.edu/pub/tools/unix/lsof/lsof_man
 usage: [-?abhlnNoOPRtUvVX] [+|-c c] [+|-d s] [+D D] [+|-f[cgG]]
 [-F [f]] [-g [s]] [-i [i]] [+|-L [l]] [+|-M] [-o [o]] [-p s]
 [+|-r [t]] [-s [p:s]] [-S [t]] [-T [t]] [-u s] [+|-w] [-x [fl]] [--] [names]
Use the ``-h'' option to get more help information.
3001
Traceback (most recent call last):
  File "/Users/viwang/Documents/imperial/projectg/setup/bench/bench.py", line 28, in <module>
    pid = stdout_lines[1].split("\t")[1]
IndexError: list index out of range
lsof: unknown protocol name (3001) in: -i 3001
lsof 4.91
 latest revision: ftp://lsof.itap.purdue.edu/pub/tools/unix/lsof/
 latest FAQ: ftp://lsof.itap.purdue.edu/pub/tools/unix/lsof/FAQ
 latest man page: ftp://lsof.itap.purdue.edu/pub/tools/unix/lsof/lsof_man
 usage: [-?abhlnNoOPRtUvVX] [+|-c c] [+|-d s] [+D D] [+|-f[cgG]]
 [-F [f]] [-g [s]] [-i [i]] [+|-L [l]] [+|-M] [-o [o]] [-p s]
 [+|-r [t]] [-s [p:s]] [-S [t]] [-T [t]] [-u s] [+|-w] [-x [fl]] [--] [names]
Use the ``-h'' option to get more help information.
3001
Traceback (most recent call last):
  File "/Users/viwang/Documents/imperial/projectg/setup/bench/bench.py", line 28, in <module>
    pid = stdout_lines[1].split("\t")[1]
IndexError: list index out of range
3001
Traceback (most recent call last):
  File "/Users/viwang/Documents/imperial/projectg/setup/bench/bench.py", line 28, in <module>
    pid = stdout_lines[1].split("\t")[1]
IndexError: list index out of range
3001
hehe
Name: node
CPU%: 36.7
MEM%: 0.49877166748046875
<bound method Process.memory_info of psutil.Process(pid=45687, name='node', status='running', started='14:10:08')>
hehe
Name: node
CPU%: 39.5
MEM%: 1.1737823486328125
<bound method Process.memory_info of psutil.Process(pid=45687, name='node', status='running', started='14:10:08')>
hehe
Name: node
CPU%: 35.4
MEM%: 1.1740684509277344
<bound method Process.memory_info of psutil.Process(pid=45687, name='node', status='running', started='14:10:08')>
hehe
Name: node
CPU%: 38.4
MEM%: 1.2426376342773438
<bound method Process.memory_info of psutil.Process(pid=45687, name='node', status='running', started='14:10:08')>
hehe
Name: node
CPU%: 64.9
MEM%: 1.2231826782226562
<bound method Process.memory_info of psutil.Process(pid=45687, name='node', status='running', started='14:10:08')>
hehe
Name: node
CPU%: 38.9
MEM%: 1.2360572814941406
<bound method Process.memory_info of psutil.Process(pid=45687, name='node', status='running', started='14:10:08')>
hehe
Name: node
CPU%: 36.0
MEM%: 1.2243270874023438
<bound method Process.memory_info of psutil.Process(pid=45687, name='node', status='running', started='14:10:08')>
hehe
Name: node
CPU%: 36.8
MEM%: 1.2381553649902344
<bound method Process.memory_info of psutil.Process(pid=45687, name='node', status='running', started='14:10:08')>
hehe
Name: node
CPU%: 36.2
MEM%: 1.2166976928710938
<bound method Process.memory_info of psutil.Process(pid=45687, name='node', status='running', started='14:10:08')>
hehe
Name: node
CPU%: 38.0
MEM%: 1.2564659118652344
<bound method Process.memory_info of psutil.Process(pid=45687, name='node', status='running', started='14:10:08')>
hehe
Name: node
CPU%: 41.2
MEM%: 1.2392044067382812
<bound method Process.memory_info of psutil.Process(pid=45687, name='node', status='running', started='14:10:08')>
hehe
Name: node
CPU%: 41.9
MEM%: 1.2627601623535156
<bound method Process.memory_info of psutil.Process(pid=45687, name='node', status='running', started='14:10:08')>
hehe
Name: node
CPU%: 38.4
MEM%: 1.2402534484863281
<bound method Process.memory_info of psutil.Process(pid=45687, name='node', status='running', started='14:10:08')>
hehe
Name: node
CPU%: 36.8
MEM%: 1.2674331665039062
<bound method Process.memory_info of psutil.Process(pid=45687, name='node', status='running', started='14:10:08')>
hehe
Name: node
CPU%: 29.7
MEM%: 1.2371063232421875
<bound method Process.memory_info of psutil.Process(pid=45687, name='node', status='running', started='14:10:08')>
hehe
Name: node
CPU%: 34.4
MEM%: 1.2681007385253906
<bound method Process.memory_info of psutil.Process(pid=45687, name='node', status='running', started='14:10:08')>
hehe
Name: node
CPU%: 39.7
MEM%: 1.2460708618164062
<bound method Process.memory_info of psutil.Process(pid=45687, name='node', status='running', started='14:10:08')>
hehe
Name: node
CPU%: 39.6
MEM%: 1.2830734252929688
<bound method Process.memory_info of psutil.Process(pid=45687, name='node', status='running', started='14:10:08')>
hehe
Name: node
CPU%: 39.5
MEM%: 1.2455940246582031
<bound method Process.memory_info of psutil.Process(pid=45687, name='node', status='running', started='14:10:08')>
hehe
Name: node
CPU%: 0.1
MEM%: 1.2455940246582031
<bound method Process.memory_info of psutil.Process(pid=45687, name='node', status='running', started='14:10:08')>
hehe
Name: node
CPU%: 0.0
MEM%: 1.2455940246582031
<bound method Process.memory_info of psutil.Process(pid=45687, name='node', status='running', started='14:10:08')>
hehe
Name: node
CPU%: 0.0
MEM%: 1.2632369995117188
<bound method Process.memory_info of psutil.Process(pid=45687, name='node', status='running', started='14:10:08')>
hehe
Name: node
CPU%: 0.0
MEM%: 1.2632369995117188
<bound method Process.memory_info of psutil.Process(pid=45687, name='node', status='running', started='14:10:08')>
hehe
Name: node
CPU%: 0.0
MEM%: 1.2632369995117188
<bound method Process.memory_info of psutil.Process(pid=45687, name='node', status='running', started='14:10:08')>
hehe
Name: node
CPU%: 0.0
MEM%: 1.2632369995117188
<bound method Process.memory_info of psutil.Process(pid=45687, name='node', status='running', started='14:10:08')>
hehe
Name: node
CPU%: 0.0
MEM%: 1.2632369995117188
<bound method Process.memory_info of psutil.Process(pid=45687, name='node', status='running', started='14:10:08')>
hehe
Name: node
CPU%: 1.8
MEM%: 1.263427734375
<bound method Process.memory_info of psutil.Process(pid=45687, name='node', status='running', started='14:10:08')>
hehe
Name: node
CPU%: 0.0
MEM%: 1.263427734375
<bound method Process.memory_info of psutil.Process(pid=45687, name='node', status='running', started='14:10:08')>
hehe
Name: node
CPU%: 0.0
MEM%: 1.2635231018066406
<bound method Process.memory_info of psutil.Process(pid=45687, name='node', status='running', started='14:10:08')>
hehe
Name: node
CPU%: 0.0
MEM%: 1.2635231018066406
<bound method Process.memory_info of psutil.Process(pid=45687, name='node', status='running', started='14:10:08')>
hehe
Name: node
CPU%: 0.0
MEM%: 1.2635231018066406
<bound method Process.memory_info of psutil.Process(pid=45687, name='node', status='running', started='14:10:08')>
3001
hehe
Name: node
CPU%: 4.8
MEM%: 1.0952949523925781
<bound method Process.memory_info of psutil.Process(pid=45687, name='node', status='running', started='14:10:08')>
hehe
Name: node
CPU%: 0.0
MEM%: 1.0988235473632812
<bound method Process.memory_info of psutil.Process(pid=45687, name='node', status='running', started='14:10:08')>
hehe
Name: node
CPU%: 0.0
MEM%: 1.0988235473632812
<bound method Process.memory_info of psutil.Process(pid=45687, name='node', status='running', started='14:10:08')>
hehe
Name: node
CPU%: 1.2
MEM%: 1.1003494262695312
<bound method Process.memory_info of psutil.Process(pid=45687, name='node', status='running', started='14:10:08')>
hehe
Name: node
CPU%: 0.0
MEM%: 1.1004447937011719
<bound method Process.memory_info of psutil.Process(pid=45687, name='node', status='running', started='14:10:08')>
hehe
Name: node
CPU%: 0.0
MEM%: 1.1004447937011719
<bound method Process.memory_info of psutil.Process(pid=45687, name='node', status='running', started='14:10:08')>
hehe
Name: node
CPU%: 0.0
MEM%: 1.1004447937011719
<bound method Process.memory_info of psutil.Process(pid=45687, name='node', status='running', started='14:10:08')>
hehe
Name: node
CPU%: 0.0
MEM%: 1.1004447937011719
<bound method Process.memory_info of psutil.Process(pid=45687, name='node', status='running', started='14:10:08')>
hehe
Name: node
CPU%: 0.0
MEM%: 1.1004447937011719
<bound method Process.memory_info of psutil.Process(pid=45687, name='node', status='running', started='14:10:08')>
hehe
Name: node
CPU%: 0.0
MEM%: 1.1004447937011719
<bound method Process.memory_info of psutil.Process(pid=45687, name='node', status='running', started='14:10:08')>
hehe
Name: node
CPU%: 13.2
MEM%: 1.1370658874511719
<bound method Process.memory_info of psutil.Process(pid=45687, name='node', status='running', started='14:10:08')>
hehe
Name: node
CPU%: 0.0
MEM%: 1.1371612548828125
<bound method Process.memory_info of psutil.Process(pid=45687, name='node', status='running', started='14:10:08')>
hehe
Name: node
CPU%: 0.0
MEM%: 1.1371612548828125
<bound method Process.memory_info of psutil.Process(pid=45687, name='node', status='running', started='14:10:08')>
hehe
Name: node
CPU%: 0.0
MEM%: 1.1500358581542969
<bound method Process.memory_info of psutil.Process(pid=45687, name='node', status='running', started='14:10:08')>
hehe
Name: node
CPU%: 0.0
MEM%: 1.1500358581542969
<bound method Process.memory_info of psutil.Process(pid=45687, name='node', status='running', started='14:10:08')>
hehe
Name: node
CPU%: 0.0
MEM%: 1.1500358581542969
<bound method Process.memory_info of psutil.Process(pid=45687, name='node', status='running', started='14:10:08')>
hehe
Name: node
CPU%: 0.0
MEM%: 1.1500358581542969
<bound method Process.memory_info of psutil.Process(pid=45687, name='node', status='running', started='14:10:08')>
hehe
Name: node
CPU%: 0.0
MEM%: 1.1500358581542969
<bound method Process.memory_info of psutil.Process(pid=45687, name='node', status='running', started='14:10:08')>
hehe
Name: node
CPU%: 0.0
MEM%: 1.1502265930175781
<bound method Process.memory_info of psutil.Process(pid=45687, name='node', status='running', started='14:10:08')>
hehe
Name: node
CPU%: 0.0
MEM%: 1.1502265930175781
<bound method Process.memory_info of psutil.Process(pid=45687, name='node', status='running', started='14:10:08')>
hehe
Name: node
CPU%: 0.0
MEM%: 1.1502265930175781
<bound method Process.memory_info of psutil.Process(pid=45687, name='node', status='running', started='14:10:08')>
hehe
Name: node
CPU%: 0.0
MEM%: 1.1502265930175781
<bound method Process.memory_info of psutil.Process(pid=45687, name='node', status='running', started='14:10:08')>
hehe
Name: node
CPU%: 0.0
MEM%: 1.1502265930175781
<bound method Process.memory_info of psutil.Process(pid=45687, name='node', status='running', started='14:10:08')>
hehe
Name: node
CPU%: 0.0
MEM%: 1.1502265930175781
<bound method Process.memory_info of psutil.Process(pid=45687, name='node', status='running', started='14:10:08')>
hehe
Name: node
CPU%: 0.0
MEM%: 1.1502265930175781
<bound method Process.memory_info of psutil.Process(pid=45687, name='node', status='running', started='14:10:08')>
hehe
Name: node
CPU%: 0.0
MEM%: 1.1502265930175781
<bound method Process.memory_info of psutil.Process(pid=45687, name='node', status='running', started='14:10:08')>
hehe
Name: node
CPU%: 0.0
MEM%: 1.1502265930175781
<bound method Process.memory_info of psutil.Process(pid=45687, name='node', status='running', started='14:10:08')>
hehe
Name: node
CPU%: 0.0
MEM%: 1.1502265930175781
<bound method Process.memory_info of psutil.Process(pid=45687, name='node', status='running', started='14:10:08')>
hehe
Name: node
CPU%: 0.0
MEM%: 1.1502265930175781
<bound method Process.memory_info of psutil.Process(pid=45687, name='node', status='running', started='14:10:08')>
hehe
Name: node
CPU%: 0.0
MEM%: 1.1502265930175781
<bound method Process.memory_info of psutil.Process(pid=45687, name='node', status='running', started='14:10:08')>
hehe
Name: node
CPU%: 0.0
MEM%: 1.1492729187011719
<bound method Process.memory_info of psutil.Process(pid=45687, name='node', status='running', started='14:10:08')>
3001
hehe
Name: node
CPU%: 5.9
MEM%: 1.10321044921875
<bound method Process.memory_info of psutil.Process(pid=45687, name='node', status='running', started='14:10:08')>
hehe
Name: node
CPU%: 1.1
MEM%: 1.1371612548828125
<bound method Process.memory_info of psutil.Process(pid=45687, name='node', status='running', started='14:10:08')>
hehe
Name: node
CPU%: 0.0
MEM%: 1.1371612548828125
<bound method Process.memory_info of psutil.Process(pid=45687, name='node', status='running', started='14:10:08')>
hehe
Name: node
CPU%: 1.3
MEM%: 1.1500358581542969
<bound method Process.memory_info of psutil.Process(pid=45687, name='node', status='running', started='14:10:08')>
hehe
Name: node
CPU%: 0.0
MEM%: 1.1500358581542969
<bound method Process.memory_info of psutil.Process(pid=45687, name='node', status='running', started='14:10:08')>
hehe
Name: node
CPU%: 0.0
MEM%: 1.1500358581542969
<bound method Process.memory_info of psutil.Process(pid=45687, name='node', status='running', started='14:10:08')>
hehe
Name: node
CPU%: 0.0
MEM%: 1.1500358581542969
<bound method Process.memory_info of psutil.Process(pid=45687, name='node', status='running', started='14:10:08')>
hehe
Name: node
CPU%: 0.0
MEM%: 1.1500358581542969
<bound method Process.memory_info of psutil.Process(pid=45687, name='node', status='running', started='14:10:08')>
hehe
Name: node
CPU%: 0.0
MEM%: 1.1500358581542969
<bound method Process.memory_info of psutil.Process(pid=45687, name='node', status='running', started='14:10:08')>
hehe
Name: node
CPU%: 0.0
MEM%: 1.1502265930175781
<bound method Process.memory_info of psutil.Process(pid=45687, name='node', status='running', started='14:10:08')>
hehe
Name: node
CPU%: 0.0
MEM%: 1.1502265930175781
<bound method Process.memory_info of psutil.Process(pid=45687, name='node', status='running', started='14:10:08')>
hehe
Name: node
CPU%: 0.0
MEM%: 1.1502265930175781
<bound method Process.memory_info of psutil.Process(pid=45687, name='node', status='running', started='14:10:08')>
hehe
Name: node
CPU%: 0.0
MEM%: 1.1502265930175781
<bound method Process.memory_info of psutil.Process(pid=45687, name='node', status='running', started='14:10:08')>
hehe
Name: node
CPU%: 0.0
MEM%: 1.1502265930175781
<bound method Process.memory_info of psutil.Process(pid=45687, name='node', status='running', started='14:10:08')>
hehe
Name: node
CPU%: 0.0
MEM%: 1.1502265930175781
<bound method Process.memory_info of psutil.Process(pid=45687, name='node', status='running', started='14:10:08')>
hehe
Name: node
CPU%: 0.0
MEM%: 1.1502265930175781
<bound method Process.memory_info of psutil.Process(pid=45687, name='node', status='running', started='14:10:08')>
hehe
Name: node
CPU%: 0.0
MEM%: 1.1502265930175781
<bound method Process.memory_info of psutil.Process(pid=45687, name='node', status='running', started='14:10:08')>
hehe
Name: node
CPU%: 0.0
MEM%: 1.1502265930175781
<bound method Process.memory_info of psutil.Process(pid=45687, name='node', status='running', started='14:10:08')>
hehe
Name: node
CPU%: 0.0
MEM%: 1.1502265930175781
<bound method Process.memory_info of psutil.Process(pid=45687, name='node', status='running', started='14:10:08')>
hehe
Name: node
CPU%: 0.0
MEM%: 1.1502265930175781
<bound method Process.memory_info of psutil.Process(pid=45687, name='node', status='running', started='14:10:08')>
hehe
Name: node
CPU%: 0.0
MEM%: 1.1493682861328125
<bound method Process.memory_info of psutil.Process(pid=45687, name='node', status='running', started='14:10:08')>
hehe
Name: node
CPU%: 0.0
MEM%: 1.1492729187011719
<bound method Process.memory_info of psutil.Process(pid=45687, name='node', status='running', started='14:10:08')>
hehe
Name: node
CPU%: 0.0
MEM%: 1.1492729187011719
<bound method Process.memory_info of psutil.Process(pid=45687, name='node', status='running', started='14:10:08')>
hehe
Name: node
CPU%: 0.0
MEM%: 1.1492729187011719
<bound method Process.memory_info of psutil.Process(pid=45687, name='node', status='running', started='14:10:08')>
hehe
Name: node
CPU%: 0.0
MEM%: 1.1492729187011719
<bound method Process.memory_info of psutil.Process(pid=45687, name='node', status='running', started='14:10:08')>
hehe
Name: node
CPU%: 0.0
MEM%: 1.1480331420898438
<bound method Process.memory_info of psutil.Process(pid=45687, name='node', status='running', started='14:10:08')>
hehe
Name: node
CPU%: 0.0
MEM%: 1.1480331420898438
<bound method Process.memory_info of psutil.Process(pid=45687, name='node', status='running', started='14:10:08')>
hehe
Name: node
CPU%: 0.0
MEM%: 1.1480331420898438
<bound method Process.memory_info of psutil.Process(pid=45687, name='node', status='running', started='14:10:08')>
hehe
Name: node
CPU%: 0.0
MEM%: 1.1480331420898438
<bound method Process.memory_info of psutil.Process(pid=45687, name='node', status='running', started='14:10:08')>
hehe
Name: node
CPU%: 0.0
MEM%: 1.1480331420898438
<bound method Process.memory_info of psutil.Process(pid=45687, name='node', status='running', started='14:10:08')>
hehe
Name: node
CPU%: 0.0
MEM%: 1.1480331420898438
<bound method Process.memory_info of psutil.Process(pid=45687, name='node', status='running', started='14:10:08')>
3001
hehe
Name: node
CPU%: 5.4
MEM%: 1.1212348937988281
<bound method Process.memory_info of psutil.Process(pid=45687, name='node', status='running', started='14:10:08')>
hehe
Name: node
CPU%: 17.7
MEM%: 1.1623382568359375
<bound method Process.memory_info of psutil.Process(pid=45687, name='node', status='running', started='14:10:08')>
hehe
Name: node
CPU%: 38.1
MEM%: 1.2121200561523438
<bound method Process.memory_info of psutil.Process(pid=45687, name='node', status='running', started='14:10:08')>
hehe
Name: node
CPU%: 11.2
MEM%: 1.1555671691894531
<bound method Process.memory_info of psutil.Process(pid=45687, name='node', status='running', started='14:10:08')>
hehe
Name: node
CPU%: 10.7
MEM%: 1.1578559875488281
<bound method Process.memory_info of psutil.Process(pid=45687, name='node', status='running', started='14:10:08')>
hehe
Name: node
CPU%: 16.7
MEM%: 1.07421875
<bound method Process.memory_info of psutil.Process(pid=45687, name='node', status='running', started='14:10:08')>
hehe
Name: node
CPU%: 17.4
MEM%: 1.1179924011230469
<bound method Process.memory_info of psutil.Process(pid=45687, name='node', status='running', started='14:10:08')>
hehe
Name: node
CPU%: 5.8
MEM%: 1.1285781860351562
<bound method Process.memory_info of psutil.Process(pid=45687, name='node', status='running', started='14:10:08')>
hehe
Name: node
CPU%: 12.1
MEM%: 1.1412620544433594
<bound method Process.memory_info of psutil.Process(pid=45687, name='node', status='running', started='14:10:08')>
hehe
Name: node
CPU%: 41.8
MEM%: 1.1333465576171875
<bound method Process.memory_info of psutil.Process(pid=45687, name='node', status='running', started='14:10:08')>
hehe
Name: node
CPU%: 8.3
MEM%: 1.13372802734375
<bound method Process.memory_info of psutil.Process(pid=45687, name='node', status='running', started='14:10:08')>
hehe
Name: node
CPU%: 8.6
MEM%: 1.1339187622070312
<bound method Process.memory_info of psutil.Process(pid=45687, name='node', status='running', started='14:10:08')>
hehe
Name: node
CPU%: 6.5
MEM%: 1.1380195617675781
<bound method Process.memory_info of psutil.Process(pid=45687, name='node', status='running', started='14:10:08')>
hehe
Name: node
CPU%: 12.0
MEM%: 1.1569976806640625
<bound method Process.memory_info of psutil.Process(pid=45687, name='node', status='running', started='14:10:08')>
hehe
Name: node
CPU%: 16.6
MEM%: 1.1460304260253906
<bound method Process.memory_info of psutil.Process(pid=45687, name='node', status='running', started='14:10:08')>
hehe
Name: node
CPU%: 24.1
MEM%: 1.1462211608886719
<bound method Process.memory_info of psutil.Process(pid=45687, name='node', status='running', started='14:10:08')>
hehe
Name: node
CPU%: 24.0
MEM%: 1.1469841003417969
<bound method Process.memory_info of psutil.Process(pid=45687, name='node', status='running', started='14:10:08')>
hehe
Name: node
CPU%: 7.7
MEM%: 1.1495590209960938
<bound method Process.memory_info of psutil.Process(pid=45687, name='node', status='running', started='14:10:08')>
hehe
Name: node
CPU%: 22.7
MEM%: 1.1602401733398438
<bound method Process.memory_info of psutil.Process(pid=45687, name='node', status='running', started='14:10:08')>
hehe
Name: node
CPU%: 0.0
MEM%: 1.1518478393554688
<bound method Process.memory_info of psutil.Process(pid=45687, name='node', status='running', started='14:10:08')>
hehe
Name: node
CPU%: 0.0
MEM%: 1.1518478393554688
<bound method Process.memory_info of psutil.Process(pid=45687, name='node', status='running', started='14:10:08')>
hehe
Name: node
CPU%: 0.0
MEM%: 1.1518478393554688
<bound method Process.memory_info of psutil.Process(pid=45687, name='node', status='running', started='14:10:08')>
hehe
Name: node
CPU%: 0.0
MEM%: 1.1518478393554688
<bound method Process.memory_info of psutil.Process(pid=45687, name='node', status='running', started='14:10:08')>
hehe
Name: node
CPU%: 0.0
MEM%: 1.1518478393554688
<bound method Process.memory_info of psutil.Process(pid=45687, name='node', status='running', started='14:10:08')>
hehe
Name: node
CPU%: 0.0
MEM%: 1.1518478393554688
<bound method Process.memory_info of psutil.Process(pid=45687, name='node', status='running', started='14:10:08')>
hehe
Name: node
CPU%: 0.0
MEM%: 1.1518478393554688
<bound method Process.memory_info of psutil.Process(pid=45687, name='node', status='running', started='14:10:08')>
hehe
Name: node
CPU%: 0.0
MEM%: 1.1518478393554688
<bound method Process.memory_info of psutil.Process(pid=45687, name='node', status='running', started='14:10:08')>
hehe
Name: node
CPU%: 0.0
MEM%: 1.1526107788085938
<bound method Process.memory_info of psutil.Process(pid=45687, name='node', status='running', started='14:10:08')>
hehe
Name: node
CPU%: 0.0
MEM%: 1.1524200439453125
<bound method Process.memory_info of psutil.Process(pid=45687, name='node', status='running', started='14:10:08')>
hehe
Name: node
CPU%: 0.4
MEM%: 1.1524200439453125
<bound method Process.memory_info of psutil.Process(pid=45687, name='node', status='running', started='14:10:08')>
hehe
Name: node
CPU%: 0.0
MEM%: 1.1524200439453125
<bound method Process.memory_info of psutil.Process(pid=45687, name='node', status='running', started='14:10:08')>
5000
hehe
Name: Python
CPU%: 0.0
MEM%: 0.043201446533203125
<bound method Process.memory_info of psutil.Process(pid=45562, name='Python', status='running', started='14:07:14')>
hehe
Name: Python
CPU%: 0.0
MEM%: 0.043201446533203125
<bound method Process.memory_info of psutil.Process(pid=45562, name='Python', status='running', started='14:07:14')>
hehe
Name: Python
CPU%: 0.0
MEM%: 0.043201446533203125
<bound method Process.memory_info of psutil.Process(pid=45562, name='Python', status='running', started='14:07:14')>
hehe
Name: Python
CPU%: 0.0
MEM%: 0.043201446533203125
<bound method Process.memory_info of psutil.Process(pid=45562, name='Python', status='running', started='14:07:14')>
hehe
Name: Python
CPU%: 0.0
MEM%: 0.043201446533203125
<bound method Process.memory_info of psutil.Process(pid=45562, name='Python', status='running', started='14:07:14')>
hehe
Name: Python
CPU%: 0.0
MEM%: 0.043201446533203125
<bound method Process.memory_info of psutil.Process(pid=45562, name='Python', status='running', started='14:07:14')>
hehe
Name: Python
CPU%: 0.0
MEM%: 0.043201446533203125
<bound method Process.memory_info of psutil.Process(pid=45562, name='Python', status='running', started='14:07:14')>
hehe
Name: Python
CPU%: 0.0
MEM%: 0.043201446533203125
<bound method Process.memory_info of psutil.Process(pid=45562, name='Python', status='running', started='14:07:14')>
hehe
Name: Python
CPU%: 0.0
MEM%: 0.043201446533203125
<bound method Process.memory_info of psutil.Process(pid=45562, name='Python', status='running', started='14:07:14')>
hehe
Name: Python
CPU%: 0.0
MEM%: 0.043201446533203125
<bound method Process.memory_info of psutil.Process(pid=45562, name='Python', status='running', started='14:07:14')>
hehe
Name: Python
CPU%: 0.0
MEM%: 0.043201446533203125
<bound method Process.memory_info of psutil.Process(pid=45562, name='Python', status='running', started='14:07:14')>
hehe
Name: Python
CPU%: 0.0
MEM%: 0.043201446533203125
<bound method Process.memory_info of psutil.Process(pid=45562, name='Python', status='running', started='14:07:14')>
hehe
Name: Python
CPU%: 0.0
MEM%: 0.043201446533203125
<bound method Process.memory_info of psutil.Process(pid=45562, name='Python', status='running', started='14:07:14')>
hehe
Name: Python
CPU%: 0.0
MEM%: 0.043201446533203125
<bound method Process.memory_info of psutil.Process(pid=45562, name='Python', status='running', started='14:07:14')>
hehe
Name: Python
CPU%: 0.0
MEM%: 0.043201446533203125
<bound method Process.memory_info of psutil.Process(pid=45562, name='Python', status='running', started='14:07:14')>
hehe
Name: Python
CPU%: 0.0
MEM%: 0.043201446533203125
<bound method Process.memory_info of psutil.Process(pid=45562, name='Python', status='running', started='14:07:14')>
hehe
Name: Python
CPU%: 0.0
MEM%: 0.043201446533203125
<bound method Process.memory_info of psutil.Process(pid=45562, name='Python', status='running', started='14:07:14')>
hehe
Name: Python
CPU%: 0.0
MEM%: 0.043201446533203125
<bound method Process.memory_info of psutil.Process(pid=45562, name='Python', status='running', started='14:07:14')>
hehe
Name: Python
CPU%: 0.0
MEM%: 0.043201446533203125
<bound method Process.memory_info of psutil.Process(pid=45562, name='Python', status='running', started='14:07:14')>
hehe
Name: Python
CPU%: 0.0
MEM%: 0.043201446533203125
<bound method Process.memory_info of psutil.Process(pid=45562, name='Python', status='running', started='14:07:14')>
hehe
Name: Python
CPU%: 0.0
MEM%: 0.043201446533203125
<bound method Process.memory_info of psutil.Process(pid=45562, name='Python', status='running', started='14:07:14')>
hehe
Name: Python
CPU%: 0.1
MEM%: 0.043201446533203125
<bound method Process.memory_info of psutil.Process(pid=45562, name='Python', status='running', started='14:07:14')>
hehe
Name: Python
CPU%: 0.0
MEM%: 0.043201446533203125
<bound method Process.memory_info of psutil.Process(pid=45562, name='Python', status='running', started='14:07:14')>
hehe
Name: Python
CPU%: 0.0
MEM%: 0.043201446533203125
<bound method Process.memory_info of psutil.Process(pid=45562, name='Python', status='running', started='14:07:14')>
hehe
Name: Python
CPU%: 0.0
MEM%: 0.043201446533203125
<bound method Process.memory_info of psutil.Process(pid=45562, name='Python', status='running', started='14:07:14')>
hehe
Name: Python
CPU%: 0.1
MEM%: 0.043201446533203125
<bound method Process.memory_info of psutil.Process(pid=45562, name='Python', status='running', started='14:07:14')>
hehe
Name: Python
CPU%: 0.1
MEM%: 0.043201446533203125
<bound method Process.memory_info of psutil.Process(pid=45562, name='Python', status='running', started='14:07:14')>
hehe
Name: Python
CPU%: 0.0
MEM%: 0.043201446533203125
<bound method Process.memory_info of psutil.Process(pid=45562, name='Python', status='running', started='14:07:14')>
hehe
Name: Python
CPU%: 0.0
MEM%: 0.043201446533203125
<bound method Process.memory_info of psutil.Process(pid=45562, name='Python', status='running', started='14:07:14')>
hehe
Name: Python
CPU%: 0.0
MEM%: 0.043201446533203125
<bound method Process.memory_info of psutil.Process(pid=45562, name='Python', status='running', started='14:07:14')>
hehe
Name: Python
CPU%: 0.0
MEM%: 0.043201446533203125
<bound method Process.memory_info of psutil.Process(pid=45562, name='Python', status='running', started='14:07:14')>
5000
hehe
Name: Python
CPU%: 0.0
MEM%: 0.043201446533203125
<bound method Process.memory_info of psutil.Process(pid=45562, name='Python', status='running', started='14:07:14')>
hehe
Name: Python
CPU%: 0.0
MEM%: 0.043201446533203125
<bound method Process.memory_info of psutil.Process(pid=45562, name='Python', status='running', started='14:07:14')>
hehe
Name: Python
CPU%: 0.0
MEM%: 0.043201446533203125
<bound method Process.memory_info of psutil.Process(pid=45562, name='Python', status='running', started='14:07:14')>
hehe
Name: Python
CPU%: 0.0
MEM%: 0.043201446533203125
<bound method Process.memory_info of psutil.Process(pid=45562, name='Python', status='running', started='14:07:14')>
hehe
Name: Python
CPU%: 0.0
MEM%: 0.043201446533203125
<bound method Process.memory_info of psutil.Process(pid=45562, name='Python', status='running', started='14:07:14')>
hehe
Name: Python
CPU%: 0.0
MEM%: 0.043201446533203125
<bound method Process.memory_info of psutil.Process(pid=45562, name='Python', status='running', started='14:07:14')>
hehe
Name: Python
CPU%: 0.0
MEM%: 0.043201446533203125
<bound method Process.memory_info of psutil.Process(pid=45562, name='Python', status='running', started='14:07:14')>
hehe
Name: Python
CPU%: 0.0
MEM%: 0.043201446533203125
<bound method Process.memory_info of psutil.Process(pid=45562, name='Python', status='running', started='14:07:14')>
hehe
Name: Python
CPU%: 0.0
MEM%: 0.043201446533203125
<bound method Process.memory_info of psutil.Process(pid=45562, name='Python', status='running', started='14:07:14')>
hehe
Name: Python
CPU%: 0.0
MEM%: 0.043201446533203125
<bound method Process.memory_info of psutil.Process(pid=45562, name='Python', status='running', started='14:07:14')>
hehe
Name: Python
CPU%: 0.0
MEM%: 0.043201446533203125
<bound method Process.memory_info of psutil.Process(pid=45562, name='Python', status='running', started='14:07:14')>
hehe
Name: Python
CPU%: 0.0
MEM%: 0.043201446533203125
<bound method Process.memory_info of psutil.Process(pid=45562, name='Python', status='running', started='14:07:14')>
hehe
Name: Python
CPU%: 0.0
MEM%: 0.043201446533203125
<bound method Process.memory_info of psutil.Process(pid=45562, name='Python', status='running', started='14:07:14')>
hehe
Name: Python
CPU%: 0.0
MEM%: 0.043201446533203125
<bound method Process.memory_info of psutil.Process(pid=45562, name='Python', status='running', started='14:07:14')>
hehe
Name: Python
CPU%: 0.0
MEM%: 0.043201446533203125
<bound method Process.memory_info of psutil.Process(pid=45562, name='Python', status='running', started='14:07:14')>
hehe
Name: Python
CPU%: 0.0
MEM%: 0.043201446533203125
<bound method Process.memory_info of psutil.Process(pid=45562, name='Python', status='running', started='14:07:14')>
hehe
Name: Python
CPU%: 0.0
MEM%: 0.043201446533203125
<bound method Process.memory_info of psutil.Process(pid=45562, name='Python', status='running', started='14:07:14')>
hehe
Name: Python
CPU%: 0.0
MEM%: 0.043201446533203125
<bound method Process.memory_info of psutil.Process(pid=45562, name='Python', status='running', started='14:07:14')>
hehe
Name: Python
CPU%: 0.0
MEM%: 0.043201446533203125
<bound method Process.memory_info of psutil.Process(pid=45562, name='Python', status='running', started='14:07:14')>
hehe
Name: Python
CPU%: 0.0
MEM%: 0.043201446533203125
<bound method Process.memory_info of psutil.Process(pid=45562, name='Python', status='running', started='14:07:14')>
hehe
Name: Python
CPU%: 0.0
MEM%: 0.043201446533203125
<bound method Process.memory_info of psutil.Process(pid=45562, name='Python', status='running', started='14:07:14')>
hehe
Name: Python
CPU%: 0.0
MEM%: 0.043201446533203125
<bound method Process.memory_info of psutil.Process(pid=45562, name='Python', status='running', started='14:07:14')>
hehe
Name: Python
CPU%: 0.0
MEM%: 0.043201446533203125
<bound method Process.memory_info of psutil.Process(pid=45562, name='Python', status='running', started='14:07:14')>
hehe
Name: Python
CPU%: 0.0
MEM%: 0.043201446533203125
<bound method Process.memory_info of psutil.Process(pid=45562, name='Python', status='running', started='14:07:14')>
hehe
Name: Python
CPU%: 0.0
MEM%: 0.043201446533203125
<bound method Process.memory_info of psutil.Process(pid=45562, name='Python', status='running', started='14:07:14')>
hehe
Name: Python
CPU%: 0.0
MEM%: 0.043201446533203125
<bound method Process.memory_info of psutil.Process(pid=45562, name='Python', status='running', started='14:07:14')>
hehe
Name: Python
CPU%: 0.0
MEM%: 0.043201446533203125
<bound method Process.memory_info of psutil.Process(pid=45562, name='Python', status='running', started='14:07:14')>
hehe
Name: Python
CPU%: 0.0
MEM%: 0.043201446533203125
<bound method Process.memory_info of psutil.Process(pid=45562, name='Python', status='running', started='14:07:14')>
hehe
Name: Python
CPU%: 0.0
MEM%: 0.043201446533203125
<bound method Process.memory_info of psutil.Process(pid=45562, name='Python', status='running', started='14:07:14')>
hehe
Name: Python
CPU%: 0.0
MEM%: 0.043201446533203125
<bound method Process.memory_info of psutil.Process(pid=45562, name='Python', status='running', started='14:07:14')>
hehe
Name: Python
CPU%: 0.0
MEM%: 0.043201446533203125
<bound method Process.memory_info of psutil.Process(pid=45562, name='Python', status='running', started='14:07:14')>
5000
hehe
Name: Python
CPU%: 0.0
MEM%: 0.043201446533203125
<bound method Process.memory_info of psutil.Process(pid=45562, name='Python', status='running', started='14:07:14')>
hehe
Name: Python
CPU%: 0.0
MEM%: 0.043201446533203125
<bound method Process.memory_info of psutil.Process(pid=45562, name='Python', status='running', started='14:07:14')>
hehe
Name: Python
CPU%: 0.0
MEM%: 0.043201446533203125
<bound method Process.memory_info of psutil.Process(pid=45562, name='Python', status='running', started='14:07:14')>
hehe
Name: Python
CPU%: 0.0
MEM%: 0.043201446533203125
<bound method Process.memory_info of psutil.Process(pid=45562, name='Python', status='running', started='14:07:14')>
hehe
Name: Python
CPU%: 0.0
MEM%: 0.043201446533203125
<bound method Process.memory_info of psutil.Process(pid=45562, name='Python', status='running', started='14:07:14')>
hehe
Name: Python
CPU%: 0.0
MEM%: 0.043201446533203125
<bound method Process.memory_info of psutil.Process(pid=45562, name='Python', status='running', started='14:07:14')>
hehe
Name: Python
CPU%: 0.0
MEM%: 0.043201446533203125
<bound method Process.memory_info of psutil.Process(pid=45562, name='Python', status='running', started='14:07:14')>
hehe
Name: Python
CPU%: 0.0
MEM%: 0.043201446533203125
<bound method Process.memory_info of psutil.Process(pid=45562, name='Python', status='running', started='14:07:14')>
hehe
Name: Python
CPU%: 0.0
MEM%: 0.043201446533203125
<bound method Process.memory_info of psutil.Process(pid=45562, name='Python', status='running', started='14:07:14')>
hehe
Name: Python
CPU%: 0.0
MEM%: 0.043201446533203125
<bound method Process.memory_info of psutil.Process(pid=45562, name='Python', status='running', started='14:07:14')>
hehe
Name: Python
CPU%: 0.0
MEM%: 0.043201446533203125
<bound method Process.memory_info of psutil.Process(pid=45562, name='Python', status='running', started='14:07:14')>
hehe
Name: Python
CPU%: 0.0
MEM%: 0.043201446533203125
<bound method Process.memory_info of psutil.Process(pid=45562, name='Python', status='running', started='14:07:14')>
hehe
Name: Python
CPU%: 0.0
MEM%: 0.043201446533203125
<bound method Process.memory_info of psutil.Process(pid=45562, name='Python', status='running', started='14:07:14')>
hehe
Name: Python
CPU%: 0.0
MEM%: 0.043201446533203125
<bound method Process.memory_info of psutil.Process(pid=45562, name='Python', status='running', started='14:07:14')>
hehe
Name: Python
CPU%: 0.0
MEM%: 0.043201446533203125
<bound method Process.memory_info of psutil.Process(pid=45562, name='Python', status='running', started='14:07:14')>
hehe
Name: Python
CPU%: 0.0
MEM%: 0.043201446533203125
<bound method Process.memory_info of psutil.Process(pid=45562, name='Python', status='running', started='14:07:14')>
hehe
Name: Python
CPU%: 0.0
MEM%: 0.043201446533203125
<bound method Process.memory_info of psutil.Process(pid=45562, name='Python', status='running', started='14:07:14')>
hehe
Name: Python
CPU%: 0.0
MEM%: 0.043201446533203125
<bound method Process.memory_info of psutil.Process(pid=45562, name='Python', status='running', started='14:07:14')>
hehe
Name: Python
CPU%: 0.0
MEM%: 0.043201446533203125
<bound method Process.memory_info of psutil.Process(pid=45562, name='Python', status='running', started='14:07:14')>
hehe
Name: Python
CPU%: 0.0
MEM%: 0.043201446533203125
<bound method Process.memory_info of psutil.Process(pid=45562, name='Python', status='running', started='14:07:14')>
hehe
Name: Python
CPU%: 0.0
MEM%: 0.043201446533203125
<bound method Process.memory_info of psutil.Process(pid=45562, name='Python', status='running', started='14:07:14')>
hehe
Name: Python
CPU%: 0.0
MEM%: 0.043201446533203125
<bound method Process.memory_info of psutil.Process(pid=45562, name='Python', status='running', started='14:07:14')>
hehe
Name: Python
CPU%: 0.0
MEM%: 0.043201446533203125
<bound method Process.memory_info of psutil.Process(pid=45562, name='Python', status='running', started='14:07:14')>
hehe
Name: Python
CPU%: 0.0
MEM%: 0.043201446533203125
<bound method Process.memory_info of psutil.Process(pid=45562, name='Python', status='running', started='14:07:14')>
hehe
Name: Python
CPU%: 0.0
MEM%: 0.043201446533203125
<bound method Process.memory_info of psutil.Process(pid=45562, name='Python', status='running', started='14:07:14')>
hehe
Name: Python
CPU%: 0.0
MEM%: 0.043201446533203125
<bound method Process.memory_info of psutil.Process(pid=45562, name='Python', status='running', started='14:07:14')>
hehe
Name: Python
CPU%: 0.1
MEM%: 0.043201446533203125
<bound method Process.memory_info of psutil.Process(pid=45562, name='Python', status='running', started='14:07:14')>
hehe
Name: Python
CPU%: 0.0
MEM%: 0.043201446533203125
<bound method Process.memory_info of psutil.Process(pid=45562, name='Python', status='running', started='14:07:14')>
hehe
Name: Python
CPU%: 0.0
MEM%: 0.043201446533203125
<bound method Process.memory_info of psutil.Process(pid=45562, name='Python', status='running', started='14:07:14')>
hehe
Name: Python
CPU%: 0.0
MEM%: 0.043201446533203125
<bound method Process.memory_info of psutil.Process(pid=45562, name='Python', status='running', started='14:07:14')>
hehe
Name: Python
CPU%: 0.0
MEM%: 0.043201446533203125
<bound method Process.memory_info of psutil.Process(pid=45562, name='Python', status='running', started='14:07:14')>
5000
hehe
Name: Python
CPU%: 0.0
MEM%: 0.04329681396484375
<bound method Process.memory_info of psutil.Process(pid=45562, name='Python', status='running', started='14:07:14')>
hehe
Name: Python
CPU%: 0.0
MEM%: 0.04329681396484375
<bound method Process.memory_info of psutil.Process(pid=45562, name='Python', status='running', started='14:07:14')>
hehe
Name: Python
CPU%: 0.0
MEM%: 0.04329681396484375
<bound method Process.memory_info of psutil.Process(pid=45562, name='Python', status='running', started='14:07:14')>
hehe
Name: Python
CPU%: 0.0
MEM%: 0.04329681396484375
<bound method Process.memory_info of psutil.Process(pid=45562, name='Python', status='running', started='14:07:14')>
hehe
Name: Python
CPU%: 0.0
MEM%: 0.04329681396484375
<bound method Process.memory_info of psutil.Process(pid=45562, name='Python', status='running', started='14:07:14')>
hehe
Name: Python
CPU%: 0.0
MEM%: 0.04329681396484375
<bound method Process.memory_info of psutil.Process(pid=45562, name='Python', status='running', started='14:07:14')>
hehe
Name: Python
CPU%: 0.0
MEM%: 0.04329681396484375
<bound method Process.memory_info of psutil.Process(pid=45562, name='Python', status='running', started='14:07:14')>
hehe
Name: Python
CPU%: 0.0
MEM%: 0.04329681396484375
<bound method Process.memory_info of psutil.Process(pid=45562, name='Python', status='running', started='14:07:14')>
hehe
Name: Python
CPU%: 0.0
MEM%: 0.04329681396484375
<bound method Process.memory_info of psutil.Process(pid=45562, name='Python', status='running', started='14:07:14')>
hehe
Name: Python
CPU%: 0.0
MEM%: 0.04329681396484375
<bound method Process.memory_info of psutil.Process(pid=45562, name='Python', status='running', started='14:07:14')>
hehe
Name: Python
CPU%: 0.0
MEM%: 0.04329681396484375
<bound method Process.memory_info of psutil.Process(pid=45562, name='Python', status='running', started='14:07:14')>
hehe
Name: Python
CPU%: 0.0
MEM%: 0.04329681396484375
<bound method Process.memory_info of psutil.Process(pid=45562, name='Python', status='running', started='14:07:14')>
hehe
Name: Python
CPU%: 0.0
MEM%: 0.04329681396484375
<bound method Process.memory_info of psutil.Process(pid=45562, name='Python', status='running', started='14:07:14')>
hehe
Name: Python
CPU%: 0.0
MEM%: 0.04329681396484375
<bound method Process.memory_info of psutil.Process(pid=45562, name='Python', status='running', started='14:07:14')>
hehe
Name: Python
CPU%: 0.0
MEM%: 0.04329681396484375
<bound method Process.memory_info of psutil.Process(pid=45562, name='Python', status='running', started='14:07:14')>
hehe
Name: Python
CPU%: 0.1
MEM%: 0.04329681396484375
<bound method Process.memory_info of psutil.Process(pid=45562, name='Python', status='running', started='14:07:14')>
hehe
Name: Python
CPU%: 0.0
MEM%: 0.04329681396484375
<bound method Process.memory_info of psutil.Process(pid=45562, name='Python', status='running', started='14:07:14')>
hehe
Name: Python
CPU%: 0.0
MEM%: 0.04329681396484375
<bound method Process.memory_info of psutil.Process(pid=45562, name='Python', status='running', started='14:07:14')>
hehe
Name: Python
CPU%: 0.1
MEM%: 0.04329681396484375
<bound method Process.memory_info of psutil.Process(pid=45562, name='Python', status='running', started='14:07:14')>
hehe
Name: Python
CPU%: 0.0
MEM%: 0.04329681396484375
<bound method Process.memory_info of psutil.Process(pid=45562, name='Python', status='running', started='14:07:14')>
hehe
Name: Python
CPU%: 0.0
MEM%: 0.04329681396484375
<bound method Process.memory_info of psutil.Process(pid=45562, name='Python', status='running', started='14:07:14')>
hehe
Name: Python
CPU%: 0.0
MEM%: 0.04329681396484375
<bound method Process.memory_info of psutil.Process(pid=45562, name='Python', status='running', started='14:07:14')>
hehe
Name: Python
CPU%: 0.0
MEM%: 0.04329681396484375
<bound method Process.memory_info of psutil.Process(pid=45562, name='Python', status='running', started='14:07:14')>
hehe
Name: Python
CPU%: 0.0
MEM%: 0.04329681396484375
<bound method Process.memory_info of psutil.Process(pid=45562, name='Python', status='running', started='14:07:14')>
hehe
Name: Python
CPU%: 0.0
MEM%: 0.04329681396484375
<bound method Process.memory_info of psutil.Process(pid=45562, name='Python', status='running', started='14:07:14')>
hehe
Name: Python
CPU%: 0.0
MEM%: 0.04329681396484375
<bound method Process.memory_info of psutil.Process(pid=45562, name='Python', status='running', started='14:07:14')>
hehe
Name: Python
CPU%: 0.0
MEM%: 0.04329681396484375
<bound method Process.memory_info of psutil.Process(pid=45562, name='Python', status='running', started='14:07:14')>
hehe
Name: Python
CPU%: 0.0
MEM%: 0.04329681396484375
<bound method Process.memory_info of psutil.Process(pid=45562, name='Python', status='running', started='14:07:14')>
hehe
Name: Python
CPU%: 0.0
MEM%: 0.04329681396484375
<bound method Process.memory_info of psutil.Process(pid=45562, name='Python', status='running', started='14:07:14')>
hehe
Name: Python
CPU%: 0.0
MEM%: 0.04329681396484375
<bound method Process.memory_info of psutil.Process(pid=45562, name='Python', status='running', started='14:07:14')>
hehe
Name: Python
CPU%: 0.0
MEM%: 0.04329681396484375
<bound method Process.memory_info of psutil.Process(pid=45562, name='Python', status='running', started='14:07:14')>
5000
hehe
Name: Python
CPU%: 0.0
MEM%: 0.15516281127929688
<bound method Process.memory_info of psutil.Process(pid=47065, name='Python', status='running', started='16:30:22')>
hehe
Name: Python
CPU%: 0.0
MEM%: 0.15516281127929688
<bound method Process.memory_info of psutil.Process(pid=47065, name='Python', status='running', started='16:30:22')>
hehe
Name: Python
CPU%: 0.0
MEM%: 0.15516281127929688
<bound method Process.memory_info of psutil.Process(pid=47065, name='Python', status='running', started='16:30:22')>
hehe
Name: Python
CPU%: 0.0
MEM%: 0.15516281127929688
<bound method Process.memory_info of psutil.Process(pid=47065, name='Python', status='running', started='16:30:22')>
hehe
Name: Python
CPU%: 0.0
MEM%: 0.15516281127929688
<bound method Process.memory_info of psutil.Process(pid=47065, name='Python', status='running', started='16:30:22')>
hehe
Name: Python
CPU%: 0.0
MEM%: 0.15516281127929688
<bound method Process.memory_info of psutil.Process(pid=47065, name='Python', status='running', started='16:30:22')>
hehe
Name: Python
CPU%: 0.0
MEM%: 0.15516281127929688
<bound method Process.memory_info of psutil.Process(pid=47065, name='Python', status='running', started='16:30:22')>
hehe
Name: Python
CPU%: 0.0
MEM%: 0.15516281127929688
<bound method Process.memory_info of psutil.Process(pid=47065, name='Python', status='running', started='16:30:22')>
hehe
Name: Python
CPU%: 0.0
MEM%: 0.15516281127929688
<bound method Process.memory_info of psutil.Process(pid=47065, name='Python', status='running', started='16:30:22')>
hehe
Name: Python
CPU%: 0.0
MEM%: 0.15516281127929688
<bound method Process.memory_info of psutil.Process(pid=47065, name='Python', status='running', started='16:30:22')>
hehe
Name: Python
CPU%: 0.0
MEM%: 0.15516281127929688
<bound method Process.memory_info of psutil.Process(pid=47065, name='Python', status='running', started='16:30:22')>
hehe
Name: Python
CPU%: 0.0
MEM%: 0.15516281127929688
<bound method Process.memory_info of psutil.Process(pid=47065, name='Python', status='running', started='16:30:22')>
hehe
Name: Python
CPU%: 0.0
MEM%: 0.15516281127929688
<bound method Process.memory_info of psutil.Process(pid=47065, name='Python', status='running', started='16:30:22')>
hehe
Name: Python
CPU%: 0.0
MEM%: 0.15516281127929688
<bound method Process.memory_info of psutil.Process(pid=47065, name='Python', status='running', started='16:30:22')>
hehe
Name: Python
CPU%: 0.0
MEM%: 0.15516281127929688
<bound method Process.memory_info of psutil.Process(pid=47065, name='Python', status='running', started='16:30:22')>
hehe
Name: Python
CPU%: 0.0
MEM%: 0.15516281127929688
<bound method Process.memory_info of psutil.Process(pid=47065, name='Python', status='running', started='16:30:22')>
hehe
Name: Python
CPU%: 0.0
MEM%: 0.15516281127929688
<bound method Process.memory_info of psutil.Process(pid=47065, name='Python', status='running', started='16:30:22')>
hehe
Name: Python
CPU%: 0.0
MEM%: 0.15516281127929688
<bound method Process.memory_info of psutil.Process(pid=47065, name='Python', status='running', started='16:30:22')>
hehe
Name: Python
CPU%: 0.0
MEM%: 0.15516281127929688
<bound method Process.memory_info of psutil.Process(pid=47065, name='Python', status='running', started='16:30:22')>
hehe
Name: Python
CPU%: 0.0
MEM%: 0.15516281127929688
<bound method Process.memory_info of psutil.Process(pid=47065, name='Python', status='running', started='16:30:22')>
hehe
Name: Python
CPU%: 0.0
MEM%: 0.15516281127929688
<bound method Process.memory_info of psutil.Process(pid=47065, name='Python', status='running', started='16:30:22')>
hehe
Name: Python
CPU%: 0.0
MEM%: 0.15516281127929688
<bound method Process.memory_info of psutil.Process(pid=47065, name='Python', status='running', started='16:30:22')>
hehe
Name: Python
CPU%: 0.0
MEM%: 0.15516281127929688
<bound method Process.memory_info of psutil.Process(pid=47065, name='Python', status='running', started='16:30:22')>
hehe
Name: Python
CPU%: 0.0
MEM%: 0.15516281127929688
<bound method Process.memory_info of psutil.Process(pid=47065, name='Python', status='running', started='16:30:22')>
hehe
Name: Python
CPU%: 0.0
MEM%: 0.15516281127929688
<bound method Process.memory_info of psutil.Process(pid=47065, name='Python', status='running', started='16:30:22')>
hehe
Name: Python
CPU%: 0.0
MEM%: 0.15516281127929688
<bound method Process.memory_info of psutil.Process(pid=47065, name='Python', status='running', started='16:30:22')>
hehe
Name: Python
CPU%: 0.0
MEM%: 0.15516281127929688
<bound method Process.memory_info of psutil.Process(pid=47065, name='Python', status='running', started='16:30:22')>
hehe
Name: Python
CPU%: 0.0
MEM%: 0.15516281127929688
<bound method Process.memory_info of psutil.Process(pid=47065, name='Python', status='running', started='16:30:22')>
hehe
Name: Python
CPU%: 0.0
MEM%: 0.15516281127929688
<bound method Process.memory_info of psutil.Process(pid=47065, name='Python', status='running', started='16:30:22')>
hehe
Name: Python
CPU%: 0.0
MEM%: 0.15516281127929688
<bound method Process.memory_info of psutil.Process(pid=47065, name='Python', status='running', started='16:30:22')>
hehe
Name: Python
CPU%: 0.0
MEM%: 0.15516281127929688
<bound method Process.memory_info of psutil.Process(pid=47065, name='Python', status='running', started='16:30:22')>
5000
hehe
Name: Python
CPU%: 34.0
MEM%: 0.20503997802734375
<bound method Process.memory_info of psutil.Process(pid=47127, name='Python', status='running', started='16:32:45')>
hehe
Name: Python
CPU%: 51.0
MEM%: 0.20618438720703125
<bound method Process.memory_info of psutil.Process(pid=47127, name='Python', status='running', started='16:32:45')>
hehe
Name: Python
CPU%: 58.7
MEM%: 0.20580291748046875
<bound method Process.memory_info of psutil.Process(pid=47127, name='Python', status='running', started='16:32:45')>
hehe
Name: Python
CPU%: 58.1
MEM%: 0.20618438720703125
<bound method Process.memory_info of psutil.Process(pid=47127, name='Python', status='running', started='16:32:45')>
hehe
Name: Python
CPU%: 58.9
MEM%: 0.20647048950195312
<bound method Process.memory_info of psutil.Process(pid=47127, name='Python', status='running', started='16:32:45')>
hehe
Name: Python
CPU%: 59.6
MEM%: 0.20627975463867188
<bound method Process.memory_info of psutil.Process(pid=47127, name='Python', status='running', started='16:32:45')>
hehe
Name: Python
CPU%: 60.2
MEM%: 0.20599365234375
<bound method Process.memory_info of psutil.Process(pid=47127, name='Python', status='running', started='16:32:45')>
hehe
Name: Python
CPU%: 0.0
MEM%: 0.20599365234375
<bound method Process.memory_info of psutil.Process(pid=47127, name='Python', status='running', started='16:32:45')>
hehe
Name: Python
CPU%: 0.0
MEM%: 0.20599365234375
<bound method Process.memory_info of psutil.Process(pid=47127, name='Python', status='running', started='16:32:45')>
hehe
Name: Python
CPU%: 0.0
MEM%: 0.20599365234375
<bound method Process.memory_info of psutil.Process(pid=47127, name='Python', status='running', started='16:32:45')>
hehe
Name: Python
CPU%: 0.0
MEM%: 0.20599365234375
<bound method Process.memory_info of psutil.Process(pid=47127, name='Python', status='running', started='16:32:45')>
hehe
Name: Python
CPU%: 0.0
MEM%: 0.20599365234375
<bound method Process.memory_info of psutil.Process(pid=47127, name='Python', status='running', started='16:32:45')>
hehe
Name: Python
CPU%: 0.0
MEM%: 0.20599365234375
<bound method Process.memory_info of psutil.Process(pid=47127, name='Python', status='running', started='16:32:45')>
hehe
Name: Python
CPU%: 0.0
MEM%: 0.20599365234375
<bound method Process.memory_info of psutil.Process(pid=47127, name='Python', status='running', started='16:32:45')>
hehe
Name: Python
CPU%: 0.0
MEM%: 0.20599365234375
<bound method Process.memory_info of psutil.Process(pid=47127, name='Python', status='running', started='16:32:45')>
hehe
Name: Python
CPU%: 0.0
MEM%: 0.20599365234375
<bound method Process.memory_info of psutil.Process(pid=47127, name='Python', status='running', started='16:32:45')>
hehe
Name: Python
CPU%: 0.0
MEM%: 0.20599365234375
<bound method Process.memory_info of psutil.Process(pid=47127, name='Python', status='running', started='16:32:45')>
hehe
Name: Python
CPU%: 0.0
MEM%: 0.20599365234375
<bound method Process.memory_info of psutil.Process(pid=47127, name='Python', status='running', started='16:32:45')>
hehe
Name: Python
CPU%: 0.0
MEM%: 0.20599365234375
<bound method Process.memory_info of psutil.Process(pid=47127, name='Python', status='running', started='16:32:45')>
hehe
Name: Python
CPU%: 0.0
MEM%: 0.20599365234375
<bound method Process.memory_info of psutil.Process(pid=47127, name='Python', status='running', started='16:32:45')>
hehe
Name: Python
CPU%: 0.0
MEM%: 0.20599365234375
<bound method Process.memory_info of psutil.Process(pid=47127, name='Python', status='running', started='16:32:45')>
hehe
Name: Python
CPU%: 0.0
MEM%: 0.20599365234375
<bound method Process.memory_info of psutil.Process(pid=47127, name='Python', status='running', started='16:32:45')>
hehe
Name: Python
CPU%: 0.0
MEM%: 0.20599365234375
<bound method Process.memory_info of psutil.Process(pid=47127, name='Python', status='running', started='16:32:45')>
hehe
Name: Python
CPU%: 0.0
MEM%: 0.20599365234375
<bound method Process.memory_info of psutil.Process(pid=47127, name='Python', status='running', started='16:32:45')>
hehe
Name: Python
CPU%: 0.0
MEM%: 0.20599365234375
<bound method Process.memory_info of psutil.Process(pid=47127, name='Python', status='running', started='16:32:45')>
hehe
Name: Python
CPU%: 0.0
MEM%: 0.20599365234375
<bound method Process.memory_info of psutil.Process(pid=47127, name='Python', status='running', started='16:32:45')>
hehe
Name: Python
CPU%: 0.0
MEM%: 0.20599365234375
<bound method Process.memory_info of psutil.Process(pid=47127, name='Python', status='running', started='16:32:45')>
hehe
Name: Python
CPU%: 0.0
MEM%: 0.20599365234375
<bound method Process.memory_info of psutil.Process(pid=47127, name='Python', status='running', started='16:32:45')>
hehe
Name: Python
CPU%: 0.0
MEM%: 0.20599365234375
<bound method Process.memory_info of psutil.Process(pid=47127, name='Python', status='running', started='16:32:45')>
hehe
Name: Python
CPU%: 0.0
MEM%: 0.20599365234375
<bound method Process.memory_info of psutil.Process(pid=47127, name='Python', status='running', started='16:32:45')>
hehe
Name: Python
CPU%: 0.0
MEM%: 0.20599365234375
<bound method Process.memory_info of psutil.Process(pid=47127, name='Python', status='running', started='16:32:45')>
5000
hehe
Name: Python
CPU%: 33.2
MEM%: 0.17652511596679688
<bound method Process.memory_info of psutil.Process(pid=24451, name='Python', status='running', started='10:27:58')>
hehe
Name: Python
CPU%: 46.0
MEM%: 0.17833709716796875
<bound method Process.memory_info of psutil.Process(pid=24451, name='Python', status='running', started='10:27:58')>
hehe
Name: Python
CPU%: 52.1
MEM%: 0.17881393432617188
<bound method Process.memory_info of psutil.Process(pid=24451, name='Python', status='running', started='10:27:58')>
hehe
Name: Python
CPU%: 51.0
MEM%: 0.2570152282714844
<bound method Process.memory_info of psutil.Process(pid=24451, name='Python', status='running', started='10:27:58')>
hehe
Name: Python
CPU%: 50.3
MEM%: 0.2568244934082031
<bound method Process.memory_info of psutil.Process(pid=24451, name='Python', status='running', started='10:27:58')>
hehe
Name: Python
CPU%: 51.4
MEM%: 0.257110595703125
<bound method Process.memory_info of psutil.Process(pid=24451, name='Python', status='running', started='10:27:58')>
hehe
Name: Python
CPU%: 49.9
MEM%: 0.257110595703125
<bound method Process.memory_info of psutil.Process(pid=24451, name='Python', status='running', started='10:27:58')>
hehe
Name: Python
CPU%: 0.0
MEM%: 0.25691986083984375
<bound method Process.memory_info of psutil.Process(pid=24451, name='Python', status='running', started='10:27:58')>
hehe
Name: Python
CPU%: 0.0
MEM%: 0.25691986083984375
<bound method Process.memory_info of psutil.Process(pid=24451, name='Python', status='running', started='10:27:58')>
hehe
Name: Python
CPU%: 0.0
MEM%: 0.25691986083984375
<bound method Process.memory_info of psutil.Process(pid=24451, name='Python', status='running', started='10:27:58')>
hehe
Name: Python
CPU%: 0.0
MEM%: 0.25691986083984375
<bound method Process.memory_info of psutil.Process(pid=24451, name='Python', status='running', started='10:27:58')>
hehe
Name: Python
CPU%: 0.0
MEM%: 0.2567291259765625
<bound method Process.memory_info of psutil.Process(pid=24451, name='Python', status='running', started='10:27:58')>
hehe
Name: Python
CPU%: 0.0
MEM%: 0.2567291259765625
<bound method Process.memory_info of psutil.Process(pid=24451, name='Python', status='running', started='10:27:58')>
hehe
Name: Python
CPU%: 0.0
MEM%: 0.2567291259765625
<bound method Process.memory_info of psutil.Process(pid=24451, name='Python', status='running', started='10:27:58')>
hehe
Name: Python
CPU%: 0.0
MEM%: 0.2567291259765625
<bound method Process.memory_info of psutil.Process(pid=24451, name='Python', status='running', started='10:27:58')>
hehe
Name: Python
CPU%: 1.5
MEM%: 0.2567291259765625
<bound method Process.memory_info of psutil.Process(pid=24451, name='Python', status='running', started='10:27:58')>
hehe
Name: Python
CPU%: 0.0
MEM%: 0.22230148315429688
<bound method Process.memory_info of psutil.Process(pid=24451, name='Python', status='running', started='10:27:58')>
hehe
Name: Python
CPU%: 0.0
MEM%: 0.22230148315429688
<bound method Process.memory_info of psutil.Process(pid=24451, name='Python', status='running', started='10:27:58')>
hehe
Name: Python
CPU%: 0.0
MEM%: 0.22230148315429688
<bound method Process.memory_info of psutil.Process(pid=24451, name='Python', status='running', started='10:27:58')>
hehe
Name: Python
CPU%: 0.6
MEM%: 0.22296905517578125
<bound method Process.memory_info of psutil.Process(pid=24451, name='Python', status='running', started='10:27:58')>
hehe
Name: Python
CPU%: 0.0
MEM%: 0.22296905517578125
<bound method Process.memory_info of psutil.Process(pid=24451, name='Python', status='running', started='10:27:58')>
hehe
Name: Python
CPU%: 0.0
MEM%: 0.22296905517578125
<bound method Process.memory_info of psutil.Process(pid=24451, name='Python', status='running', started='10:27:58')>
hehe
Name: Python
CPU%: 0.0
MEM%: 0.22296905517578125
<bound method Process.memory_info of psutil.Process(pid=24451, name='Python', status='running', started='10:27:58')>
hehe
Name: Python
CPU%: 0.4
MEM%: 0.22325515747070312
<bound method Process.memory_info of psutil.Process(pid=24451, name='Python', status='running', started='10:27:58')>
hehe
Name: Python
CPU%: 0.0
MEM%: 0.22325515747070312
<bound method Process.memory_info of psutil.Process(pid=24451, name='Python', status='running', started='10:27:58')>
hehe
Name: Python
CPU%: 0.0
MEM%: 0.22287368774414062
<bound method Process.memory_info of psutil.Process(pid=24451, name='Python', status='running', started='10:27:58')>
hehe
Name: Python
CPU%: 0.0
MEM%: 0.22287368774414062
<bound method Process.memory_info of psutil.Process(pid=24451, name='Python', status='running', started='10:27:58')>
hehe
Name: Python
CPU%: 0.0
MEM%: 0.22287368774414062
<bound method Process.memory_info of psutil.Process(pid=24451, name='Python', status='running', started='10:27:58')>
hehe
Name: Python
CPU%: 0.0
MEM%: 0.22268295288085938
<bound method Process.memory_info of psutil.Process(pid=24451, name='Python', status='running', started='10:27:58')>
hehe
Name: Python
CPU%: 0.0
MEM%: 0.22268295288085938
<bound method Process.memory_info of psutil.Process(pid=24451, name='Python', status='running', started='10:27:58')>
hehe
Name: Python
CPU%: 0.0
MEM%: 0.22268295288085938
<bound method Process.memory_info of psutil.Process(pid=24451, name='Python', status='running', started='10:27:58')>
5000
hehe
Name: Python
CPU%: 34.9
MEM%: 0.14200210571289062
<bound method Process.memory_info of psutil.Process(pid=24542, name='Python', status='running', started='10:29:53')>
hehe
Name: Python
CPU%: 57.1
MEM%: 0.18873214721679688
<bound method Process.memory_info of psutil.Process(pid=24542, name='Python', status='running', started='10:29:53')>
hehe
Name: Python
CPU%: 48.9
MEM%: 0.18892288208007812
<bound method Process.memory_info of psutil.Process(pid=24542, name='Python', status='running', started='10:29:53')>
hehe
Name: Python
CPU%: 51.8
MEM%: 0.18939971923828125
<bound method Process.memory_info of psutil.Process(pid=24542, name='Python', status='running', started='10:29:53')>
hehe
Name: Python
CPU%: 53.5
MEM%: 0.18911361694335938
<bound method Process.memory_info of psutil.Process(pid=24542, name='Python', status='running', started='10:29:53')>
hehe
Name: Python
CPU%: 48.2
MEM%: 0.189208984375
<bound method Process.memory_info of psutil.Process(pid=24542, name='Python', status='running', started='10:29:53')>
hehe
Name: Python
CPU%: 55.6
MEM%: 0.189208984375
<bound method Process.memory_info of psutil.Process(pid=24542, name='Python', status='running', started='10:29:53')>
hehe
Name: Python
CPU%: 0.0
MEM%: 0.189208984375
<bound method Process.memory_info of psutil.Process(pid=24542, name='Python', status='running', started='10:29:53')>
hehe
Name: Python
CPU%: 0.0
MEM%: 0.189208984375
<bound method Process.memory_info of psutil.Process(pid=24542, name='Python', status='running', started='10:29:53')>
hehe
Name: Python
CPU%: 0.0
MEM%: 0.18911361694335938
<bound method Process.memory_info of psutil.Process(pid=24542, name='Python', status='running', started='10:29:53')>
hehe
Name: Python
CPU%: 0.0
MEM%: 0.18911361694335938
<bound method Process.memory_info of psutil.Process(pid=24542, name='Python', status='running', started='10:29:53')>
hehe
Name: Python
CPU%: 0.0
MEM%: 0.189208984375
<bound method Process.memory_info of psutil.Process(pid=24542, name='Python', status='running', started='10:29:53')>
hehe
Name: Python
CPU%: 0.0
MEM%: 0.189208984375
<bound method Process.memory_info of psutil.Process(pid=24542, name='Python', status='running', started='10:29:53')>
hehe
Name: Python
CPU%: 0.0
MEM%: 0.189208984375
<bound method Process.memory_info of psutil.Process(pid=24542, name='Python', status='running', started='10:29:53')>
hehe
Name: Python
CPU%: 0.0
MEM%: 0.189208984375
<bound method Process.memory_info of psutil.Process(pid=24542, name='Python', status='running', started='10:29:53')>
hehe
Name: Python
CPU%: 0.0
MEM%: 0.189208984375
<bound method Process.memory_info of psutil.Process(pid=24542, name='Python', status='running', started='10:29:53')>
hehe
Name: Python
CPU%: 0.0
MEM%: 0.189208984375
<bound method Process.memory_info of psutil.Process(pid=24542, name='Python', status='running', started='10:29:53')>
hehe
Name: Python
CPU%: 0.0
MEM%: 0.189208984375
<bound method Process.memory_info of psutil.Process(pid=24542, name='Python', status='running', started='10:29:53')>
hehe
Name: Python
CPU%: 0.0
MEM%: 0.189208984375
<bound method Process.memory_info of psutil.Process(pid=24542, name='Python', status='running', started='10:29:53')>
hehe
Name: Python
CPU%: 0.0
MEM%: 0.189208984375
<bound method Process.memory_info of psutil.Process(pid=24542, name='Python', status='running', started='10:29:53')>
hehe
Name: Python
CPU%: 0.0
MEM%: 0.189208984375
<bound method Process.memory_info of psutil.Process(pid=24542, name='Python', status='running', started='10:29:53')>
hehe
Name: Python
CPU%: 0.0
MEM%: 0.189208984375
<bound method Process.memory_info of psutil.Process(pid=24542, name='Python', status='running', started='10:29:53')>
hehe
Name: Python
CPU%: 0.0
MEM%: 0.189208984375
<bound method Process.memory_info of psutil.Process(pid=24542, name='Python', status='running', started='10:29:53')>
hehe
Name: Python
CPU%: 1.2
MEM%: 0.189208984375
<bound method Process.memory_info of psutil.Process(pid=24542, name='Python', status='running', started='10:29:53')>
hehe
Name: Python
CPU%: 0.0
MEM%: 0.11930465698242188
<bound method Process.memory_info of psutil.Process(pid=24542, name='Python', status='running', started='10:29:53')>
hehe
Name: Python
CPU%: 0.0
MEM%: 0.118255615234375
<bound method Process.memory_info of psutil.Process(pid=24542, name='Python', status='running', started='10:29:53')>
hehe
Name: Python
CPU%: 0.0
MEM%: 0.11806488037109375
<bound method Process.memory_info of psutil.Process(pid=24542, name='Python', status='running', started='10:29:53')>
hehe
Name: Python
CPU%: 0.0
MEM%: 0.1178741455078125
<bound method Process.memory_info of psutil.Process(pid=24542, name='Python', status='running', started='10:29:53')>
hehe
Name: Python
CPU%: 0.0
MEM%: 0.1178741455078125
<bound method Process.memory_info of psutil.Process(pid=24542, name='Python', status='running', started='10:29:53')>
hehe
Name: Python
CPU%: 0.0
MEM%: 0.11777877807617188
<bound method Process.memory_info of psutil.Process(pid=24542, name='Python', status='running', started='10:29:53')>
hehe
Name: Python
CPU%: 0.0
MEM%: 0.11777877807617188
<bound method Process.memory_info of psutil.Process(pid=24542, name='Python', status='running', started='10:29:53')>
3001
Traceback (most recent call last):
  File "/Users/viwang/Documents/imperial/projectg/setup/bench/bench.py", line 28, in <module>
    filtered = list(filter(lambda x: x != "", stdout_lines[1].split(" ")))
IndexError: list index out of range
3001
hehe
Name: node
CPU%: 23.2
MEM%: 1.1231422424316406
<bound method Process.memory_info of psutil.Process(pid=24783, name='node', status='running', started='10:33:47')>
hehe
Name: node
CPU%: 46.4
MEM%: 1.2930870056152344
<bound method Process.memory_info of psutil.Process(pid=24783, name='node', status='running', started='10:33:47')>
hehe
Name: node
CPU%: 35.5
MEM%: 1.3671875
<bound method Process.memory_info of psutil.Process(pid=24783, name='node', status='running', started='10:33:47')>
hehe
Name: node
CPU%: 45.5
MEM%: 1.4245986938476562
<bound method Process.memory_info of psutil.Process(pid=24783, name='node', status='running', started='10:33:47')>
hehe
Name: node
CPU%: 31.8
MEM%: 1.3604164123535156
<bound method Process.memory_info of psutil.Process(pid=24783, name='node', status='running', started='10:33:47')>
hehe
Name: node
CPU%: 36.3
MEM%: 1.3762474060058594
<bound method Process.memory_info of psutil.Process(pid=24783, name='node', status='running', started='10:33:47')>
hehe
Name: node
CPU%: 30.4
MEM%: 1.435089111328125
<bound method Process.memory_info of psutil.Process(pid=24783, name='node', status='running', started='10:33:47')>
hehe
Name: node
CPU%: 60.0
MEM%: 1.2643814086914062
<bound method Process.memory_info of psutil.Process(pid=24783, name='node', status='running', started='10:33:47')>
hehe
Name: node
CPU%: 36.0
MEM%: 1.2652397155761719
<bound method Process.memory_info of psutil.Process(pid=24783, name='node', status='running', started='10:33:47')>
hehe
Name: node
CPU%: 35.8
MEM%: 1.2798309326171875
<bound method Process.memory_info of psutil.Process(pid=24783, name='node', status='running', started='10:33:47')>
hehe
Name: node
CPU%: 22.7
MEM%: 1.25885009765625
<bound method Process.memory_info of psutil.Process(pid=24783, name='node', status='running', started='10:33:47')>
hehe
Name: node
CPU%: 37.9
MEM%: 1.3140678405761719
<bound method Process.memory_info of psutil.Process(pid=24783, name='node', status='running', started='10:33:47')>
hehe
Name: node
CPU%: 60.7
MEM%: 1.0554313659667969
<bound method Process.memory_info of psutil.Process(pid=24783, name='node', status='running', started='10:33:47')>
hehe
Name: node
CPU%: 38.8
MEM%: 0.9660720825195312
<bound method Process.memory_info of psutil.Process(pid=24783, name='node', status='running', started='10:33:47')>
hehe
Name: node
CPU%: 34.3
MEM%: 1.0535240173339844
<bound method Process.memory_info of psutil.Process(pid=24783, name='node', status='running', started='10:33:47')>
hehe
Name: node
CPU%: 36.4
MEM%: 1.1354446411132812
<bound method Process.memory_info of psutil.Process(pid=24783, name='node', status='running', started='10:33:47')>
hehe
Name: node
CPU%: 24.8
MEM%: 1.1942863464355469
<bound method Process.memory_info of psutil.Process(pid=24783, name='node', status='running', started='10:33:47')>
hehe
Name: node
CPU%: 35.1
MEM%: 1.1130332946777344
<bound method Process.memory_info of psutil.Process(pid=24783, name='node', status='running', started='10:33:47')>
hehe
Name: node
CPU%: 35.4
MEM%: 1.1626243591308594
<bound method Process.memory_info of psutil.Process(pid=24783, name='node', status='running', started='10:33:47')>
hehe
Name: node
CPU%: 22.0
MEM%: 1.1966705322265625
<bound method Process.memory_info of psutil.Process(pid=24783, name='node', status='running', started='10:33:47')>
hehe
Name: node
CPU%: 0.0
MEM%: 1.195526123046875
<bound method Process.memory_info of psutil.Process(pid=24783, name='node', status='running', started='10:33:47')>
hehe
Name: node
CPU%: 0.0
MEM%: 1.195526123046875
<bound method Process.memory_info of psutil.Process(pid=24783, name='node', status='running', started='10:33:47')>
hehe
Name: node
CPU%: 0.7
MEM%: 1.1827468872070312
<bound method Process.memory_info of psutil.Process(pid=24783, name='node', status='running', started='10:33:47')>
hehe
Name: node
CPU%: 0.0
MEM%: 0.9601593017578125
<bound method Process.memory_info of psutil.Process(pid=24783, name='node', status='running', started='10:33:47')>
hehe
Name: node
CPU%: 0.0
MEM%: 0.6151199340820312
<bound method Process.memory_info of psutil.Process(pid=24783, name='node', status='running', started='10:33:47')>
hehe
Name: node
CPU%: 0.0
MEM%: 0.6073951721191406
<bound method Process.memory_info of psutil.Process(pid=24783, name='node', status='running', started='10:33:47')>
hehe
Name: node
CPU%: 0.0
MEM%: 0.656890869140625
<bound method Process.memory_info of psutil.Process(pid=24783, name='node', status='running', started='10:33:47')>
hehe
Name: node
CPU%: 0.0
MEM%: 0.656890869140625
<bound method Process.memory_info of psutil.Process(pid=24783, name='node', status='running', started='10:33:47')>
hehe
Name: node
CPU%: 0.0
MEM%: 0.656890869140625
<bound method Process.memory_info of psutil.Process(pid=24783, name='node', status='running', started='10:33:47')>
hehe
Name: node
CPU%: 0.0
MEM%: 1.0952949523925781
<bound method Process.memory_info of psutil.Process(pid=24783, name='node', status='running', started='10:33:47')>
hehe
Name: node
CPU%: 0.0
MEM%: 1.0952949523925781
<bound method Process.memory_info of psutil.Process(pid=24783, name='node', status='running', started='10:33:47')>
5000
hehe
Name: Python
CPU%: 38.1
MEM%: 0.13580322265625
<bound method Process.memory_info of psutil.Process(pid=24877, name='Python', status='running', started='10:35:02')>
hehe
Name: Python
CPU%: 57.8
MEM%: 0.189208984375
<bound method Process.memory_info of psutil.Process(pid=24877, name='Python', status='running', started='10:35:02')>
hehe
Name: Python
CPU%: 58.0
MEM%: 0.189208984375
<bound method Process.memory_info of psutil.Process(pid=24877, name='Python', status='running', started='10:35:02')>
hehe
Name: Python
CPU%: 46.5
MEM%: 0.18901824951171875
<bound method Process.memory_info of psutil.Process(pid=24877, name='Python', status='running', started='10:35:02')>
hehe
Name: Python
CPU%: 49.3
MEM%: 0.18930435180664062
<bound method Process.memory_info of psutil.Process(pid=24877, name='Python', status='running', started='10:35:02')>
hehe
Name: Python
CPU%: 43.4
MEM%: 0.18911361694335938
<bound method Process.memory_info of psutil.Process(pid=24877, name='Python', status='running', started='10:35:02')>
hehe
Name: Python
CPU%: 50.5
MEM%: 0.18930435180664062
<bound method Process.memory_info of psutil.Process(pid=24877, name='Python', status='running', started='10:35:02')>
hehe
Name: Python
CPU%: 0.0
MEM%: 0.189208984375
<bound method Process.memory_info of psutil.Process(pid=24877, name='Python', status='running', started='10:35:02')>
hehe
Name: Python
CPU%: 0.0
MEM%: 0.189208984375
<bound method Process.memory_info of psutil.Process(pid=24877, name='Python', status='running', started='10:35:02')>
hehe
Name: Python
CPU%: 0.0
MEM%: 0.189208984375
<bound method Process.memory_info of psutil.Process(pid=24877, name='Python', status='running', started='10:35:02')>
hehe
Name: Python
CPU%: 0.0
MEM%: 0.189208984375
<bound method Process.memory_info of psutil.Process(pid=24877, name='Python', status='running', started='10:35:02')>
hehe
Name: Python
CPU%: 0.0
MEM%: 0.189208984375
<bound method Process.memory_info of psutil.Process(pid=24877, name='Python', status='running', started='10:35:02')>
hehe
Name: Python
CPU%: 0.0
MEM%: 0.189208984375
<bound method Process.memory_info of psutil.Process(pid=24877, name='Python', status='running', started='10:35:02')>
hehe
Name: Python
CPU%: 0.0
MEM%: 0.189208984375
<bound method Process.memory_info of psutil.Process(pid=24877, name='Python', status='running', started='10:35:02')>
hehe
Name: Python
CPU%: 0.0
MEM%: 0.189208984375
<bound method Process.memory_info of psutil.Process(pid=24877, name='Python', status='running', started='10:35:02')>
hehe
Name: Python
CPU%: 0.0
MEM%: 0.189208984375
<bound method Process.memory_info of psutil.Process(pid=24877, name='Python', status='running', started='10:35:02')>
hehe
Name: Python
CPU%: 0.0
MEM%: 0.189208984375
<bound method Process.memory_info of psutil.Process(pid=24877, name='Python', status='running', started='10:35:02')>
hehe
Name: Python
CPU%: 0.0
MEM%: 0.189208984375
<bound method Process.memory_info of psutil.Process(pid=24877, name='Python', status='running', started='10:35:02')>
hehe
Name: Python
CPU%: 0.0
MEM%: 0.189208984375
<bound method Process.memory_info of psutil.Process(pid=24877, name='Python', status='running', started='10:35:02')>
hehe
Name: Python
CPU%: 0.0
MEM%: 0.189208984375
<bound method Process.memory_info of psutil.Process(pid=24877, name='Python', status='running', started='10:35:02')>
hehe
Name: Python
CPU%: 0.0
MEM%: 0.189208984375
<bound method Process.memory_info of psutil.Process(pid=24877, name='Python', status='running', started='10:35:02')>
hehe
Name: Python
CPU%: 0.0
MEM%: 0.189208984375
<bound method Process.memory_info of psutil.Process(pid=24877, name='Python', status='running', started='10:35:02')>
hehe
Name: Python
CPU%: 0.0
MEM%: 0.18911361694335938
<bound method Process.memory_info of psutil.Process(pid=24877, name='Python', status='running', started='10:35:02')>
hehe
Name: Python
CPU%: 26.1
MEM%: 0.18911361694335938
<bound method Process.memory_info of psutil.Process(pid=24877, name='Python', status='running', started='10:35:02')>
hehe
Name: Python
CPU%: 29.4
MEM%: 0.179290771484375
<bound method Process.memory_info of psutil.Process(pid=24877, name='Python', status='running', started='10:35:02')>
hehe
Name: Python
CPU%: 26.1
MEM%: 0.17948150634765625
<bound method Process.memory_info of psutil.Process(pid=24877, name='Python', status='running', started='10:35:02')>
hehe
Name: Python
CPU%: 27.4
MEM%: 0.17957687377929688
<bound method Process.memory_info of psutil.Process(pid=24877, name='Python', status='running', started='10:35:02')>
hehe
Name: Python
CPU%: 24.5
MEM%: 0.17957687377929688
<bound method Process.memory_info of psutil.Process(pid=24877, name='Python', status='running', started='10:35:02')>
hehe
Name: Python
CPU%: 28.4
MEM%: 0.17957687377929688
<bound method Process.memory_info of psutil.Process(pid=24877, name='Python', status='running', started='10:35:02')>
hehe
Name: Python
CPU%: 26.9
MEM%: 0.17957687377929688
<bound method Process.memory_info of psutil.Process(pid=24877, name='Python', status='running', started='10:35:02')>
hehe
Name: Python
CPU%: 27.3
MEM%: 0.17957687377929688
<bound method Process.memory_info of psutil.Process(pid=24877, name='Python', status='running', started='10:35:02')>
5000
hehe
Name: Python
CPU%: 13.2
MEM%: 0.18939971923828125
<bound method Process.memory_info of psutil.Process(pid=24877, name='Python', status='running', started='10:35:02')>
hehe
Name: Python
CPU%: 16.7
MEM%: 0.17919540405273438
<bound method Process.memory_info of psutil.Process(pid=24877, name='Python', status='running', started='10:35:02')>
hehe
Name: Python
CPU%: 30.8
MEM%: 0.17948150634765625
<bound method Process.memory_info of psutil.Process(pid=24877, name='Python', status='running', started='10:35:02')>
hehe
Name: Python
CPU%: 18.9
MEM%: 0.17957687377929688
<bound method Process.memory_info of psutil.Process(pid=24877, name='Python', status='running', started='10:35:02')>
hehe
Name: Python
CPU%: 27.6
MEM%: 0.1796722412109375
<bound method Process.memory_info of psutil.Process(pid=24877, name='Python', status='running', started='10:35:02')>
hehe
Name: Python
CPU%: 28.1
MEM%: 0.18033981323242188
<bound method Process.memory_info of psutil.Process(pid=24877, name='Python', status='running', started='10:35:02')>
hehe
Name: Python
CPU%: 25.4
MEM%: 0.17957687377929688
<bound method Process.memory_info of psutil.Process(pid=24877, name='Python', status='running', started='10:35:02')>
hehe
Name: Python
CPU%: 26.0
MEM%: 0.17957687377929688
<bound method Process.memory_info of psutil.Process(pid=24877, name='Python', status='running', started='10:35:02')>
hehe
Name: Python
CPU%: 30.9
MEM%: 0.17957687377929688
<bound method Process.memory_info of psutil.Process(pid=24877, name='Python', status='running', started='10:35:02')>
hehe
Name: Python
CPU%: 26.2
MEM%: 0.17957687377929688
<bound method Process.memory_info of psutil.Process(pid=24877, name='Python', status='running', started='10:35:02')>
hehe
Name: Python
CPU%: 28.7
MEM%: 0.1796722412109375
<bound method Process.memory_info of psutil.Process(pid=24877, name='Python', status='running', started='10:35:02')>
hehe
Name: Python
CPU%: 28.6
MEM%: 0.17976760864257812
<bound method Process.memory_info of psutil.Process(pid=24877, name='Python', status='running', started='10:35:02')>
hehe
Name: Python
CPU%: 26.9
MEM%: 0.17976760864257812
<bound method Process.memory_info of psutil.Process(pid=24877, name='Python', status='running', started='10:35:02')>
hehe
Name: Python
CPU%: 28.6
MEM%: 0.17976760864257812
<bound method Process.memory_info of psutil.Process(pid=24877, name='Python', status='running', started='10:35:02')>
hehe
Name: Python
CPU%: 25.8
MEM%: 0.1796722412109375
<bound method Process.memory_info of psutil.Process(pid=24877, name='Python', status='running', started='10:35:02')>
hehe
Name: Python
CPU%: 28.8
MEM%: 0.17976760864257812
<bound method Process.memory_info of psutil.Process(pid=24877, name='Python', status='running', started='10:35:02')>
hehe
Name: Python
CPU%: 28.4
MEM%: 0.17986297607421875
<bound method Process.memory_info of psutil.Process(pid=24877, name='Python', status='running', started='10:35:02')>
hehe
Name: Python
CPU%: 26.1
MEM%: 0.17995834350585938
<bound method Process.memory_info of psutil.Process(pid=24877, name='Python', status='running', started='10:35:02')>
hehe
Name: Python
CPU%: 0.0
MEM%: 0.17957687377929688
<bound method Process.memory_info of psutil.Process(pid=24877, name='Python', status='running', started='10:35:02')>
hehe
Name: Python
CPU%: 0.0
MEM%: 0.17948150634765625
<bound method Process.memory_info of psutil.Process(pid=24877, name='Python', status='running', started='10:35:02')>
hehe
Name: Python
CPU%: 0.7
MEM%: 0.17948150634765625
<bound method Process.memory_info of psutil.Process(pid=24877, name='Python', status='running', started='10:35:02')>
hehe
Name: Python
CPU%: 0.0
MEM%: 0.17948150634765625
<bound method Process.memory_info of psutil.Process(pid=24877, name='Python', status='running', started='10:35:02')>
hehe
Name: Python
CPU%: 0.0
MEM%: 0.17948150634765625
<bound method Process.memory_info of psutil.Process(pid=24877, name='Python', status='running', started='10:35:02')>
hehe
Name: Python
CPU%: 0.0
MEM%: 0.17223358154296875
<bound method Process.memory_info of psutil.Process(pid=24877, name='Python', status='running', started='10:35:02')>
hehe
Name: Python
CPU%: 0.0
MEM%: 0.13017654418945312
<bound method Process.memory_info of psutil.Process(pid=24877, name='Python', status='running', started='10:35:02')>
hehe
Name: Python
CPU%: 0.0
MEM%: 0.12998580932617188
<bound method Process.memory_info of psutil.Process(pid=24877, name='Python', status='running', started='10:35:02')>
hehe
Name: Python
CPU%: 0.0
MEM%: 0.12998580932617188
<bound method Process.memory_info of psutil.Process(pid=24877, name='Python', status='running', started='10:35:02')>
hehe
Name: Python
CPU%: 0.0
MEM%: 0.12960433959960938
<bound method Process.memory_info of psutil.Process(pid=24877, name='Python', status='running', started='10:35:02')>
hehe
Name: Python
CPU%: 0.0
MEM%: 0.128936767578125
<bound method Process.memory_info of psutil.Process(pid=24877, name='Python', status='running', started='10:35:02')>
hehe
Name: Python
CPU%: 0.0
MEM%: 0.12874603271484375
<bound method Process.memory_info of psutil.Process(pid=24877, name='Python', status='running', started='10:35:02')>
hehe
Name: Python
CPU%: 0.0
MEM%: 0.12874603271484375
<bound method Process.memory_info of psutil.Process(pid=24877, name='Python', status='running', started='10:35:02')>
3001
hehe
Name: node
CPU%: 8.8
MEM%: 0.34732818603515625
<bound method Process.memory_info of psutil.Process(pid=24783, name='node', status='running', started='10:33:47')>
hehe
Name: node
CPU%: 12.7
MEM%: 0.4237174987792969
<bound method Process.memory_info of psutil.Process(pid=24783, name='node', status='running', started='10:33:47')>
hehe
Name: node
CPU%: 10.1
MEM%: 0.49762725830078125
<bound method Process.memory_info of psutil.Process(pid=24783, name='node', status='running', started='10:33:47')>
hehe
Name: node
CPU%: 34.0
MEM%: 0.8854866027832031
<bound method Process.memory_info of psutil.Process(pid=24783, name='node', status='running', started='10:33:47')>
hehe
Name: node
CPU%: 0.0
MEM%: 1.0102272033691406
<bound method Process.memory_info of psutil.Process(pid=24783, name='node', status='running', started='10:33:47')>
hehe
Name: node
CPU%: 0.0
MEM%: 1.0102272033691406
<bound method Process.memory_info of psutil.Process(pid=24783, name='node', status='running', started='10:33:47')>
hehe
Name: node
CPU%: 0.0
MEM%: 1.0102272033691406
<bound method Process.memory_info of psutil.Process(pid=24783, name='node', status='running', started='10:33:47')>
hehe
Name: node
CPU%: 0.0
MEM%: 1.0375022888183594
<bound method Process.memory_info of psutil.Process(pid=24783, name='node', status='running', started='10:33:47')>
hehe
Name: node
CPU%: 0.0
MEM%: 1.0375022888183594
<bound method Process.memory_info of psutil.Process(pid=24783, name='node', status='running', started='10:33:47')>
hehe
Name: node
CPU%: 0.0
MEM%: 1.0375022888183594
<bound method Process.memory_info of psutil.Process(pid=24783, name='node', status='running', started='10:33:47')>
hehe
Name: node
CPU%: 0.0
MEM%: 1.0530471801757812
<bound method Process.memory_info of psutil.Process(pid=24783, name='node', status='running', started='10:33:47')>
hehe
Name: node
CPU%: 0.0
MEM%: 1.0467529296875
<bound method Process.memory_info of psutil.Process(pid=24783, name='node', status='running', started='10:33:47')>
hehe
Name: node
CPU%: 0.0
MEM%: 1.0467529296875
<bound method Process.memory_info of psutil.Process(pid=24783, name='node', status='running', started='10:33:47')>
hehe
Name: node
CPU%: 0.0
MEM%: 1.0491371154785156
<bound method Process.memory_info of psutil.Process(pid=24783, name='node', status='running', started='10:33:47')>
hehe
Name: node
CPU%: 0.0
MEM%: 1.0491371154785156
<bound method Process.memory_info of psutil.Process(pid=24783, name='node', status='running', started='10:33:47')>
hehe
Name: node
CPU%: 0.0
MEM%: 1.0491371154785156
<bound method Process.memory_info of psutil.Process(pid=24783, name='node', status='running', started='10:33:47')>
hehe
Name: node
CPU%: 0.0
MEM%: 1.0491371154785156
<bound method Process.memory_info of psutil.Process(pid=24783, name='node', status='running', started='10:33:47')>
hehe
Name: node
CPU%: 0.0
MEM%: 1.0491371154785156
<bound method Process.memory_info of psutil.Process(pid=24783, name='node', status='running', started='10:33:47')>
hehe
Name: node
CPU%: 0.0
MEM%: 1.0491371154785156
<bound method Process.memory_info of psutil.Process(pid=24783, name='node', status='running', started='10:33:47')>
hehe
Name: node
CPU%: 0.0
MEM%: 1.0491371154785156
<bound method Process.memory_info of psutil.Process(pid=24783, name='node', status='running', started='10:33:47')>
hehe
Name: node
CPU%: 0.0
MEM%: 1.0491371154785156
<bound method Process.memory_info of psutil.Process(pid=24783, name='node', status='running', started='10:33:47')>
hehe
Name: node
CPU%: 0.0
MEM%: 1.0491371154785156
<bound method Process.memory_info of psutil.Process(pid=24783, name='node', status='running', started='10:33:47')>
hehe
Name: node
CPU%: 0.0
MEM%: 1.0491371154785156
<bound method Process.memory_info of psutil.Process(pid=24783, name='node', status='running', started='10:33:47')>
hehe
Name: node
CPU%: 0.0
MEM%: 1.0491371154785156
<bound method Process.memory_info of psutil.Process(pid=24783, name='node', status='running', started='10:33:47')>
hehe
Name: node
CPU%: 0.0
MEM%: 1.0491371154785156
<bound method Process.memory_info of psutil.Process(pid=24783, name='node', status='running', started='10:33:47')>
hehe
Name: node
CPU%: 0.0
MEM%: 1.0491371154785156
<bound method Process.memory_info of psutil.Process(pid=24783, name='node', status='running', started='10:33:47')>
hehe
Name: node
CPU%: 0.0
MEM%: 1.0491371154785156
<bound method Process.memory_info of psutil.Process(pid=24783, name='node', status='running', started='10:33:47')>
hehe
Name: node
CPU%: 0.0
MEM%: 1.0491371154785156
<bound method Process.memory_info of psutil.Process(pid=24783, name='node', status='running', started='10:33:47')>
hehe
Name: node
CPU%: 0.0
MEM%: 1.0491371154785156
<bound method Process.memory_info of psutil.Process(pid=24783, name='node', status='running', started='10:33:47')>
hehe
Name: node
CPU%: 0.0
MEM%: 1.0491371154785156
<bound method Process.memory_info of psutil.Process(pid=24783, name='node', status='running', started='10:33:47')>
hehe
Name: node
CPU%: 0.0
MEM%: 1.049041748046875
<bound method Process.memory_info of psutil.Process(pid=24783, name='node', status='running', started='10:33:47')>
5000
hehe
Name: Python
CPU%: 19.3
MEM%: 0.12884140014648438
<bound method Process.memory_info of psutil.Process(pid=24877, name='Python', status='running', started='10:35:02')>
hehe
Name: Python
CPU%: 23.8
MEM%: 0.12903213500976562
<bound method Process.memory_info of psutil.Process(pid=24877, name='Python', status='running', started='10:35:02')>
hehe
Name: Python
CPU%: 26.5
MEM%: 0.12922286987304688
<bound method Process.memory_info of psutil.Process(pid=24877, name='Python', status='running', started='10:35:02')>
hehe
Name: Python
CPU%: 24.2
MEM%: 0.12960433959960938
<bound method Process.memory_info of psutil.Process(pid=24877, name='Python', status='running', started='10:35:02')>
hehe
Name: Python
CPU%: 25.3
MEM%: 0.12960433959960938
<bound method Process.memory_info of psutil.Process(pid=24877, name='Python', status='running', started='10:35:02')>
hehe
Name: Python
CPU%: 28.6
MEM%: 0.12969970703125
<bound method Process.memory_info of psutil.Process(pid=24877, name='Python', status='running', started='10:35:02')>
hehe
Name: Python
CPU%: 24.5
MEM%: 0.12969970703125
<bound method Process.memory_info of psutil.Process(pid=24877, name='Python', status='running', started='10:35:02')>
hehe
Name: Python
CPU%: 27.6
MEM%: 0.12979507446289062
<bound method Process.memory_info of psutil.Process(pid=24877, name='Python', status='running', started='10:35:02')>
hehe
Name: Python
CPU%: 30.2
MEM%: 0.12989044189453125
<bound method Process.memory_info of psutil.Process(pid=24877, name='Python', status='running', started='10:35:02')>
hehe
Name: Python
CPU%: 25.3
MEM%: 0.12960433959960938
<bound method Process.memory_info of psutil.Process(pid=24877, name='Python', status='running', started='10:35:02')>
hehe
Name: Python
CPU%: 22.6
MEM%: 0.13017654418945312
<bound method Process.memory_info of psutil.Process(pid=24877, name='Python', status='running', started='10:35:02')>
hehe
Name: Python
CPU%: 29.9
MEM%: 0.12960433959960938
<bound method Process.memory_info of psutil.Process(pid=24877, name='Python', status='running', started='10:35:02')>
hehe
Name: Python
CPU%: 26.6
MEM%: 0.12969970703125
<bound method Process.memory_info of psutil.Process(pid=24877, name='Python', status='running', started='10:35:02')>
hehe
Name: Python
CPU%: 27.5
MEM%: 0.12989044189453125
<bound method Process.memory_info of psutil.Process(pid=24877, name='Python', status='running', started='10:35:02')>
hehe
Name: Python
CPU%: 27.1
MEM%: 0.12989044189453125
<bound method Process.memory_info of psutil.Process(pid=24877, name='Python', status='running', started='10:35:02')>
hehe
Name: Python
CPU%: 23.4
MEM%: 0.12989044189453125
<bound method Process.memory_info of psutil.Process(pid=24877, name='Python', status='running', started='10:35:02')>
hehe
Name: Python
CPU%: 25.2
MEM%: 0.12989044189453125
<bound method Process.memory_info of psutil.Process(pid=24877, name='Python', status='running', started='10:35:02')>
hehe
Name: Python
CPU%: 14.9
MEM%: 0.12989044189453125
<bound method Process.memory_info of psutil.Process(pid=24877, name='Python', status='running', started='10:35:02')>
hehe
Name: Python
CPU%: 0.0
MEM%: 0.12989044189453125
<bound method Process.memory_info of psutil.Process(pid=24877, name='Python', status='running', started='10:35:02')>
hehe
Name: Python
CPU%: 0.0
MEM%: 0.12989044189453125
<bound method Process.memory_info of psutil.Process(pid=24877, name='Python', status='running', started='10:35:02')>
hehe
Name: Python
CPU%: 0.0
MEM%: 0.12989044189453125
<bound method Process.memory_info of psutil.Process(pid=24877, name='Python', status='running', started='10:35:02')>
hehe
Name: Python
CPU%: 0.0
MEM%: 0.12989044189453125
<bound method Process.memory_info of psutil.Process(pid=24877, name='Python', status='running', started='10:35:02')>
hehe
Name: Python
CPU%: 0.0
MEM%: 0.12989044189453125
<bound method Process.memory_info of psutil.Process(pid=24877, name='Python', status='running', started='10:35:02')>
hehe
Name: Python
CPU%: 0.0
MEM%: 0.12989044189453125
<bound method Process.memory_info of psutil.Process(pid=24877, name='Python', status='running', started='10:35:02')>
hehe
Name: Python
CPU%: 0.0
MEM%: 0.12989044189453125
<bound method Process.memory_info of psutil.Process(pid=24877, name='Python', status='running', started='10:35:02')>
hehe
Name: Python
CPU%: 0.0
MEM%: 0.12989044189453125
<bound method Process.memory_info of psutil.Process(pid=24877, name='Python', status='running', started='10:35:02')>
hehe
Name: Python
CPU%: 0.0
MEM%: 0.12989044189453125
<bound method Process.memory_info of psutil.Process(pid=24877, name='Python', status='running', started='10:35:02')>
hehe
Name: Python
CPU%: 0.0
MEM%: 0.12989044189453125
<bound method Process.memory_info of psutil.Process(pid=24877, name='Python', status='running', started='10:35:02')>
hehe
Name: Python
CPU%: 0.0
MEM%: 0.12989044189453125
<bound method Process.memory_info of psutil.Process(pid=24877, name='Python', status='running', started='10:35:02')>
hehe
Name: Python
CPU%: 0.0
MEM%: 0.12989044189453125
<bound method Process.memory_info of psutil.Process(pid=24877, name='Python', status='running', started='10:35:02')>
hehe
Name: Python
CPU%: 0.0
MEM%: 0.12989044189453125
<bound method Process.memory_info of psutil.Process(pid=24877, name='Python', status='running', started='10:35:02')>
3001
hehe
Name: node
CPU%: 9.3
MEM%: 1.0576248168945312
<bound method Process.memory_info of psutil.Process(pid=24783, name='node', status='running', started='10:33:47')>
hehe
Name: node
CPU%: 23.3
MEM%: 0.9935379028320312
<bound method Process.memory_info of psutil.Process(pid=24783, name='node', status='running', started='10:33:47')>
hehe
Name: node
CPU%: 54.4
MEM%: 1.0392189025878906
<bound method Process.memory_info of psutil.Process(pid=24783, name='node', status='running', started='10:33:47')>
hehe
Name: node
CPU%: 31.9
MEM%: 1.0672569274902344
<bound method Process.memory_info of psutil.Process(pid=24783, name='node', status='running', started='10:33:47')>
hehe
Name: node
CPU%: 21.9
MEM%: 1.1136054992675781
<bound method Process.memory_info of psutil.Process(pid=24783, name='node', status='running', started='10:33:47')>
hehe
Name: node
CPU%: 22.1
MEM%: 1.1638641357421875
<bound method Process.memory_info of psutil.Process(pid=24783, name='node', status='running', started='10:33:47')>
hehe
Name: node
CPU%: 21.1
MEM%: 1.1503219604492188
<bound method Process.memory_info of psutil.Process(pid=24783, name='node', status='running', started='10:33:47')>
hehe
Name: node
CPU%: 17.0
MEM%: 1.1557579040527344
<bound method Process.memory_info of psutil.Process(pid=24783, name='node', status='running', started='10:33:47')>
hehe
Name: node
CPU%: 21.6
MEM%: 1.1643409729003906
<bound method Process.memory_info of psutil.Process(pid=24783, name='node', status='running', started='10:33:47')>
hehe
Name: node
CPU%: 22.8
MEM%: 1.1827468872070312
<bound method Process.memory_info of psutil.Process(pid=24783, name='node', status='running', started='10:33:47')>
hehe
Name: node
CPU%: 8.6
MEM%: 1.2065887451171875
<bound method Process.memory_info of psutil.Process(pid=24783, name='node', status='running', started='10:33:47')>
hehe
Name: node
CPU%: 21.0
MEM%: 1.1715888977050781
<bound method Process.memory_info of psutil.Process(pid=24783, name='node', status='running', started='10:33:47')>
hehe
Name: node
CPU%: 21.0
MEM%: 1.1715888977050781
<bound method Process.memory_info of psutil.Process(pid=24783, name='node', status='running', started='10:33:47')>
hehe
Name: node
CPU%: 7.8
MEM%: 1.1803627014160156
<bound method Process.memory_info of psutil.Process(pid=24783, name='node', status='running', started='10:33:47')>
hehe
Name: node
CPU%: 22.0
MEM%: 1.1957168579101562
<bound method Process.memory_info of psutil.Process(pid=24783, name='node', status='running', started='10:33:47')>
hehe
Name: node
CPU%: 18.6
MEM%: 1.2158393859863281
<bound method Process.memory_info of psutil.Process(pid=24783, name='node', status='running', started='10:33:47')>
hehe
Name: node
CPU%: 27.7
MEM%: 1.1964797973632812
<bound method Process.memory_info of psutil.Process(pid=24783, name='node', status='running', started='10:33:47')>
hehe
Name: node
CPU%: 21.3
MEM%: 1.1964797973632812
<bound method Process.memory_info of psutil.Process(pid=24783, name='node', status='running', started='10:33:47')>
hehe
Name: node
CPU%: 16.7
MEM%: 1.1964797973632812
<bound method Process.memory_info of psutil.Process(pid=24783, name='node', status='running', started='10:33:47')>
hehe
Name: node
CPU%: 18.9
MEM%: 1.1984825134277344
<bound method Process.memory_info of psutil.Process(pid=24783, name='node', status='running', started='10:33:47')>
hehe
Name: node
CPU%: 0.0
MEM%: 1.1921882629394531
<bound method Process.memory_info of psutil.Process(pid=24783, name='node', status='running', started='10:33:47')>
hehe
Name: node
CPU%: 0.0
MEM%: 1.1921882629394531
<bound method Process.memory_info of psutil.Process(pid=24783, name='node', status='running', started='10:33:47')>
hehe
Name: node
CPU%: 10.6
MEM%: 1.192474365234375
<bound method Process.memory_info of psutil.Process(pid=24783, name='node', status='running', started='10:33:47')>
hehe
Name: node
CPU%: 0.0
MEM%: 1.2005805969238281
<bound method Process.memory_info of psutil.Process(pid=24783, name='node', status='running', started='10:33:47')>
hehe
Name: node
CPU%: 0.0
MEM%: 1.2005805969238281
<bound method Process.memory_info of psutil.Process(pid=24783, name='node', status='running', started='10:33:47')>
hehe
Name: node
CPU%: 0.0
MEM%: 1.2004852294921875
<bound method Process.memory_info of psutil.Process(pid=24783, name='node', status='running', started='10:33:47')>
hehe
Name: node
CPU%: 0.0
MEM%: 1.1960029602050781
<bound method Process.memory_info of psutil.Process(pid=24783, name='node', status='running', started='10:33:47')>
hehe
Name: node
CPU%: 0.0
MEM%: 1.1830329895019531
<bound method Process.memory_info of psutil.Process(pid=24783, name='node', status='running', started='10:33:47')>
hehe
Name: node
CPU%: 0.0
MEM%: 1.1830329895019531
<bound method Process.memory_info of psutil.Process(pid=24783, name='node', status='running', started='10:33:47')>
hehe
Name: node
CPU%: 0.0
MEM%: 1.1862754821777344
<bound method Process.memory_info of psutil.Process(pid=24783, name='node', status='running', started='10:33:47')>
hehe
Name: node
CPU%: 0.0
MEM%: 1.1862754821777344
<bound method Process.memory_info of psutil.Process(pid=24783, name='node', status='running', started='10:33:47')>
3001
hehe
Name: node
CPU%: 34.7
MEM%: 1.3060569763183594
<bound method Process.memory_info of psutil.Process(pid=25166, name='node', status='running', started='10:42:11')>
hehe
Name: node
CPU%: 24.6
MEM%: 1.1394500732421875
<bound method Process.memory_info of psutil.Process(pid=25166, name='node', status='running', started='10:42:11')>
hehe
Name: node
CPU%: 19.7
MEM%: 1.2022972106933594
<bound method Process.memory_info of psutil.Process(pid=25166, name='node', status='running', started='10:42:11')>
hehe
Name: node
CPU%: 11.9
MEM%: 1.2469291687011719
<bound method Process.memory_info of psutil.Process(pid=25166, name='node', status='running', started='10:42:11')>
hehe
Name: node
CPU%: 48.8
MEM%: 1.2597084045410156
<bound method Process.memory_info of psutil.Process(pid=25166, name='node', status='running', started='10:42:11')>
hehe
Name: node
CPU%: 16.4
MEM%: 1.2935638427734375
<bound method Process.memory_info of psutil.Process(pid=25166, name='node', status='running', started='10:42:11')>
hehe
Name: node
CPU%: 11.0
MEM%: 1.3291358947753906
<bound method Process.memory_info of psutil.Process(pid=25166, name='node', status='running', started='10:42:11')>
hehe
Name: node
CPU%: 15.0
MEM%: 1.3413429260253906
<bound method Process.memory_info of psutil.Process(pid=25166, name='node', status='running', started='10:42:11')>
hehe
Name: node
CPU%: 14.1
MEM%: 1.3522148132324219
<bound method Process.memory_info of psutil.Process(pid=25166, name='node', status='running', started='10:42:11')>
hehe
Name: node
CPU%: 12.3
MEM%: 1.3347625732421875
<bound method Process.memory_info of psutil.Process(pid=25166, name='node', status='running', started='10:42:11')>
hehe
Name: node
CPU%: 14.9
MEM%: 1.3347625732421875
<bound method Process.memory_info of psutil.Process(pid=25166, name='node', status='running', started='10:42:11')>
hehe
Name: node
CPU%: 14.1
MEM%: 1.33514404296875
<bound method Process.memory_info of psutil.Process(pid=25166, name='node', status='running', started='10:42:11')>
hehe
Name: node
CPU%: 15.0
MEM%: 1.3516426086425781
<bound method Process.memory_info of psutil.Process(pid=25166, name='node', status='running', started='10:42:11')>
hehe
Name: node
CPU%: 13.6
MEM%: 1.35955810546875
<bound method Process.memory_info of psutil.Process(pid=25166, name='node', status='running', started='10:42:11')>
hehe
Name: node
CPU%: 14.3
MEM%: 1.3345718383789062
<bound method Process.memory_info of psutil.Process(pid=25166, name='node', status='running', started='10:42:11')>
hehe
Name: node
CPU%: 13.9
MEM%: 1.3355255126953125
<bound method Process.memory_info of psutil.Process(pid=25166, name='node', status='running', started='10:42:11')>
hehe
Name: node
CPU%: 14.9
MEM%: 1.3360023498535156
<bound method Process.memory_info of psutil.Process(pid=25166, name='node', status='running', started='10:42:11')>
hehe
Name: node
CPU%: 13.1
MEM%: 1.3490676879882812
<bound method Process.memory_info of psutil.Process(pid=25166, name='node', status='running', started='10:42:11')>
hehe
Name: node
CPU%: 13.9
MEM%: 1.3637542724609375
<bound method Process.memory_info of psutil.Process(pid=25166, name='node', status='running', started='10:42:11')>
hehe
Name: node
CPU%: 0.7
MEM%: 1.3427734375
<bound method Process.memory_info of psutil.Process(pid=25166, name='node', status='running', started='10:42:11')>
hehe
Name: node
CPU%: 0.0
MEM%: 1.3427734375
<bound method Process.memory_info of psutil.Process(pid=25166, name='node', status='running', started='10:42:11')>
hehe
Name: node
CPU%: 0.0
MEM%: 1.3427734375
<bound method Process.memory_info of psutil.Process(pid=25166, name='node', status='running', started='10:42:11')>
hehe
Name: node
CPU%: 0.0
MEM%: 1.3427734375
<bound method Process.memory_info of psutil.Process(pid=25166, name='node', status='running', started='10:42:11')>
hehe
Name: node
CPU%: 0.0
MEM%: 1.3427734375
<bound method Process.memory_info of psutil.Process(pid=25166, name='node', status='running', started='10:42:11')>
hehe
Name: node
CPU%: 0.0
MEM%: 1.3427734375
<bound method Process.memory_info of psutil.Process(pid=25166, name='node', status='running', started='10:42:11')>
hehe
Name: node
CPU%: 0.0
MEM%: 1.3427734375
<bound method Process.memory_info of psutil.Process(pid=25166, name='node', status='running', started='10:42:11')>
hehe
Name: node
CPU%: 0.0
MEM%: 1.3427734375
<bound method Process.memory_info of psutil.Process(pid=25166, name='node', status='running', started='10:42:11')>
hehe
Name: node
CPU%: 0.0
MEM%: 1.31683349609375
<bound method Process.memory_info of psutil.Process(pid=25166, name='node', status='running', started='10:42:11')>
hehe
Name: node
CPU%: 0.0
MEM%: 1.3165473937988281
<bound method Process.memory_info of psutil.Process(pid=25166, name='node', status='running', started='10:42:11')>
hehe
Name: node
CPU%: 0.0
MEM%: 1.3165473937988281
<bound method Process.memory_info of psutil.Process(pid=25166, name='node', status='running', started='10:42:11')>
hehe
Name: node
CPU%: 0.0
MEM%: 1.3165473937988281
<bound method Process.memory_info of psutil.Process(pid=25166, name='node', status='running', started='10:42:11')>
Traceback (most recent call last):
  File "/Users/viwang/Documents/imperial/projectg/setup/bench/bench.py", line 17, in <module>
    print(sys.argv[1])
IndexError: list index out of range
5000
Traceback (most recent call last):
  File "/Users/viwang/Documents/imperial/projectg/setup/bench/bench.py", line 36, in <module>
    start_time = time.time()
AttributeError: 'builtin_function_or_method' object has no attribute 'time'
5000
Traceback (most recent call last):
  File "/Users/viwang/Documents/imperial/projectg/setup/bench/bench.py", line 36, in <module>
    start_time = time.time()
AttributeError: 'builtin_function_or_method' object has no attribute 'time'
5000
Traceback (most recent call last):
  File "/Users/viwang/Documents/imperial/projectg/setup/bench/bench.py", line 36, in <module>
    start_time = time.time()
AttributeError: 'builtin_function_or_method' object has no attribute 'time'
5000
5000
5000
5000
5000
5000
5000
5000
5000
5000
5000
5000
5000
5000
5000
5000
5000
5000
5000
5000
Traceback (most recent call last):
  File "/Users/viwang/Library/Python/3.10/lib/python/site-packages/psutil/_common.py", line 443, in wrapper
    ret = self._cache[fun]
AttributeError: 'Process' object has no attribute '_cache'

During handling of the above exception, another exception occurred:

Traceback (most recent call last):
  File "/Users/viwang/Library/Python/3.10/lib/python/site-packages/psutil/_psosx.py", line 346, in wrapper
    return fun(self, *args, **kwargs)
  File "/Users/viwang/Library/Python/3.10/lib/python/site-packages/psutil/_common.py", line 446, in wrapper
    return fun(self)
  File "/Users/viwang/Library/Python/3.10/lib/python/site-packages/psutil/_psosx.py", line 381, in _get_pidtaskinfo
    ret = cext.proc_pidtaskinfo_oneshot(self.pid)
ProcessLookupError: [Errno 3] No such process (originated from proc_pidinfo())

During handling of the above exception, another exception occurred:

Traceback (most recent call last):
  File "/Users/viwang/Documents/imperial/projectg/setup/bench/bench.py", line 40, in <module>
    f.write(f"{p.cpu_percent(interval=0.1)},{p.memory_percent()}\n")
  File "/Users/viwang/Library/Python/3.10/lib/python/site-packages/psutil/__init__.py", line 994, in cpu_percent
    pt2 = self._proc.cpu_times()
  File "/Users/viwang/Library/Python/3.10/lib/python/site-packages/psutil/_psosx.py", line 346, in wrapper
    return fun(self, *args, **kwargs)
  File "/Users/viwang/Library/Python/3.10/lib/python/site-packages/psutil/_psosx.py", line 462, in cpu_times
    rawtuple = self._get_pidtaskinfo()
  File "/Users/viwang/Library/Python/3.10/lib/python/site-packages/psutil/_psosx.py", line 351, in wrapper
    raise NoSuchProcess(self.pid, self._name)
psutil.NoSuchProcess: process no longer exists (pid=40277)
5000
5000
5000
5000
5000
5000
5000
5000
5000
5000
5000
5000
5000
5000
5000
5000
5000
5000
5000
5000
Traceback (most recent call last):
  File "/Users/viwang/Library/Python/3.10/lib/python/site-packages/psutil/_common.py", line 443, in wrapper
    ret = self._cache[fun]
AttributeError: 'Process' object has no attribute '_cache'

During handling of the above exception, another exception occurred:

Traceback (most recent call last):
  File "/Users/viwang/Library/Python/3.10/lib/python/site-packages/psutil/_psosx.py", line 346, in wrapper
    return fun(self, *args, **kwargs)
  File "/Users/viwang/Library/Python/3.10/lib/python/site-packages/psutil/_common.py", line 446, in wrapper
    return fun(self)
  File "/Users/viwang/Library/Python/3.10/lib/python/site-packages/psutil/_psosx.py", line 381, in _get_pidtaskinfo
    ret = cext.proc_pidtaskinfo_oneshot(self.pid)
ProcessLookupError: [Errno 3] No such process (originated from proc_pidinfo())

During handling of the above exception, another exception occurred:

Traceback (most recent call last):
  File "/Users/viwang/Documents/imperial/projectg/setup/bench/bench.py", line 40, in <module>
    f.write(f"{p.cpu_percent(interval=0.1)},{p.memory_percent()}\n")
  File "/Users/viwang/Library/Python/3.10/lib/python/site-packages/psutil/__init__.py", line 991, in cpu_percent
    pt1 = self._proc.cpu_times()
  File "/Users/viwang/Library/Python/3.10/lib/python/site-packages/psutil/_psosx.py", line 346, in wrapper
    return fun(self, *args, **kwargs)
  File "/Users/viwang/Library/Python/3.10/lib/python/site-packages/psutil/_psosx.py", line 462, in cpu_times
    rawtuple = self._get_pidtaskinfo()
  File "/Users/viwang/Library/Python/3.10/lib/python/site-packages/psutil/_psosx.py", line 351, in wrapper
    raise NoSuchProcess(self.pid, self._name)
psutil.NoSuchProcess: process no longer exists (pid=41817)
5000
5000
Traceback (most recent call last):
  File "/Users/viwang/Library/Python/3.10/lib/python/site-packages/psutil/_common.py", line 443, in wrapper
    ret = self._cache[fun]
AttributeError: 'Process' object has no attribute '_cache'

During handling of the above exception, another exception occurred:

Traceback (most recent call last):
  File "/Users/viwang/Library/Python/3.10/lib/python/site-packages/psutil/_psosx.py", line 346, in wrapper
    return fun(self, *args, **kwargs)
  File "/Users/viwang/Library/Python/3.10/lib/python/site-packages/psutil/_common.py", line 446, in wrapper
    return fun(self)
  File "/Users/viwang/Library/Python/3.10/lib/python/site-packages/psutil/_psosx.py", line 381, in _get_pidtaskinfo
    ret = cext.proc_pidtaskinfo_oneshot(self.pid)
ProcessLookupError: [Errno 3] No such process (originated from proc_pidinfo())

During handling of the above exception, another exception occurred:

Traceback (most recent call last):
  File "/Users/viwang/Documents/imperial/projectg/setup/bench/bench.py", line 40, in <module>
    f.write(f"{p.cpu_percent(interval=0.1)},{p.memory_percent()}\n")
  File "/Users/viwang/Library/Python/3.10/lib/python/site-packages/psutil/__init__.py", line 991, in cpu_percent
    pt1 = self._proc.cpu_times()
  File "/Users/viwang/Library/Python/3.10/lib/python/site-packages/psutil/_psosx.py", line 346, in wrapper
    return fun(self, *args, **kwargs)
  File "/Users/viwang/Library/Python/3.10/lib/python/site-packages/psutil/_psosx.py", line 462, in cpu_times
    rawtuple = self._get_pidtaskinfo()
  File "/Users/viwang/Library/Python/3.10/lib/python/site-packages/psutil/_psosx.py", line 351, in wrapper
    raise NoSuchProcess(self.pid, self._name)
psutil.NoSuchProcess: process no longer exists (pid=41930)
5000
5000
5000
5000
Traceback (most recent call last):
  File "/Users/viwang/Library/Python/3.10/lib/python/site-packages/psutil/_common.py", line 443, in wrapper
    ret = self._cache[fun]
AttributeError: 'Process' object has no attribute '_cache'

During handling of the above exception, another exception occurred:

Traceback (most recent call last):
  File "/Users/viwang/Library/Python/3.10/lib/python/site-packages/psutil/_psosx.py", line 346, in wrapper
    return fun(self, *args, **kwargs)
  File "/Users/viwang/Library/Python/3.10/lib/python/site-packages/psutil/_common.py", line 446, in wrapper
    return fun(self)
  File "/Users/viwang/Library/Python/3.10/lib/python/site-packages/psutil/_psosx.py", line 381, in _get_pidtaskinfo
    ret = cext.proc_pidtaskinfo_oneshot(self.pid)
ProcessLookupError: [Errno 3] No such process (originated from proc_pidinfo())

During handling of the above exception, another exception occurred:

Traceback (most recent call last):
  File "/Users/viwang/Documents/imperial/projectg/setup/bench/bench.py", line 40, in <module>
    f.write(f"{p.cpu_percent(interval=0.1)},{p.memory_percent()}\n")
  File "/Users/viwang/Library/Python/3.10/lib/python/site-packages/psutil/__init__.py", line 991, in cpu_percent
    pt1 = self._proc.cpu_times()
  File "/Users/viwang/Library/Python/3.10/lib/python/site-packages/psutil/_psosx.py", line 346, in wrapper
    return fun(self, *args, **kwargs)
  File "/Users/viwang/Library/Python/3.10/lib/python/site-packages/psutil/_psosx.py", line 462, in cpu_times
    rawtuple = self._get_pidtaskinfo()
  File "/Users/viwang/Library/Python/3.10/lib/python/site-packages/psutil/_psosx.py", line 351, in wrapper
    raise NoSuchProcess(self.pid, self._name)
psutil.NoSuchProcess: process no longer exists (pid=42184)
5000
Traceback (most recent call last):
  File "/Users/viwang/Library/Python/3.10/lib/python/site-packages/psutil/_common.py", line 443, in wrapper
    ret = self._cache[fun]
AttributeError: 'Process' object has no attribute '_cache'

During handling of the above exception, another exception occurred:

Traceback (most recent call last):
  File "/Users/viwang/Library/Python/3.10/lib/python/site-packages/psutil/_psosx.py", line 346, in wrapper
    return fun(self, *args, **kwargs)
  File "/Users/viwang/Library/Python/3.10/lib/python/site-packages/psutil/_common.py", line 446, in wrapper
    return fun(self)
  File "/Users/viwang/Library/Python/3.10/lib/python/site-packages/psutil/_psosx.py", line 381, in _get_pidtaskinfo
    ret = cext.proc_pidtaskinfo_oneshot(self.pid)
ProcessLookupError: [Errno 3] No such process (originated from proc_pidinfo())

During handling of the above exception, another exception occurred:

Traceback (most recent call last):
  File "/Users/viwang/Documents/imperial/projectg/setup/bench/bench.py", line 40, in <module>
    f.write(f"{p.cpu_percent(interval=0.1)},{p.memory_percent()}\n")
  File "/Users/viwang/Library/Python/3.10/lib/python/site-packages/psutil/__init__.py", line 991, in cpu_percent
    pt1 = self._proc.cpu_times()
  File "/Users/viwang/Library/Python/3.10/lib/python/site-packages/psutil/_psosx.py", line 346, in wrapper
    return fun(self, *args, **kwargs)
  File "/Users/viwang/Library/Python/3.10/lib/python/site-packages/psutil/_psosx.py", line 462, in cpu_times
    rawtuple = self._get_pidtaskinfo()
  File "/Users/viwang/Library/Python/3.10/lib/python/site-packages/psutil/_psosx.py", line 351, in wrapper
    raise NoSuchProcess(self.pid, self._name)
psutil.NoSuchProcess: process no longer exists (pid=42227)
5000
Traceback (most recent call last):
  File "/Users/viwang/Library/Python/3.10/lib/python/site-packages/psutil/_common.py", line 443, in wrapper
    ret = self._cache[fun]
AttributeError: 'Process' object has no attribute '_cache'

During handling of the above exception, another exception occurred:

Traceback (most recent call last):
  File "/Users/viwang/Library/Python/3.10/lib/python/site-packages/psutil/_psosx.py", line 346, in wrapper
    return fun(self, *args, **kwargs)
  File "/Users/viwang/Library/Python/3.10/lib/python/site-packages/psutil/_common.py", line 446, in wrapper
    return fun(self)
  File "/Users/viwang/Library/Python/3.10/lib/python/site-packages/psutil/_psosx.py", line 381, in _get_pidtaskinfo
    ret = cext.proc_pidtaskinfo_oneshot(self.pid)
ProcessLookupError: [Errno 3] No such process (originated from proc_pidinfo())

During handling of the above exception, another exception occurred:

Traceback (most recent call last):
  File "/Users/viwang/Documents/imperial/projectg/setup/bench/bench.py", line 40, in <module>
    f.write(f"{p.cpu_percent(interval=0.1)},{p.memory_percent()}\n")
  File "/Users/viwang/Library/Python/3.10/lib/python/site-packages/psutil/__init__.py", line 991, in cpu_percent
    pt1 = self._proc.cpu_times()
  File "/Users/viwang/Library/Python/3.10/lib/python/site-packages/psutil/_psosx.py", line 346, in wrapper
    return fun(self, *args, **kwargs)
  File "/Users/viwang/Library/Python/3.10/lib/python/site-packages/psutil/_psosx.py", line 462, in cpu_times
    rawtuple = self._get_pidtaskinfo()
  File "/Users/viwang/Library/Python/3.10/lib/python/site-packages/psutil/_psosx.py", line 351, in wrapper
    raise NoSuchProcess(self.pid, self._name)
psutil.NoSuchProcess: process no longer exists (pid=42284)
5000
5000
5000
5000
Traceback (most recent call last):
  File "/Users/viwang/Documents/imperial/projectg/setup/bench/bench.py", line 29, in <module>
    filtered = list(filter(lambda x: x != "", stdout_lines[1].split(" ")))
IndexError: list index out of range
5000
5000
5000
5000
5000
3001
3001
3001
3001
3001
3001
3001
3001
3001
3001
3001
3001
3001
Traceback (most recent call last):
  File "/Users/viwang/Library/Python/3.10/lib/python/site-packages/psutil/_common.py", line 443, in wrapper
    ret = self._cache[fun]
AttributeError: 'Process' object has no attribute '_cache'

During handling of the above exception, another exception occurred:

Traceback (most recent call last):
  File "/Users/viwang/Library/Python/3.10/lib/python/site-packages/psutil/_psosx.py", line 346, in wrapper
    return fun(self, *args, **kwargs)
  File "/Users/viwang/Library/Python/3.10/lib/python/site-packages/psutil/_common.py", line 446, in wrapper
    return fun(self)
  File "/Users/viwang/Library/Python/3.10/lib/python/site-packages/psutil/_psosx.py", line 381, in _get_pidtaskinfo
    ret = cext.proc_pidtaskinfo_oneshot(self.pid)
ProcessLookupError: [Errno 3] No such process (originated from proc_pidinfo())

During handling of the above exception, another exception occurred:

Traceback (most recent call last):
  File "/Users/viwang/Documents/imperial/projectg/setup/bench/bench.py", line 40, in <module>
    f.write(f"{p.cpu_percent(interval=0.1)},{p.memory_percent()}\n")
  File "/Users/viwang/Library/Python/3.10/lib/python/site-packages/psutil/__init__.py", line 991, in cpu_percent
    pt1 = self._proc.cpu_times()
  File "/Users/viwang/Library/Python/3.10/lib/python/site-packages/psutil/_psosx.py", line 346, in wrapper
    return fun(self, *args, **kwargs)
  File "/Users/viwang/Library/Python/3.10/lib/python/site-packages/psutil/_psosx.py", line 462, in cpu_times
    rawtuple = self._get_pidtaskinfo()
  File "/Users/viwang/Library/Python/3.10/lib/python/site-packages/psutil/_psosx.py", line 351, in wrapper
    raise NoSuchProcess(self.pid, self._name)
psutil.NoSuchProcess: process no longer exists (pid=43687)
3001
Traceback (most recent call last):
  File "/Users/viwang/Library/Python/3.10/lib/python/site-packages/psutil/_common.py", line 443, in wrapper
    ret = self._cache[fun]
AttributeError: 'Process' object has no attribute '_cache'

During handling of the above exception, another exception occurred:

Traceback (most recent call last):
  File "/Users/viwang/Library/Python/3.10/lib/python/site-packages/psutil/_psosx.py", line 346, in wrapper
    return fun(self, *args, **kwargs)
  File "/Users/viwang/Library/Python/3.10/lib/python/site-packages/psutil/_common.py", line 446, in wrapper
    return fun(self)
  File "/Users/viwang/Library/Python/3.10/lib/python/site-packages/psutil/_psosx.py", line 381, in _get_pidtaskinfo
    ret = cext.proc_pidtaskinfo_oneshot(self.pid)
ProcessLookupError: [Errno 3] No such process (originated from proc_pidinfo())

During handling of the above exception, another exception occurred:

Traceback (most recent call last):
  File "/Users/viwang/Documents/imperial/projectg/setup/bench/bench.py", line 40, in <module>
    f.write(f"{p.cpu_percent(interval=0.1)},{p.memory_percent()}\n")
  File "/Users/viwang/Library/Python/3.10/lib/python/site-packages/psutil/__init__.py", line 991, in cpu_percent
    pt1 = self._proc.cpu_times()
  File "/Users/viwang/Library/Python/3.10/lib/python/site-packages/psutil/_psosx.py", line 346, in wrapper
    return fun(self, *args, **kwargs)
  File "/Users/viwang/Library/Python/3.10/lib/python/site-packages/psutil/_psosx.py", line 462, in cpu_times
    rawtuple = self._get_pidtaskinfo()
  File "/Users/viwang/Library/Python/3.10/lib/python/site-packages/psutil/_psosx.py", line 351, in wrapper
    raise NoSuchProcess(self.pid, self._name)
psutil.NoSuchProcess: process no longer exists (pid=43776)
3001
Traceback (most recent call last):
  File "/Users/viwang/Documents/imperial/projectg/setup/bench/bench.py", line 29, in <module>
    filtered = list(filter(lambda x: x != "", stdout_lines[1].split(" ")))
IndexError: list index out of range
3001
3001
3001
3001
3001
3001
3001
3001
3001
3001
3001
3001
3001
3001
3001
3001
3001
3001
3001
3001
3001
3001
3001
3001
3001
3001
3001
3001
3001
3001
3001
3001
3001
3001
3001
3001
3001
3001
3001
3001
3001
3001
3001
3001
3001
3001
3001
3001
3001
3001
3001
3001
3001
3001
3001
3001
3001
3001
3001
3001
3001
3001
3001
3001
3001
3001
3001
3001
3001
3001
3001
3001
3001
3001
3001
Traceback (most recent call last):
  File "/Users/viwang/Library/Python/3.10/lib/python/site-packages/psutil/_common.py", line 443, in wrapper
    ret = self._cache[fun]
AttributeError: 'Process' object has no attribute '_cache'

During handling of the above exception, another exception occurred:

Traceback (most recent call last):
  File "/Users/viwang/Library/Python/3.10/lib/python/site-packages/psutil/_psosx.py", line 346, in wrapper
    return fun(self, *args, **kwargs)
  File "/Users/viwang/Library/Python/3.10/lib/python/site-packages/psutil/_common.py", line 446, in wrapper
    return fun(self)
  File "/Users/viwang/Library/Python/3.10/lib/python/site-packages/psutil/_psosx.py", line 381, in _get_pidtaskinfo
    ret = cext.proc_pidtaskinfo_oneshot(self.pid)
ProcessLookupError: [Errno 3] No such process (originated from proc_pidinfo())

During handling of the above exception, another exception occurred:

Traceback (most recent call last):
  File "/Users/viwang/Documents/imperial/projectg/setup/bench/bench.py", line 40, in <module>
    f.write(f"{p.cpu_percent(interval=0.1)},{p.memory_percent()}\n")
  File "/Users/viwang/Library/Python/3.10/lib/python/site-packages/psutil/__init__.py", line 994, in cpu_percent
    pt2 = self._proc.cpu_times()
  File "/Users/viwang/Library/Python/3.10/lib/python/site-packages/psutil/_psosx.py", line 346, in wrapper
    return fun(self, *args, **kwargs)
  File "/Users/viwang/Library/Python/3.10/lib/python/site-packages/psutil/_psosx.py", line 462, in cpu_times
    rawtuple = self._get_pidtaskinfo()
  File "/Users/viwang/Library/Python/3.10/lib/python/site-packages/psutil/_psosx.py", line 351, in wrapper
    raise NoSuchProcess(self.pid, self._name)
psutil.NoSuchProcess: process no longer exists (pid=48614)
3001
3001
Traceback (most recent call last):
  File "/Users/viwang/Library/Python/3.10/lib/python/site-packages/psutil/_common.py", line 443, in wrapper
    ret = self._cache[fun]
AttributeError: 'Process' object has no attribute '_cache'

During handling of the above exception, another exception occurred:

Traceback (most recent call last):
  File "/Users/viwang/Library/Python/3.10/lib/python/site-packages/psutil/_psosx.py", line 346, in wrapper
    return fun(self, *args, **kwargs)
  File "/Users/viwang/Library/Python/3.10/lib/python/site-packages/psutil/_common.py", line 446, in wrapper
    return fun(self)
  File "/Users/viwang/Library/Python/3.10/lib/python/site-packages/psutil/_psosx.py", line 381, in _get_pidtaskinfo
    ret = cext.proc_pidtaskinfo_oneshot(self.pid)
ProcessLookupError: [Errno 3] No such process (originated from proc_pidinfo())

During handling of the above exception, another exception occurred:

Traceback (most recent call last):
  File "/Users/viwang/Documents/imperial/projectg/setup/bench/bench.py", line 40, in <module>
    f.write(f"{p.cpu_percent(interval=0.1)},{p.memory_percent()}\n")
  File "/Users/viwang/Library/Python/3.10/lib/python/site-packages/psutil/__init__.py", line 994, in cpu_percent
    pt2 = self._proc.cpu_times()
  File "/Users/viwang/Library/Python/3.10/lib/python/site-packages/psutil/_psosx.py", line 346, in wrapper
    return fun(self, *args, **kwargs)
  File "/Users/viwang/Library/Python/3.10/lib/python/site-packages/psutil/_psosx.py", line 462, in cpu_times
    rawtuple = self._get_pidtaskinfo()
  File "/Users/viwang/Library/Python/3.10/lib/python/site-packages/psutil/_psosx.py", line 351, in wrapper
    raise NoSuchProcess(self.pid, self._name)
psutil.NoSuchProcess: process no longer exists (pid=48850)
3001
3001
3001
3001
3001
3001
3001
3001
3001
3001
3001
3001
3001
3001
3001
3001
3001
3001
3001
5000
5000
5000
5000
5000
5000
5000
5000
5000
5000
5000
5000
5000
5000
5000
5000
5000
5000
5000
5000
5000
5000
5000
5000
